{"/home/deck/Documents/Grimoire/steam_deck_dub_edition/src/accessibility.js": {"path":"/home/deck/Documents/Grimoire/steam_deck_dub_edition/src/accessibility.js","statementMap":{"0":{"start":{"line":34,"column":4},"end":{"line":40,"column":6}},"1":{"start":{"line":47,"column":4},"end":{"line":47,"column":29}},"2":{"start":{"line":64,"column":4},"end":{"line":64,"column":33}},"3":{"start":{"line":64,"column":26},"end":{"line":64,"column":33}},"4":{"start":{"line":66,"column":4},"end":{"line":80,"column":5}},"5":{"start":{"line":68,"column":6},"end":{"line":68,"column":29}},"6":{"start":{"line":71,"column":6},"end":{"line":71,"column":30}},"7":{"start":{"line":74,"column":6},"end":{"line":74,"column":33}},"8":{"start":{"line":76,"column":6},"end":{"line":76,"column":30}},"9":{"start":{"line":77,"column":6},"end":{"line":77,"column":55}},"10":{"start":{"line":79,"column":6},"end":{"line":79,"column":72}},"11":{"start":{"line":91,"column":4},"end":{"line":99,"column":5}},"12":{"start":{"line":92,"column":25},"end":{"line":92,"column":73}},"13":{"start":{"line":93,"column":6},"end":{"line":96,"column":7}},"14":{"start":{"line":94,"column":8},"end":{"line":94,"column":78}},"15":{"start":{"line":95,"column":8},"end":{"line":95,"column":75}},"16":{"start":{"line":98,"column":6},"end":{"line":98,"column":71}},"17":{"start":{"line":110,"column":4},"end":{"line":115,"column":5}},"18":{"start":{"line":111,"column":6},"end":{"line":111,"column":89}},"19":{"start":{"line":112,"column":6},"end":{"line":112,"column":72}},"20":{"start":{"line":114,"column":6},"end":{"line":114,"column":70}},"21":{"start":{"line":123,"column":4},"end":{"line":123,"column":48}},"22":{"start":{"line":126,"column":4},"end":{"line":126,"column":56}},"23":{"start":{"line":129,"column":4},"end":{"line":129,"column":56}},"24":{"start":{"line":132,"column":4},"end":{"line":132,"column":54}},"25":{"start":{"line":135,"column":4},"end":{"line":135,"column":56}},"26":{"start":{"line":138,"column":4},"end":{"line":140,"column":8}},"27":{"start":{"line":148,"column":4},"end":{"line":153,"column":7}},"28":{"start":{"line":149,"column":27},"end":{"line":149,"column":39}},"29":{"start":{"line":150,"column":6},"end":{"line":150,"column":33}},"30":{"start":{"line":151,"column":6},"end":{"line":151,"column":43}},"31":{"start":{"line":152,"column":6},"end":{"line":152,"column":29}},"32":{"start":{"line":156,"column":4},"end":{"line":161,"column":7}},"33":{"start":{"line":157,"column":26},"end":{"line":157,"column":38}},"34":{"start":{"line":158,"column":6},"end":{"line":158,"column":36}},"35":{"start":{"line":159,"column":6},"end":{"line":159,"column":46}},"36":{"start":{"line":160,"column":6},"end":{"line":160,"column":29}},"37":{"start":{"line":164,"column":4},"end":{"line":169,"column":7}},"38":{"start":{"line":165,"column":26},"end":{"line":165,"column":38}},"39":{"start":{"line":166,"column":6},"end":{"line":166,"column":36}},"40":{"start":{"line":167,"column":6},"end":{"line":167,"column":46}},"41":{"start":{"line":168,"column":6},"end":{"line":168,"column":29}},"42":{"start":{"line":172,"column":4},"end":{"line":177,"column":7}},"43":{"start":{"line":173,"column":26},"end":{"line":173,"column":38}},"44":{"start":{"line":174,"column":6},"end":{"line":174,"column":35}},"45":{"start":{"line":175,"column":6},"end":{"line":175,"column":45}},"46":{"start":{"line":176,"column":6},"end":{"line":176,"column":29}},"47":{"start":{"line":180,"column":4},"end":{"line":185,"column":7}},"48":{"start":{"line":181,"column":26},"end":{"line":181,"column":38}},"49":{"start":{"line":182,"column":6},"end":{"line":182,"column":36}},"50":{"start":{"line":183,"column":6},"end":{"line":183,"column":46}},"51":{"start":{"line":184,"column":6},"end":{"line":184,"column":29}},"52":{"start":{"line":194,"column":4},"end":{"line":194,"column":104}},"53":{"start":{"line":197,"column":4},"end":{"line":197,"column":59}},"54":{"start":{"line":198,"column":4},"end":{"line":198,"column":44}},"55":{"start":{"line":206,"column":4},"end":{"line":210,"column":5}},"56":{"start":{"line":207,"column":6},"end":{"line":207,"column":62}},"57":{"start":{"line":209,"column":6},"end":{"line":209,"column":65}},"58":{"start":{"line":211,"column":4},"end":{"line":211,"column":69}},"59":{"start":{"line":219,"column":4},"end":{"line":223,"column":5}},"60":{"start":{"line":220,"column":6},"end":{"line":220,"column":62}},"61":{"start":{"line":222,"column":6},"end":{"line":222,"column":65}},"62":{"start":{"line":224,"column":4},"end":{"line":224,"column":69}},"63":{"start":{"line":233,"column":4},"end":{"line":233,"column":112}},"64":{"start":{"line":236,"column":4},"end":{"line":236,"column":70}},"65":{"start":{"line":237,"column":4},"end":{"line":237,"column":50}},"66":{"start":{"line":245,"column":4},"end":{"line":251,"column":5}},"67":{"start":{"line":246,"column":6},"end":{"line":246,"column":62}},"68":{"start":{"line":247,"column":6},"end":{"line":247,"column":32}},"69":{"start":{"line":249,"column":6},"end":{"line":249,"column":65}},"70":{"start":{"line":250,"column":6},"end":{"line":250,"column":32}},"71":{"start":{"line":252,"column":4},"end":{"line":252,"column":69}},"72":{"start":{"line":260,"column":4},"end":{"line":260,"column":30}},"73":{"start":{"line":263,"column":18},"end":{"line":263,"column":47}},"74":{"start":{"line":264,"column":4},"end":{"line":264,"column":39}},"75":{"start":{"line":265,"column":4},"end":{"line":265,"column":46}},"76":{"start":{"line":266,"column":4},"end":{"line":266,"column":37}},"77":{"start":{"line":269,"column":4},"end":{"line":269,"column":66}},"78":{"start":{"line":276,"column":21},"end":{"line":281,"column":3}},"79":{"start":{"line":277,"column":18},"end":{"line":277,"column":66}},"80":{"start":{"line":278,"column":4},"end":{"line":280,"column":5}},"81":{"start":{"line":279,"column":6},"end":{"line":279,"column":45}},"82":{"start":{"line":287,"column":18},"end":{"line":287,"column":66}},"83":{"start":{"line":288,"column":4},"end":{"line":291,"column":5}},"84":{"start":{"line":289,"column":6},"end":{"line":289,"column":21}},"85":{"start":{"line":290,"column":6},"end":{"line":290,"column":71}},"86":{"start":{"line":299,"column":4},"end":{"line":299,"column":35}},"87":{"start":{"line":306,"column":4},"end":{"line":312,"column":6}},"88":{"start":{"line":314,"column":4},"end":{"line":314,"column":28}},"89":{"start":{"line":315,"column":4},"end":{"line":315,"column":27}},"90":{"start":{"line":316,"column":4},"end":{"line":316,"column":63}},"91":{"start":{"line":321,"column":29},"end":{"line":321,"column":55}}},"fnMap":{"0":{"name":"(anonymous_0)","decl":{"start":{"line":24,"column":2},"end":{"line":24,"column":3}},"loc":{"start":{"line":24,"column":16},"end":{"line":48,"column":3}},"line":24},"1":{"name":"(anonymous_1)","decl":{"start":{"line":63,"column":2},"end":{"line":63,"column":3}},"loc":{"start":{"line":63,"column":21},"end":{"line":81,"column":3}},"line":63},"2":{"name":"(anonymous_2)","decl":{"start":{"line":90,"column":2},"end":{"line":90,"column":3}},"loc":{"start":{"line":90,"column":20},"end":{"line":100,"column":3}},"line":90},"3":{"name":"(anonymous_3)","decl":{"start":{"line":109,"column":2},"end":{"line":109,"column":3}},"loc":{"start":{"line":109,"column":20},"end":{"line":116,"column":3}},"line":109},"4":{"name":"(anonymous_4)","decl":{"start":{"line":121,"column":2},"end":{"line":121,"column":3}},"loc":{"start":{"line":121,"column":21},"end":{"line":141,"column":3}},"line":121},"5":{"name":"(anonymous_5)","decl":{"start":{"line":146,"column":2},"end":{"line":146,"column":3}},"loc":{"start":{"line":146,"column":24},"end":{"line":186,"column":3}},"line":146},"6":{"name":"(anonymous_6)","decl":{"start":{"line":148,"column":51},"end":{"line":148,"column":52}},"loc":{"start":{"line":148,"column":62},"end":{"line":153,"column":5}},"line":148},"7":{"name":"(anonymous_7)","decl":{"start":{"line":156,"column":55},"end":{"line":156,"column":56}},"loc":{"start":{"line":156,"column":66},"end":{"line":161,"column":5}},"line":156},"8":{"name":"(anonymous_8)","decl":{"start":{"line":164,"column":55},"end":{"line":164,"column":56}},"loc":{"start":{"line":164,"column":66},"end":{"line":169,"column":5}},"line":164},"9":{"name":"(anonymous_9)","decl":{"start":{"line":172,"column":54},"end":{"line":172,"column":55}},"loc":{"start":{"line":172,"column":65},"end":{"line":177,"column":5}},"line":172},"10":{"name":"(anonymous_10)","decl":{"start":{"line":180,"column":55},"end":{"line":180,"column":56}},"loc":{"start":{"line":180,"column":66},"end":{"line":185,"column":5}},"line":180},"11":{"name":"(anonymous_11)","decl":{"start":{"line":192,"column":2},"end":{"line":192,"column":3}},"loc":{"start":{"line":192,"column":20},"end":{"line":199,"column":3}},"line":192},"12":{"name":"(anonymous_12)","decl":{"start":{"line":205,"column":2},"end":{"line":205,"column":3}},"loc":{"start":{"line":205,"column":27},"end":{"line":212,"column":3}},"line":205},"13":{"name":"(anonymous_13)","decl":{"start":{"line":218,"column":2},"end":{"line":218,"column":3}},"loc":{"start":{"line":218,"column":27},"end":{"line":225,"column":3}},"line":218},"14":{"name":"(anonymous_14)","decl":{"start":{"line":231,"column":2},"end":{"line":231,"column":3}},"loc":{"start":{"line":231,"column":26},"end":{"line":238,"column":3}},"line":231},"15":{"name":"(anonymous_15)","decl":{"start":{"line":244,"column":2},"end":{"line":244,"column":3}},"loc":{"start":{"line":244,"column":27},"end":{"line":253,"column":3}},"line":244},"16":{"name":"(anonymous_16)","decl":{"start":{"line":258,"column":2},"end":{"line":258,"column":3}},"loc":{"start":{"line":258,"column":23},"end":{"line":270,"column":3}},"line":258},"17":{"name":"(anonymous_17)","decl":{"start":{"line":276,"column":21},"end":{"line":276,"column":22}},"loc":{"start":{"line":276,"column":32},"end":{"line":281,"column":3}},"line":276},"18":{"name":"(anonymous_18)","decl":{"start":{"line":286,"column":2},"end":{"line":286,"column":3}},"loc":{"start":{"line":286,"column":23},"end":{"line":292,"column":3}},"line":286},"19":{"name":"(anonymous_19)","decl":{"start":{"line":298,"column":2},"end":{"line":298,"column":3}},"loc":{"start":{"line":298,"column":19},"end":{"line":300,"column":3}},"line":298},"20":{"name":"(anonymous_20)","decl":{"start":{"line":305,"column":2},"end":{"line":305,"column":3}},"loc":{"start":{"line":305,"column":20},"end":{"line":317,"column":3}},"line":305}},"branchMap":{"0":{"loc":{"start":{"line":64,"column":4},"end":{"line":64,"column":33}},"type":"if","locations":[{"start":{"line":64,"column":4},"end":{"line":64,"column":33}},{"start":{},"end":{}}],"line":64},"1":{"loc":{"start":{"line":93,"column":6},"end":{"line":96,"column":7}},"type":"if","locations":[{"start":{"line":93,"column":6},"end":{"line":96,"column":7}},{"start":{},"end":{}}],"line":93},"2":{"loc":{"start":{"line":206,"column":4},"end":{"line":210,"column":5}},"type":"if","locations":[{"start":{"line":206,"column":4},"end":{"line":210,"column":5}},{"start":{"line":208,"column":11},"end":{"line":210,"column":5}}],"line":206},"3":{"loc":{"start":{"line":211,"column":33},"end":{"line":211,"column":65}},"type":"cond-expr","locations":[{"start":{"line":211,"column":43},"end":{"line":211,"column":52}},{"start":{"line":211,"column":55},"end":{"line":211,"column":65}}],"line":211},"4":{"loc":{"start":{"line":219,"column":4},"end":{"line":223,"column":5}},"type":"if","locations":[{"start":{"line":219,"column":4},"end":{"line":223,"column":5}},{"start":{"line":221,"column":11},"end":{"line":223,"column":5}}],"line":219},"5":{"loc":{"start":{"line":224,"column":33},"end":{"line":224,"column":65}},"type":"cond-expr","locations":[{"start":{"line":224,"column":43},"end":{"line":224,"column":52}},{"start":{"line":224,"column":55},"end":{"line":224,"column":65}}],"line":224},"6":{"loc":{"start":{"line":245,"column":4},"end":{"line":251,"column":5}},"type":"if","locations":[{"start":{"line":245,"column":4},"end":{"line":251,"column":5}},{"start":{"line":248,"column":11},"end":{"line":251,"column":5}}],"line":245},"7":{"loc":{"start":{"line":252,"column":33},"end":{"line":252,"column":65}},"type":"cond-expr","locations":[{"start":{"line":252,"column":43},"end":{"line":252,"column":52}},{"start":{"line":252,"column":55},"end":{"line":252,"column":65}}],"line":252},"8":{"loc":{"start":{"line":278,"column":4},"end":{"line":280,"column":5}},"type":"if","locations":[{"start":{"line":278,"column":4},"end":{"line":280,"column":5}},{"start":{},"end":{}}],"line":278},"9":{"loc":{"start":{"line":288,"column":4},"end":{"line":291,"column":5}},"type":"if","locations":[{"start":{"line":288,"column":4},"end":{"line":291,"column":5}},{"start":{},"end":{}}],"line":288}},"s":{"0":0,"1":0,"2":0,"3":0,"4":0,"5":0,"6":0,"7":0,"8":0,"9":0,"10":0,"11":0,"12":0,"13":0,"14":0,"15":0,"16":0,"17":0,"18":0,"19":0,"20":0,"21":0,"22":0,"23":0,"24":0,"25":0,"26":0,"27":0,"28":0,"29":0,"30":0,"31":0,"32":0,"33":0,"34":0,"35":0,"36":0,"37":0,"38":0,"39":0,"40":0,"41":0,"42":0,"43":0,"44":0,"45":0,"46":0,"47":0,"48":0,"49":0,"50":0,"51":0,"52":0,"53":0,"54":0,"55":0,"56":0,"57":0,"58":0,"59":0,"60":0,"61":0,"62":0,"63":0,"64":0,"65":0,"66":0,"67":0,"68":0,"69":0,"70":0,"71":0,"72":0,"73":0,"74":0,"75":0,"76":0,"77":0,"78":0,"79":0,"80":0,"81":0,"82":0,"83":0,"84":0,"85":0,"86":0,"87":0,"88":0,"89":0,"90":0,"91":0},"f":{"0":0,"1":0,"2":0,"3":0,"4":0,"5":0,"6":0,"7":0,"8":0,"9":0,"10":0,"11":0,"12":0,"13":0,"14":0,"15":0,"16":0,"17":0,"18":0,"19":0,"20":0},"b":{"0":[0,0],"1":[0,0],"2":[0,0],"3":[0,0],"4":[0,0],"5":[0,0],"6":[0,0],"7":[0,0],"8":[0,0],"9":[0,0]}}
,"/home/deck/Documents/Grimoire/steam_deck_dub_edition/src/i18n.js": {"path":"/home/deck/Documents/Grimoire/steam_deck_dub_edition/src/i18n.js","statementMap":{"0":{"start":{"line":7,"column":4},"end":{"line":7,"column":27}},"1":{"start":{"line":8,"column":4},"end":{"line":8,"column":30}},"2":{"start":{"line":9,"column":4},"end":{"line":9,"column":31}},"3":{"start":{"line":10,"column":4},"end":{"line":10,"column":29}},"4":{"start":{"line":18,"column":4},"end":{"line":18,"column":33}},"5":{"start":{"line":18,"column":26},"end":{"line":18,"column":33}},"6":{"start":{"line":20,"column":4},"end":{"line":48,"column":5}},"7":{"start":{"line":22,"column":26},"end":{"line":22,"column":56}},"8":{"start":{"line":23,"column":6},"end":{"line":31,"column":7}},"9":{"start":{"line":24,"column":8},"end":{"line":24,"column":41}},"10":{"start":{"line":27,"column":30},"end":{"line":27,"column":56}},"11":{"start":{"line":28,"column":8},"end":{"line":28,"column":57}},"12":{"start":{"line":30,"column":8},"end":{"line":30,"column":59}},"13":{"start":{"line":34,"column":6},"end":{"line":34,"column":54}},"14":{"start":{"line":37,"column":6},"end":{"line":37,"column":72}},"15":{"start":{"line":38,"column":6},"end":{"line":38,"column":66}},"16":{"start":{"line":40,"column":6},"end":{"line":40,"column":74}},"17":{"start":{"line":42,"column":6},"end":{"line":42,"column":30}},"18":{"start":{"line":44,"column":6},"end":{"line":44,"column":55}},"19":{"start":{"line":46,"column":6},"end":{"line":46,"column":32}},"20":{"start":{"line":47,"column":6},"end":{"line":47,"column":54}},"21":{"start":{"line":50,"column":4},"end":{"line":50,"column":29}},"22":{"start":{"line":59,"column":4},"end":{"line":78,"column":5}},"23":{"start":{"line":61,"column":23},"end":{"line":61,"column":61}},"24":{"start":{"line":63,"column":6},"end":{"line":65,"column":7}},"25":{"start":{"line":64,"column":8},"end":{"line":64,"column":69}},"26":{"start":{"line":67,"column":27},"end":{"line":67,"column":48}},"27":{"start":{"line":68,"column":6},"end":{"line":68,"column":47}},"28":{"start":{"line":71,"column":6},"end":{"line":71,"column":72}},"29":{"start":{"line":74,"column":6},"end":{"line":77,"column":7}},"30":{"start":{"line":75,"column":8},"end":{"line":75,"column":76}},"31":{"start":{"line":76,"column":8},"end":{"line":76,"column":57}},"32":{"start":{"line":87,"column":4},"end":{"line":118,"column":5}},"33":{"start":{"line":89,"column":6},"end":{"line":91,"column":7}},"34":{"start":{"line":90,"column":8},"end":{"line":90,"column":44}},"35":{"start":{"line":94,"column":6},"end":{"line":94,"column":34}},"36":{"start":{"line":97,"column":6},"end":{"line":97,"column":45}},"37":{"start":{"line":100,"column":6},"end":{"line":100,"column":60}},"38":{"start":{"line":102,"column":6},"end":{"line":106,"column":9}},"39":{"start":{"line":103,"column":8},"end":{"line":105,"column":9}},"40":{"start":{"line":104,"column":10},"end":{"line":104,"column":52}},"41":{"start":{"line":107,"column":6},"end":{"line":107,"column":54}},"42":{"start":{"line":110,"column":6},"end":{"line":112,"column":10}},"43":{"start":{"line":114,"column":6},"end":{"line":114,"column":18}},"44":{"start":{"line":116,"column":6},"end":{"line":116,"column":65}},"45":{"start":{"line":117,"column":6},"end":{"line":117,"column":19}},"46":{"start":{"line":126,"column":4},"end":{"line":126,"column":30}},"47":{"start":{"line":137,"column":25},"end":{"line":137,"column":68}},"48":{"start":{"line":140,"column":27},"end":{"line":140,"column":66}},"49":{"start":{"line":143,"column":4},"end":{"line":146,"column":5}},"50":{"start":{"line":144,"column":35},"end":{"line":144,"column":79}},"51":{"start":{"line":145,"column":6},"end":{"line":145,"column":73}},"52":{"start":{"line":149,"column":4},"end":{"line":152,"column":5}},"53":{"start":{"line":150,"column":6},"end":{"line":150,"column":58}},"54":{"start":{"line":151,"column":6},"end":{"line":151,"column":17}},"55":{"start":{"line":155,"column":4},"end":{"line":155,"column":66}},"56":{"start":{"line":166,"column":17},"end":{"line":166,"column":32}},"57":{"start":{"line":167,"column":17},"end":{"line":167,"column":20}},"58":{"start":{"line":169,"column":4},"end":{"line":175,"column":5}},"59":{"start":{"line":170,"column":6},"end":{"line":174,"column":7}},"60":{"start":{"line":171,"column":8},"end":{"line":171,"column":29}},"61":{"start":{"line":173,"column":8},"end":{"line":173,"column":20}},"62":{"start":{"line":177,"column":4},"end":{"line":177,"column":18}},"63":{"start":{"line":188,"column":4},"end":{"line":190,"column":7}},"64":{"start":{"line":189,"column":6},"end":{"line":189,"column":73}},"65":{"start":{"line":195,"column":13},"end":{"line":195,"column":23}}},"fnMap":{"0":{"name":"(anonymous_0)","decl":{"start":{"line":6,"column":2},"end":{"line":6,"column":3}},"loc":{"start":{"line":6,"column":16},"end":{"line":11,"column":3}},"line":6},"1":{"name":"(anonymous_1)","decl":{"start":{"line":17,"column":2},"end":{"line":17,"column":3}},"loc":{"start":{"line":17,"column":25},"end":{"line":51,"column":3}},"line":17},"2":{"name":"(anonymous_2)","decl":{"start":{"line":58,"column":2},"end":{"line":58,"column":3}},"loc":{"start":{"line":58,"column":33},"end":{"line":79,"column":3}},"line":58},"3":{"name":"(anonymous_3)","decl":{"start":{"line":86,"column":2},"end":{"line":86,"column":3}},"loc":{"start":{"line":86,"column":26},"end":{"line":119,"column":3}},"line":86},"4":{"name":"(anonymous_4)","decl":{"start":{"line":102,"column":38},"end":{"line":102,"column":39}},"loc":{"start":{"line":102,"column":51},"end":{"line":106,"column":7}},"line":102},"5":{"name":"(anonymous_5)","decl":{"start":{"line":125,"column":2},"end":{"line":125,"column":3}},"loc":{"start":{"line":125,"column":21},"end":{"line":127,"column":3}},"line":125},"6":{"name":"(anonymous_6)","decl":{"start":{"line":135,"column":2},"end":{"line":135,"column":3}},"loc":{"start":{"line":135,"column":28},"end":{"line":156,"column":3}},"line":135},"7":{"name":"(anonymous_7)","decl":{"start":{"line":165,"column":2},"end":{"line":165,"column":3}},"loc":{"start":{"line":165,"column":29},"end":{"line":178,"column":3}},"line":165},"8":{"name":"(anonymous_8)","decl":{"start":{"line":187,"column":2},"end":{"line":187,"column":3}},"loc":{"start":{"line":187,"column":39},"end":{"line":191,"column":3}},"line":187},"9":{"name":"(anonymous_9)","decl":{"start":{"line":188,"column":41},"end":{"line":188,"column":42}},"loc":{"start":{"line":188,"column":57},"end":{"line":190,"column":5}},"line":188}},"branchMap":{"0":{"loc":{"start":{"line":18,"column":4},"end":{"line":18,"column":33}},"type":"if","locations":[{"start":{"line":18,"column":4},"end":{"line":18,"column":33}},{"start":{},"end":{}}],"line":18},"1":{"loc":{"start":{"line":23,"column":6},"end":{"line":31,"column":7}},"type":"if","locations":[{"start":{"line":23,"column":6},"end":{"line":31,"column":7}},{"start":{"line":25,"column":13},"end":{"line":31,"column":7}}],"line":23},"2":{"loc":{"start":{"line":27,"column":30},"end":{"line":27,"column":56}},"type":"binary-expr","locations":[{"start":{"line":27,"column":30},"end":{"line":27,"column":48}},{"start":{"line":27,"column":52},"end":{"line":27,"column":56}}],"line":27},"3":{"loc":{"start":{"line":63,"column":6},"end":{"line":65,"column":7}},"type":"if","locations":[{"start":{"line":63,"column":6},"end":{"line":65,"column":7}},{"start":{},"end":{}}],"line":63},"4":{"loc":{"start":{"line":74,"column":6},"end":{"line":77,"column":7}},"type":"if","locations":[{"start":{"line":74,"column":6},"end":{"line":77,"column":7}},{"start":{},"end":{}}],"line":74},"5":{"loc":{"start":{"line":89,"column":6},"end":{"line":91,"column":7}},"type":"if","locations":[{"start":{"line":89,"column":6},"end":{"line":91,"column":7}},{"start":{},"end":{}}],"line":89},"6":{"loc":{"start":{"line":103,"column":8},"end":{"line":105,"column":9}},"type":"if","locations":[{"start":{"line":103,"column":8},"end":{"line":105,"column":9}},{"start":{},"end":{}}],"line":103},"7":{"loc":{"start":{"line":135,"column":9},"end":{"line":135,"column":26}},"type":"default-arg","locations":[{"start":{"line":135,"column":24},"end":{"line":135,"column":26}}],"line":135},"8":{"loc":{"start":{"line":137,"column":25},"end":{"line":137,"column":68}},"type":"binary-expr","locations":[{"start":{"line":137,"column":25},"end":{"line":137,"column":62}},{"start":{"line":137,"column":66},"end":{"line":137,"column":68}}],"line":137},"9":{"loc":{"start":{"line":143,"column":4},"end":{"line":146,"column":5}},"type":"if","locations":[{"start":{"line":143,"column":4},"end":{"line":146,"column":5}},{"start":{},"end":{}}],"line":143},"10":{"loc":{"start":{"line":143,"column":8},"end":{"line":143,"column":78}},"type":"binary-expr","locations":[{"start":{"line":143,"column":8},"end":{"line":143,"column":32}},{"start":{"line":143,"column":36},"end":{"line":143,"column":78}}],"line":143},"11":{"loc":{"start":{"line":144,"column":35},"end":{"line":144,"column":79}},"type":"binary-expr","locations":[{"start":{"line":144,"column":35},"end":{"line":144,"column":73}},{"start":{"line":144,"column":77},"end":{"line":144,"column":79}}],"line":144},"12":{"loc":{"start":{"line":149,"column":4},"end":{"line":152,"column":5}},"type":"if","locations":[{"start":{"line":149,"column":4},"end":{"line":152,"column":5}},{"start":{},"end":{}}],"line":149},"13":{"loc":{"start":{"line":170,"column":6},"end":{"line":174,"column":7}},"type":"if","locations":[{"start":{"line":170,"column":6},"end":{"line":174,"column":7}},{"start":{"line":172,"column":13},"end":{"line":174,"column":7}}],"line":170},"14":{"loc":{"start":{"line":170,"column":10},"end":{"line":170,"column":63}},"type":"binary-expr","locations":[{"start":{"line":170,"column":10},"end":{"line":170,"column":16}},{"start":{"line":170,"column":20},"end":{"line":170,"column":46}},{"start":{"line":170,"column":50},"end":{"line":170,"column":63}}],"line":170},"15":{"loc":{"start":{"line":189,"column":13},"end":{"line":189,"column":72}},"type":"cond-expr","locations":[{"start":{"line":189,"column":47},"end":{"line":189,"column":64}},{"start":{"line":189,"column":67},"end":{"line":189,"column":72}}],"line":189}},"s":{"0":0,"1":0,"2":0,"3":0,"4":0,"5":0,"6":0,"7":0,"8":0,"9":0,"10":0,"11":0,"12":0,"13":0,"14":0,"15":0,"16":0,"17":0,"18":0,"19":0,"20":0,"21":0,"22":0,"23":0,"24":0,"25":0,"26":0,"27":0,"28":0,"29":0,"30":0,"31":0,"32":0,"33":0,"34":0,"35":0,"36":0,"37":0,"38":0,"39":0,"40":0,"41":0,"42":0,"43":0,"44":0,"45":0,"46":0,"47":0,"48":0,"49":0,"50":0,"51":0,"52":0,"53":0,"54":0,"55":0,"56":0,"57":0,"58":0,"59":0,"60":0,"61":0,"62":0,"63":0,"64":0,"65":0},"f":{"0":0,"1":0,"2":0,"3":0,"4":0,"5":0,"6":0,"7":0,"8":0,"9":0},"b":{"0":[0,0],"1":[0,0],"2":[0,0],"3":[0,0],"4":[0,0],"5":[0,0],"6":[0,0],"7":[0],"8":[0,0],"9":[0,0],"10":[0,0],"11":[0,0],"12":[0,0],"13":[0,0],"14":[0,0,0],"15":[0,0]}}
,"/home/deck/Documents/Grimoire/steam_deck_dub_edition/src/index.js": {"path":"/home/deck/Documents/Grimoire/steam_deck_dub_edition/src/index.js","statementMap":{},"fnMap":{},"branchMap":{},"s":{},"f":{},"b":{}}
,"/home/deck/Documents/Grimoire/steam_deck_dub_edition/src/ui-main.js": {"path":"/home/deck/Documents/Grimoire/steam_deck_dub_edition/src/ui-main.js","statementMap":{"0":{"start":{"line":31,"column":2},"end":{"line":39,"column":3}},"1":{"start":{"line":33,"column":27},"end":{"line":33,"column":87}},"2":{"start":{"line":34,"column":19},"end":{"line":34,"column":83}},"3":{"start":{"line":35,"column":4},"end":{"line":35,"column":26}},"4":{"start":{"line":37,"column":4},"end":{"line":37,"column":68}},"5":{"start":{"line":38,"column":4},"end":{"line":38,"column":16}},"6":{"start":{"line":48,"column":2},"end":{"line":48,"column":59}},"7":{"start":{"line":51,"column":2},"end":{"line":51,"column":17}},"8":{"start":{"line":54,"column":2},"end":{"line":54,"column":31}},"9":{"start":{"line":57,"column":2},"end":{"line":60,"column":5}},"10":{"start":{"line":63,"column":2},"end":{"line":72,"column":11}},"11":{"start":{"line":64,"column":4},"end":{"line":64,"column":38}},"12":{"start":{"line":67,"column":27},"end":{"line":67,"column":84}},"13":{"start":{"line":68,"column":4},"end":{"line":71,"column":5}},"14":{"start":{"line":69,"column":6},"end":{"line":69,"column":71}},"15":{"start":{"line":70,"column":6},"end":{"line":70,"column":39}},"16":{"start":{"line":75,"column":2},"end":{"line":75,"column":28}},"17":{"start":{"line":78,"column":2},"end":{"line":78,"column":23}},"18":{"start":{"line":81,"column":2},"end":{"line":81,"column":21}},"19":{"start":{"line":82,"column":2},"end":{"line":82,"column":20}},"20":{"start":{"line":83,"column":2},"end":{"line":83,"column":16}},"21":{"start":{"line":86,"column":2},"end":{"line":93,"column":7}},"22":{"start":{"line":88,"column":6},"end":{"line":88,"column":31}},"23":{"start":{"line":89,"column":6},"end":{"line":89,"column":35}},"24":{"start":{"line":92,"column":6},"end":{"line":92,"column":63}},"25":{"start":{"line":96,"column":2},"end":{"line":96,"column":60}},"26":{"start":{"line":97,"column":2},"end":{"line":97,"column":58}},"27":{"start":{"line":99,"column":2},"end":{"line":99,"column":44}},"28":{"start":{"line":108,"column":2},"end":{"line":108,"column":32}},"29":{"start":{"line":111,"column":2},"end":{"line":113,"column":10}},"30":{"start":{"line":112,"column":4},"end":{"line":112,"column":35}},"31":{"start":{"line":121,"column":2},"end":{"line":139,"column":3}},"32":{"start":{"line":123,"column":4},"end":{"line":130,"column":5}},"33":{"start":{"line":124,"column":6},"end":{"line":124,"column":80}},"34":{"start":{"line":125,"column":6},"end":{"line":129,"column":9}},"35":{"start":{"line":133,"column":4},"end":{"line":136,"column":5}},"36":{"start":{"line":134,"column":6},"end":{"line":134,"column":63}},"37":{"start":{"line":135,"column":6},"end":{"line":135,"column":27}},"38":{"start":{"line":138,"column":4},"end":{"line":138,"column":67}},"39":{"start":{"line":147,"column":2},"end":{"line":161,"column":3}},"40":{"start":{"line":149,"column":4},"end":{"line":149,"column":69}},"41":{"start":{"line":150,"column":4},"end":{"line":150,"column":34}},"42":{"start":{"line":153,"column":4},"end":{"line":153,"column":78}},"43":{"start":{"line":154,"column":4},"end":{"line":154,"column":33}},"44":{"start":{"line":157,"column":4},"end":{"line":157,"column":76}},"45":{"start":{"line":158,"column":4},"end":{"line":158,"column":32}},"46":{"start":{"line":160,"column":4},"end":{"line":160,"column":68}},"47":{"start":{"line":171,"column":2},"end":{"line":195,"column":5}},"48":{"start":{"line":172,"column":17},"end":{"line":172,"column":38}},"49":{"start":{"line":174,"column":4},"end":{"line":194,"column":5}},"50":{"start":{"line":180,"column":6},"end":{"line":180,"column":25}},"51":{"start":{"line":183,"column":6},"end":{"line":185,"column":7}},"52":{"start":{"line":184,"column":8},"end":{"line":184,"column":56}},"53":{"start":{"line":188,"column":6},"end":{"line":190,"column":7}},"54":{"start":{"line":189,"column":8},"end":{"line":189,"column":46}},"55":{"start":{"line":193,"column":6},"end":{"line":193,"column":55}},"56":{"start":{"line":202,"column":22},"end":{"line":202,"column":52}},"57":{"start":{"line":203,"column":25},"end":{"line":203,"column":63}},"58":{"start":{"line":205,"column":2},"end":{"line":217,"column":3}},"59":{"start":{"line":206,"column":23},"end":{"line":206,"column":50}},"60":{"start":{"line":207,"column":4},"end":{"line":207,"column":35}},"61":{"start":{"line":208,"column":4},"end":{"line":208,"column":39}},"62":{"start":{"line":209,"column":4},"end":{"line":209,"column":38}},"63":{"start":{"line":210,"column":4},"end":{"line":210,"column":52}},"64":{"start":{"line":212,"column":4},"end":{"line":214,"column":5}},"65":{"start":{"line":213,"column":6},"end":{"line":213,"column":38}},"66":{"start":{"line":216,"column":4},"end":{"line":216,"column":69}},"67":{"start":{"line":219,"column":2},"end":{"line":231,"column":3}},"68":{"start":{"line":220,"column":22},"end":{"line":220,"column":49}},"69":{"start":{"line":221,"column":4},"end":{"line":221,"column":33}},"70":{"start":{"line":222,"column":4},"end":{"line":222,"column":38}},"71":{"start":{"line":223,"column":4},"end":{"line":223,"column":40}},"72":{"start":{"line":224,"column":4},"end":{"line":224,"column":49}},"73":{"start":{"line":226,"column":4},"end":{"line":228,"column":5}},"74":{"start":{"line":227,"column":6},"end":{"line":227,"column":44}},"75":{"start":{"line":230,"column":4},"end":{"line":230,"column":68}},"76":{"start":{"line":239,"column":2},"end":{"line":243,"column":5}},"77":{"start":{"line":240,"column":4},"end":{"line":242,"column":5}},"78":{"start":{"line":241,"column":6},"end":{"line":241,"column":38}},"79":{"start":{"line":246,"column":2},"end":{"line":248,"column":5}},"80":{"start":{"line":247,"column":4},"end":{"line":247,"column":42}},"81":{"start":{"line":251,"column":2},"end":{"line":251,"column":42}},"82":{"start":{"line":259,"column":2},"end":{"line":259,"column":45}},"83":{"start":{"line":263,"column":0},"end":{"line":268,"column":1}},"84":{"start":{"line":264,"column":2},"end":{"line":264,"column":63}},"85":{"start":{"line":267,"column":2},"end":{"line":267,"column":18}}},"fnMap":{"0":{"name":"loadComponent","decl":{"start":{"line":30,"column":15},"end":{"line":30,"column":28}},"loc":{"start":{"line":30,"column":41},"end":{"line":40,"column":1}},"line":30},"1":{"name":"initializeApp","decl":{"start":{"line":47,"column":9},"end":{"line":47,"column":22}},"loc":{"start":{"line":47,"column":25},"end":{"line":100,"column":1}},"line":47},"2":{"name":"(anonymous_2)","decl":{"start":{"line":63,"column":13},"end":{"line":63,"column":14}},"loc":{"start":{"line":63,"column":19},"end":{"line":72,"column":3}},"line":63},"3":{"name":"(anonymous_3)","decl":{"start":{"line":87,"column":10},"end":{"line":87,"column":11}},"loc":{"start":{"line":87,"column":20},"end":{"line":90,"column":5}},"line":87},"4":{"name":"(anonymous_4)","decl":{"start":{"line":91,"column":11},"end":{"line":91,"column":12}},"loc":{"start":{"line":91,"column":20},"end":{"line":93,"column":5}},"line":91},"5":{"name":"loadRemainingComponents","decl":{"start":{"line":106,"column":15},"end":{"line":106,"column":38}},"loc":{"start":{"line":106,"column":41},"end":{"line":114,"column":1}},"line":106},"6":{"name":"(anonymous_6)","decl":{"start":{"line":111,"column":13},"end":{"line":111,"column":14}},"loc":{"start":{"line":111,"column":19},"end":{"line":113,"column":3}},"line":111},"7":{"name":"initializeVisibleComponents","decl":{"start":{"line":120,"column":15},"end":{"line":120,"column":42}},"loc":{"start":{"line":120,"column":45},"end":{"line":140,"column":1}},"line":120},"8":{"name":"initializeDeferredComponents","decl":{"start":{"line":146,"column":15},"end":{"line":146,"column":43}},"loc":{"start":{"line":146,"column":46},"end":{"line":162,"column":1}},"line":146},"9":{"name":"setupExternalLinks","decl":{"start":{"line":170,"column":9},"end":{"line":170,"column":27}},"loc":{"start":{"line":170,"column":30},"end":{"line":196,"column":1}},"line":170},"10":{"name":"(anonymous_10)","decl":{"start":{"line":171,"column":37},"end":{"line":171,"column":38}},"loc":{"start":{"line":171,"column":44},"end":{"line":195,"column":3}},"line":171},"11":{"name":"addSkipLinks","decl":{"start":{"line":201,"column":9},"end":{"line":201,"column":21}},"loc":{"start":{"line":201,"column":24},"end":{"line":232,"column":1}},"line":201},"12":{"name":"handleBeforePrint","decl":{"start":{"line":237,"column":9},"end":{"line":237,"column":26}},"loc":{"start":{"line":237,"column":29},"end":{"line":252,"column":1}},"line":237},"13":{"name":"(anonymous_13)","decl":{"start":{"line":239,"column":63},"end":{"line":239,"column":64}},"loc":{"start":{"line":239,"column":74},"end":{"line":243,"column":3}},"line":239},"14":{"name":"(anonymous_14)","decl":{"start":{"line":246,"column":62},"end":{"line":246,"column":63}},"loc":{"start":{"line":246,"column":73},"end":{"line":248,"column":3}},"line":246},"15":{"name":"handleAfterPrint","decl":{"start":{"line":257,"column":9},"end":{"line":257,"column":25}},"loc":{"start":{"line":257,"column":28},"end":{"line":260,"column":1}},"line":257}},"branchMap":{"0":{"loc":{"start":{"line":33,"column":27},"end":{"line":33,"column":87}},"type":"cond-expr","locations":[{"start":{"line":33,"column":57},"end":{"line":33,"column":67}},{"start":{"line":33,"column":70},"end":{"line":33,"column":87}}],"line":33},"1":{"loc":{"start":{"line":68,"column":4},"end":{"line":71,"column":5}},"type":"if","locations":[{"start":{"line":68,"column":4},"end":{"line":71,"column":5}},{"start":{},"end":{}}],"line":68},"2":{"loc":{"start":{"line":123,"column":4},"end":{"line":130,"column":5}},"type":"if","locations":[{"start":{"line":123,"column":4},"end":{"line":130,"column":5}},{"start":{},"end":{}}],"line":123},"3":{"loc":{"start":{"line":133,"column":4},"end":{"line":136,"column":5}},"type":"if","locations":[{"start":{"line":133,"column":4},"end":{"line":136,"column":5}},{"start":{},"end":{}}],"line":133},"4":{"loc":{"start":{"line":174,"column":4},"end":{"line":194,"column":5}},"type":"if","locations":[{"start":{"line":174,"column":4},"end":{"line":194,"column":5}},{"start":{},"end":{}}],"line":174},"5":{"loc":{"start":{"line":174,"column":8},"end":{"line":177,"column":69}},"type":"binary-expr","locations":[{"start":{"line":174,"column":8},"end":{"line":174,"column":12}},{"start":{"line":174,"column":16},"end":{"line":174,"column":41}},{"start":{"line":175,"column":9},"end":{"line":175,"column":53}},{"start":{"line":176,"column":9},"end":{"line":176,"column":54}},{"start":{"line":177,"column":8},"end":{"line":177,"column":69}}],"line":174},"6":{"loc":{"start":{"line":183,"column":6},"end":{"line":185,"column":7}},"type":"if","locations":[{"start":{"line":183,"column":6},"end":{"line":185,"column":7}},{"start":{},"end":{}}],"line":183},"7":{"loc":{"start":{"line":188,"column":6},"end":{"line":190,"column":7}},"type":"if","locations":[{"start":{"line":188,"column":6},"end":{"line":190,"column":7}},{"start":{},"end":{}}],"line":188},"8":{"loc":{"start":{"line":188,"column":10},"end":{"line":188,"column":82}},"type":"binary-expr","locations":[{"start":{"line":188,"column":10},"end":{"line":188,"column":38}},{"start":{"line":188,"column":42},"end":{"line":188,"column":82}}],"line":188},"9":{"loc":{"start":{"line":205,"column":2},"end":{"line":217,"column":3}},"type":"if","locations":[{"start":{"line":205,"column":2},"end":{"line":217,"column":3}},{"start":{},"end":{}}],"line":205},"10":{"loc":{"start":{"line":212,"column":4},"end":{"line":214,"column":5}},"type":"if","locations":[{"start":{"line":212,"column":4},"end":{"line":214,"column":5}},{"start":{},"end":{}}],"line":212},"11":{"loc":{"start":{"line":212,"column":8},"end":{"line":212,"column":38}},"type":"binary-expr","locations":[{"start":{"line":212,"column":8},"end":{"line":212,"column":19}},{"start":{"line":212,"column":23},"end":{"line":212,"column":38}}],"line":212},"12":{"loc":{"start":{"line":219,"column":2},"end":{"line":231,"column":3}},"type":"if","locations":[{"start":{"line":219,"column":2},"end":{"line":231,"column":3}},{"start":{},"end":{}}],"line":219},"13":{"loc":{"start":{"line":219,"column":6},"end":{"line":219,"column":63}},"type":"binary-expr","locations":[{"start":{"line":219,"column":6},"end":{"line":219,"column":20}},{"start":{"line":219,"column":24},"end":{"line":219,"column":63}}],"line":219},"14":{"loc":{"start":{"line":226,"column":4},"end":{"line":228,"column":5}},"type":"if","locations":[{"start":{"line":226,"column":4},"end":{"line":228,"column":5}},{"start":{},"end":{}}],"line":226},"15":{"loc":{"start":{"line":240,"column":4},"end":{"line":242,"column":5}},"type":"if","locations":[{"start":{"line":240,"column":4},"end":{"line":242,"column":5}},{"start":{},"end":{}}],"line":240},"16":{"loc":{"start":{"line":263,"column":0},"end":{"line":268,"column":1}},"type":"if","locations":[{"start":{"line":263,"column":0},"end":{"line":268,"column":1}},{"start":{"line":265,"column":9},"end":{"line":268,"column":1}}],"line":263}},"s":{"0":0,"1":0,"2":0,"3":0,"4":0,"5":0,"6":0,"7":0,"8":0,"9":0,"10":0,"11":0,"12":0,"13":0,"14":0,"15":0,"16":0,"17":0,"18":0,"19":0,"20":0,"21":0,"22":0,"23":0,"24":0,"25":0,"26":0,"27":0,"28":0,"29":0,"30":0,"31":0,"32":0,"33":0,"34":0,"35":0,"36":0,"37":0,"38":0,"39":0,"40":0,"41":0,"42":0,"43":0,"44":0,"45":0,"46":0,"47":0,"48":0,"49":0,"50":0,"51":0,"52":0,"53":0,"54":0,"55":0,"56":0,"57":0,"58":0,"59":0,"60":0,"61":0,"62":0,"63":0,"64":0,"65":0,"66":0,"67":0,"68":0,"69":0,"70":0,"71":0,"72":0,"73":0,"74":0,"75":0,"76":0,"77":0,"78":0,"79":0,"80":0,"81":0,"82":0,"83":0,"84":0,"85":0},"f":{"0":0,"1":0,"2":0,"3":0,"4":0,"5":0,"6":0,"7":0,"8":0,"9":0,"10":0,"11":0,"12":0,"13":0,"14":0,"15":0},"b":{"0":[0,0],"1":[0,0],"2":[0,0],"3":[0,0],"4":[0,0],"5":[0,0,0,0,0],"6":[0,0],"7":[0,0],"8":[0,0],"9":[0,0],"10":[0,0],"11":[0,0],"12":[0,0],"13":[0,0],"14":[0,0],"15":[0,0],"16":[0,0]}}
,"/home/deck/Documents/Grimoire/steam_deck_dub_edition/src/utils.js": {"path":"/home/deck/Documents/Grimoire/steam_deck_dub_edition/src/utils.js","statementMap":{"0":{"start":{"line":13,"column":2},"end":{"line":17,"column":4}},"1":{"start":{"line":14,"column":20},"end":{"line":14,"column":24}},"2":{"start":{"line":15,"column":4},"end":{"line":15,"column":26}},"3":{"start":{"line":16,"column":4},"end":{"line":16,"column":64}},"4":{"start":{"line":16,"column":31},"end":{"line":16,"column":56}},"5":{"start":{"line":25,"column":2},"end":{"line":25,"column":66}},"6":{"start":{"line":33,"column":21},"end":{"line":33,"column":50}},"7":{"start":{"line":34,"column":2},"end":{"line":36,"column":3}},"8":{"start":{"line":35,"column":4},"end":{"line":35,"column":22}},"9":{"start":{"line":38,"column":2},"end":{"line":38,"column":86}},"10":{"start":{"line":46,"column":2},"end":{"line":46,"column":61}},"11":{"start":{"line":47,"column":2},"end":{"line":47,"column":39}},"12":{"start":{"line":50,"column":0},"end":{"line":55,"column":2}}},"fnMap":{"0":{"name":"debounce","decl":{"start":{"line":11,"column":9},"end":{"line":11,"column":17}},"loc":{"start":{"line":11,"column":30},"end":{"line":18,"column":1}},"line":11},"1":{"name":"(anonymous_1)","decl":{"start":{"line":13,"column":9},"end":{"line":13,"column":10}},"loc":{"start":{"line":13,"column":27},"end":{"line":17,"column":3}},"line":13},"2":{"name":"(anonymous_2)","decl":{"start":{"line":16,"column":25},"end":{"line":16,"column":26}},"loc":{"start":{"line":16,"column":31},"end":{"line":16,"column":56}},"line":16},"3":{"name":"isTouchDevice","decl":{"start":{"line":24,"column":9},"end":{"line":24,"column":22}},"loc":{"start":{"line":24,"column":25},"end":{"line":26,"column":1}},"line":24},"4":{"name":"getThemePreference","decl":{"start":{"line":32,"column":9},"end":{"line":32,"column":27}},"loc":{"start":{"line":32,"column":30},"end":{"line":39,"column":1}},"line":32},"5":{"name":"setTheme","decl":{"start":{"line":45,"column":9},"end":{"line":45,"column":17}},"loc":{"start":{"line":45,"column":25},"end":{"line":48,"column":1}},"line":45}},"branchMap":{"0":{"loc":{"start":{"line":25,"column":9},"end":{"line":25,"column":65}},"type":"binary-expr","locations":[{"start":{"line":25,"column":9},"end":{"line":25,"column":33}},{"start":{"line":25,"column":37},"end":{"line":25,"column":65}}],"line":25},"1":{"loc":{"start":{"line":34,"column":2},"end":{"line":36,"column":3}},"type":"if","locations":[{"start":{"line":34,"column":2},"end":{"line":36,"column":3}},{"start":{},"end":{}}],"line":34},"2":{"loc":{"start":{"line":38,"column":9},"end":{"line":38,"column":85}},"type":"cond-expr","locations":[{"start":{"line":38,"column":69},"end":{"line":38,"column":75}},{"start":{"line":38,"column":78},"end":{"line":38,"column":85}}],"line":38}},"s":{"0":0,"1":0,"2":0,"3":0,"4":0,"5":0,"6":0,"7":0,"8":0,"9":0,"10":0,"11":0,"12":0},"f":{"0":0,"1":0,"2":0,"3":0,"4":0,"5":0},"b":{"0":[0,0],"1":[0,0],"2":[0,0]}}
,"/home/deck/Documents/Grimoire/steam_deck_dub_edition/src/components/AccessibilityControls/AccessibilityControls.js": {"path":"/home/deck/Documents/Grimoire/steam_deck_dub_edition/src/components/AccessibilityControls/AccessibilityControls.js","statementMap":{},"fnMap":{},"branchMap":{},"s":{},"f":{},"b":{}}
,"/home/deck/Documents/Grimoire/steam_deck_dub_edition/src/components/AccessibilityControls/index.js": {"path":"/home/deck/Documents/Grimoire/steam_deck_dub_edition/src/components/AccessibilityControls/index.js","statementMap":{},"fnMap":{},"branchMap":{},"s":{},"f":{},"b":{}}
,"/home/deck/Documents/Grimoire/steam_deck_dub_edition/src/components/Button/Button.js": {"path":"/home/deck/Documents/Grimoire/steam_deck_dub_edition/src/components/Button/Button.js","statementMap":{"0":{"start":{"line":5,"column":4},"end":{"line":5,"column":52}},"1":{"start":{"line":6,"column":4},"end":{"line":6,"column":43}},"2":{"start":{"line":9,"column":4},"end":{"line":13,"column":5}},"3":{"start":{"line":10,"column":6},"end":{"line":10,"column":51}},"4":{"start":{"line":12,"column":6},"end":{"line":12,"column":49}},"5":{"start":{"line":16,"column":4},"end":{"line":19,"column":5}},"6":{"start":{"line":17,"column":6},"end":{"line":17,"column":50}},"7":{"start":{"line":18,"column":6},"end":{"line":18,"column":35}},"8":{"start":{"line":22,"column":4},"end":{"line":28,"column":5}},"9":{"start":{"line":23,"column":19},"end":{"line":23,"column":48}},"10":{"start":{"line":24,"column":6},"end":{"line":24,"column":30}},"11":{"start":{"line":25,"column":6},"end":{"line":25,"column":39}},"12":{"start":{"line":26,"column":6},"end":{"line":26,"column":35}},"13":{"start":{"line":27,"column":6},"end":{"line":27,"column":37}},"14":{"start":{"line":30,"column":4},"end":{"line":33,"column":5}},"15":{"start":{"line":31,"column":19},"end":{"line":31,"column":56}},"16":{"start":{"line":32,"column":6},"end":{"line":32,"column":37}},"17":{"start":{"line":36,"column":4},"end":{"line":38,"column":5}},"18":{"start":{"line":37,"column":6},"end":{"line":37,"column":62}},"19":{"start":{"line":42,"column":4},"end":{"line":42,"column":24}},"20":{"start":{"line":46,"column":4},"end":{"line":52,"column":5}},"21":{"start":{"line":47,"column":6},"end":{"line":47,"column":50}},"22":{"start":{"line":48,"column":6},"end":{"line":48,"column":35}},"23":{"start":{"line":50,"column":6},"end":{"line":50,"column":53}},"24":{"start":{"line":51,"column":6},"end":{"line":51,"column":36}},"25":{"start":{"line":57,"column":4},"end":{"line":59,"column":5}},"26":{"start":{"line":58,"column":6},"end":{"line":58,"column":56}},"27":{"start":{"line":62,"column":21},"end":{"line":62,"column":50}},"28":{"start":{"line":63,"column":4},"end":{"line":63,"column":39}}},"fnMap":{"0":{"name":"(anonymous_0)","decl":{"start":{"line":4,"column":2},"end":{"line":4,"column":3}},"loc":{"start":{"line":4,"column":28},"end":{"line":39,"column":3}},"line":4},"1":{"name":"(anonymous_1)","decl":{"start":{"line":41,"column":2},"end":{"line":41,"column":3}},"loc":{"start":{"line":41,"column":11},"end":{"line":43,"column":3}},"line":41},"2":{"name":"(anonymous_2)","decl":{"start":{"line":45,"column":2},"end":{"line":45,"column":3}},"loc":{"start":{"line":45,"column":24},"end":{"line":53,"column":3}},"line":45},"3":{"name":"(anonymous_3)","decl":{"start":{"line":55,"column":2},"end":{"line":55,"column":3}},"loc":{"start":{"line":55,"column":16},"end":{"line":64,"column":3}},"line":55}},"branchMap":{"0":{"loc":{"start":{"line":4,"column":14},"end":{"line":4,"column":26}},"type":"default-arg","locations":[{"start":{"line":4,"column":24},"end":{"line":4,"column":26}}],"line":4},"1":{"loc":{"start":{"line":9,"column":4},"end":{"line":13,"column":5}},"type":"if","locations":[{"start":{"line":9,"column":4},"end":{"line":13,"column":5}},{"start":{"line":11,"column":11},"end":{"line":13,"column":5}}],"line":9},"2":{"loc":{"start":{"line":16,"column":4},"end":{"line":19,"column":5}},"type":"if","locations":[{"start":{"line":16,"column":4},"end":{"line":19,"column":5}},{"start":{},"end":{}}],"line":16},"3":{"loc":{"start":{"line":22,"column":4},"end":{"line":28,"column":5}},"type":"if","locations":[{"start":{"line":22,"column":4},"end":{"line":28,"column":5}},{"start":{},"end":{}}],"line":22},"4":{"loc":{"start":{"line":25,"column":17},"end":{"line":25,"column":38}},"type":"binary-expr","locations":[{"start":{"line":25,"column":17},"end":{"line":25,"column":32}},{"start":{"line":25,"column":36},"end":{"line":25,"column":38}}],"line":25},"5":{"loc":{"start":{"line":30,"column":4},"end":{"line":33,"column":5}},"type":"if","locations":[{"start":{"line":30,"column":4},"end":{"line":33,"column":5}},{"start":{},"end":{}}],"line":30},"6":{"loc":{"start":{"line":36,"column":4},"end":{"line":38,"column":5}},"type":"if","locations":[{"start":{"line":36,"column":4},"end":{"line":38,"column":5}},{"start":{},"end":{}}],"line":36},"7":{"loc":{"start":{"line":46,"column":4},"end":{"line":52,"column":5}},"type":"if","locations":[{"start":{"line":46,"column":4},"end":{"line":52,"column":5}},{"start":{"line":49,"column":11},"end":{"line":52,"column":5}}],"line":46}},"s":{"0":0,"1":0,"2":0,"3":0,"4":0,"5":0,"6":0,"7":0,"8":0,"9":0,"10":0,"11":0,"12":0,"13":0,"14":0,"15":0,"16":0,"17":0,"18":0,"19":0,"20":0,"21":0,"22":0,"23":0,"24":0,"25":0,"26":0,"27":0,"28":0},"f":{"0":0,"1":0,"2":0,"3":0},"b":{"0":[0],"1":[0,0],"2":[0,0],"3":[0,0],"4":[0,0],"5":[0,0],"6":[0,0],"7":[0,0]}}
,"/home/deck/Documents/Grimoire/steam_deck_dub_edition/src/components/Button/ButtonDemo.js": {"path":"/home/deck/Documents/Grimoire/steam_deck_dub_edition/src/components/Button/ButtonDemo.js","statementMap":{"0":{"start":{"line":5,"column":4},"end":{"line":5,"column":31}},"1":{"start":{"line":6,"column":4},"end":{"line":6,"column":18}},"2":{"start":{"line":11,"column":26},"end":{"line":14,"column":6}},"3":{"start":{"line":13,"column":21},"end":{"line":13,"column":51}},"4":{"start":{"line":17,"column":28},"end":{"line":21,"column":6}},"5":{"start":{"line":20,"column":21},"end":{"line":20,"column":53}},"6":{"start":{"line":24,"column":27},"end":{"line":27,"column":6}},"7":{"start":{"line":30,"column":23},"end":{"line":34,"column":6}},"8":{"start":{"line":37,"column":4},"end":{"line":37,"column":55}},"9":{"start":{"line":38,"column":4},"end":{"line":38,"column":57}},"10":{"start":{"line":39,"column":4},"end":{"line":39,"column":56}},"11":{"start":{"line":40,"column":4},"end":{"line":40,"column":52}}},"fnMap":{"0":{"name":"(anonymous_0)","decl":{"start":{"line":4,"column":2},"end":{"line":4,"column":3}},"loc":{"start":{"line":4,"column":25},"end":{"line":7,"column":3}},"line":4},"1":{"name":"(anonymous_1)","decl":{"start":{"line":9,"column":2},"end":{"line":9,"column":3}},"loc":{"start":{"line":9,"column":11},"end":{"line":41,"column":3}},"line":9},"2":{"name":"(anonymous_2)","decl":{"start":{"line":13,"column":15},"end":{"line":13,"column":16}},"loc":{"start":{"line":13,"column":21},"end":{"line":13,"column":51}},"line":13},"3":{"name":"(anonymous_3)","decl":{"start":{"line":20,"column":15},"end":{"line":20,"column":16}},"loc":{"start":{"line":20,"column":21},"end":{"line":20,"column":53}},"line":20}},"branchMap":{},"s":{"0":0,"1":0,"2":0,"3":0,"4":0,"5":0,"6":0,"7":0,"8":0,"9":0,"10":0,"11":0},"f":{"0":0,"1":0,"2":0,"3":0},"b":{}}
,"/home/deck/Documents/Grimoire/steam_deck_dub_edition/src/components/Button/index.js": {"path":"/home/deck/Documents/Grimoire/steam_deck_dub_edition/src/components/Button/index.js","statementMap":{},"fnMap":{},"branchMap":{},"s":{},"f":{},"b":{}}
,"/home/deck/Documents/Grimoire/steam_deck_dub_edition/src/components/CodeBlocks/CodeBlocks.js": {"path":"/home/deck/Documents/Grimoire/steam_deck_dub_edition/src/components/CodeBlocks/CodeBlocks.js","statementMap":{"0":{"start":{"line":13,"column":4},"end":{"line":13,"column":59}},"1":{"start":{"line":19,"column":4},"end":{"line":19,"column":53}},"2":{"start":{"line":25,"column":4},"end":{"line":25,"column":54}},"3":{"start":{"line":31,"column":4},"end":{"line":31,"column":71}},"4":{"start":{"line":37,"column":4},"end":{"line":37,"column":58}},"5":{"start":{"line":43,"column":4},"end":{"line":43,"column":73}},"6":{"start":{"line":49,"column":4},"end":{"line":49,"column":29}},"7":{"start":{"line":52,"column":4},"end":{"line":54,"column":5}},"8":{"start":{"line":53,"column":6},"end":{"line":53,"column":24}},"9":{"start":{"line":63,"column":4},"end":{"line":63,"column":33}},"10":{"start":{"line":63,"column":26},"end":{"line":63,"column":33}},"11":{"start":{"line":66,"column":4},"end":{"line":66,"column":33}},"12":{"start":{"line":69,"column":4},"end":{"line":69,"column":33}},"13":{"start":{"line":72,"column":4},"end":{"line":72,"column":29}},"14":{"start":{"line":75,"column":4},"end":{"line":75,"column":89}},"15":{"start":{"line":77,"column":4},"end":{"line":77,"column":28}},"16":{"start":{"line":78,"column":4},"end":{"line":78,"column":52}},"17":{"start":{"line":86,"column":21},"end":{"line":108,"column":6}},"18":{"start":{"line":87,"column":26},"end":{"line":87,"column":31}},"19":{"start":{"line":89,"column":6},"end":{"line":103,"column":9}},"20":{"start":{"line":90,"column":8},"end":{"line":102,"column":9}},"21":{"start":{"line":91,"column":10},"end":{"line":101,"column":13}},"22":{"start":{"line":92,"column":12},"end":{"line":100,"column":13}},"23":{"start":{"line":94,"column":14},"end":{"line":99,"column":15}},"24":{"start":{"line":98,"column":16},"end":{"line":98,"column":37}},"25":{"start":{"line":105,"column":6},"end":{"line":107,"column":7}},"26":{"start":{"line":106,"column":8},"end":{"line":106,"column":33}},"27":{"start":{"line":111,"column":4},"end":{"line":114,"column":7}},"28":{"start":{"line":124,"column":20},"end":{"line":124,"column":40}},"29":{"start":{"line":125,"column":4},"end":{"line":129,"column":5}},"30":{"start":{"line":126,"column":6},"end":{"line":128,"column":14}},"31":{"start":{"line":127,"column":8},"end":{"line":127,"column":40}},"32":{"start":{"line":138,"column":4},"end":{"line":138,"column":46}},"33":{"start":{"line":141,"column":4},"end":{"line":141,"column":45}},"34":{"start":{"line":150,"column":4},"end":{"line":190,"column":7}},"35":{"start":{"line":152,"column":6},"end":{"line":152,"column":46}},"36":{"start":{"line":152,"column":39},"end":{"line":152,"column":46}},"37":{"start":{"line":153,"column":6},"end":{"line":153,"column":43}},"38":{"start":{"line":155,"column":25},"end":{"line":155,"column":45}},"39":{"start":{"line":158,"column":6},"end":{"line":158,"column":49}},"40":{"start":{"line":161,"column":6},"end":{"line":163,"column":7}},"41":{"start":{"line":162,"column":8},"end":{"line":162,"column":39}},"42":{"start":{"line":166,"column":6},"end":{"line":168,"column":7}},"43":{"start":{"line":167,"column":8},"end":{"line":167,"column":41}},"44":{"start":{"line":171,"column":6},"end":{"line":179,"column":7}},"45":{"start":{"line":173,"column":33},"end":{"line":173,"column":105}},"46":{"start":{"line":173,"column":77},"end":{"line":173,"column":104}},"47":{"start":{"line":174,"column":8},"end":{"line":176,"column":9}},"48":{"start":{"line":175,"column":10},"end":{"line":175,"column":51}},"49":{"start":{"line":178,"column":8},"end":{"line":178,"column":49}},"50":{"start":{"line":182,"column":6},"end":{"line":184,"column":7}},"51":{"start":{"line":183,"column":8},"end":{"line":183,"column":39}},"52":{"start":{"line":187,"column":6},"end":{"line":189,"column":7}},"53":{"start":{"line":188,"column":8},"end":{"line":188,"column":46}},"54":{"start":{"line":199,"column":4},"end":{"line":243,"column":7}},"55":{"start":{"line":201,"column":6},"end":{"line":201,"column":42}},"56":{"start":{"line":201,"column":35},"end":{"line":201,"column":42}},"57":{"start":{"line":202,"column":6},"end":{"line":202,"column":39}},"58":{"start":{"line":205,"column":6},"end":{"line":205,"column":44}},"59":{"start":{"line":208,"column":6},"end":{"line":210,"column":7}},"60":{"start":{"line":209,"column":8},"end":{"line":209,"column":34}},"61":{"start":{"line":213,"column":6},"end":{"line":215,"column":7}},"62":{"start":{"line":214,"column":8},"end":{"line":214,"column":41}},"63":{"start":{"line":218,"column":26},"end":{"line":218,"column":53}},"64":{"start":{"line":219,"column":6},"end":{"line":242,"column":7}},"65":{"start":{"line":220,"column":8},"end":{"line":220,"column":47}},"66":{"start":{"line":223,"column":8},"end":{"line":225,"column":9}},"67":{"start":{"line":224,"column":10},"end":{"line":224,"column":43}},"68":{"start":{"line":228,"column":8},"end":{"line":230,"column":9}},"69":{"start":{"line":229,"column":10},"end":{"line":229,"column":45}},"70":{"start":{"line":233,"column":8},"end":{"line":241,"column":9}},"71":{"start":{"line":235,"column":35},"end":{"line":235,"column":109}},"72":{"start":{"line":235,"column":81},"end":{"line":235,"column":108}},"73":{"start":{"line":236,"column":10},"end":{"line":238,"column":11}},"74":{"start":{"line":237,"column":12},"end":{"line":237,"column":55}},"75":{"start":{"line":240,"column":10},"end":{"line":240,"column":53}},"76":{"start":{"line":253,"column":4},"end":{"line":253,"column":77}},"77":{"start":{"line":253,"column":70},"end":{"line":253,"column":77}},"78":{"start":{"line":255,"column":18},"end":{"line":255,"column":58}},"79":{"start":{"line":256,"column":4},"end":{"line":268,"column":5}},"80":{"start":{"line":257,"column":26},"end":{"line":257,"column":55}},"81":{"start":{"line":258,"column":6},"end":{"line":258,"column":49}},"82":{"start":{"line":260,"column":6},"end":{"line":264,"column":7}},"83":{"start":{"line":260,"column":19},"end":{"line":260,"column":20}},"84":{"start":{"line":261,"column":27},"end":{"line":261,"column":57}},"85":{"start":{"line":262,"column":8},"end":{"line":262,"column":35}},"86":{"start":{"line":263,"column":8},"end":{"line":263,"column":44}},"87":{"start":{"line":266,"column":6},"end":{"line":266,"column":64}},"88":{"start":{"line":267,"column":6},"end":{"line":267,"column":64}},"89":{"start":{"line":278,"column":4},"end":{"line":278,"column":79}},"90":{"start":{"line":278,"column":72},"end":{"line":278,"column":79}},"91":{"start":{"line":281,"column":26},"end":{"line":281,"column":98}},"92":{"start":{"line":281,"column":70},"end":{"line":281,"column":97}},"93":{"start":{"line":282,"column":4},"end":{"line":290,"column":5}},"94":{"start":{"line":283,"column":23},"end":{"line":283,"column":61}},"95":{"start":{"line":284,"column":6},"end":{"line":289,"column":7}},"96":{"start":{"line":285,"column":22},"end":{"line":285,"column":51}},"97":{"start":{"line":286,"column":8},"end":{"line":286,"column":47}},"98":{"start":{"line":287,"column":8},"end":{"line":287,"column":37}},"99":{"start":{"line":288,"column":8},"end":{"line":288,"column":60}},"100":{"start":{"line":300,"column":4},"end":{"line":300,"column":61}},"101":{"start":{"line":300,"column":54},"end":{"line":300,"column":61}},"102":{"start":{"line":303,"column":23},"end":{"line":303,"column":55}},"103":{"start":{"line":304,"column":4},"end":{"line":304,"column":45}},"104":{"start":{"line":305,"column":4},"end":{"line":305,"column":36}},"105":{"start":{"line":306,"column":4},"end":{"line":306,"column":43}},"106":{"start":{"line":309,"column":4},"end":{"line":309,"column":53}},"107":{"start":{"line":312,"column":4},"end":{"line":337,"column":7}},"108":{"start":{"line":313,"column":26},"end":{"line":313,"column":62}},"109":{"start":{"line":314,"column":6},"end":{"line":314,"column":31}},"110":{"start":{"line":314,"column":24},"end":{"line":314,"column":31}},"111":{"start":{"line":317,"column":6},"end":{"line":336,"column":9}},"112":{"start":{"line":319,"column":8},"end":{"line":319,"column":43}},"113":{"start":{"line":320,"column":8},"end":{"line":320,"column":48}},"114":{"start":{"line":323,"column":8},"end":{"line":326,"column":17}},"115":{"start":{"line":324,"column":10},"end":{"line":324,"column":42}},"116":{"start":{"line":325,"column":10},"end":{"line":325,"column":53}},"117":{"start":{"line":329,"column":8},"end":{"line":329,"column":52}},"118":{"start":{"line":330,"column":8},"end":{"line":330,"column":42}},"119":{"start":{"line":333,"column":8},"end":{"line":335,"column":17}},"120":{"start":{"line":334,"column":10},"end":{"line":334,"column":42}},"121":{"start":{"line":347,"column":4},"end":{"line":347,"column":105}},"122":{"start":{"line":347,"column":98},"end":{"line":347,"column":105}},"123":{"start":{"line":349,"column":24},"end":{"line":349,"column":59}},"124":{"start":{"line":352,"column":4},"end":{"line":395,"column":5}},"125":{"start":{"line":354,"column":6},"end":{"line":354,"column":45}},"126":{"start":{"line":357,"column":27},"end":{"line":357,"column":59}},"127":{"start":{"line":358,"column":6},"end":{"line":358,"column":51}},"128":{"start":{"line":359,"column":6},"end":{"line":359,"column":45}},"129":{"start":{"line":362,"column":28},"end":{"line":362,"column":57}},"130":{"start":{"line":363,"column":6},"end":{"line":363,"column":53}},"131":{"start":{"line":364,"column":6},"end":{"line":364,"column":46}},"132":{"start":{"line":365,"column":6},"end":{"line":365,"column":39}},"133":{"start":{"line":368,"column":6},"end":{"line":379,"column":9}},"134":{"start":{"line":369,"column":8},"end":{"line":369,"column":28}},"135":{"start":{"line":372,"column":8},"end":{"line":378,"column":9}},"136":{"start":{"line":373,"column":10},"end":{"line":373,"column":50}},"137":{"start":{"line":374,"column":10},"end":{"line":374,"column":49}},"138":{"start":{"line":376,"column":10},"end":{"line":376,"column":47}},"139":{"start":{"line":377,"column":10},"end":{"line":377,"column":49}},"140":{"start":{"line":382,"column":6},"end":{"line":394,"column":9}},"141":{"start":{"line":384,"column":8},"end":{"line":384,"column":67}},"142":{"start":{"line":384,"column":60},"end":{"line":384,"column":67}},"143":{"start":{"line":387,"column":8},"end":{"line":393,"column":9}},"144":{"start":{"line":388,"column":10},"end":{"line":388,"column":50}},"145":{"start":{"line":389,"column":10},"end":{"line":389,"column":49}},"146":{"start":{"line":391,"column":10},"end":{"line":391,"column":47}},"147":{"start":{"line":392,"column":10},"end":{"line":392,"column":49}},"148":{"start":{"line":403,"column":4},"end":{"line":413,"column":7}},"149":{"start":{"line":404,"column":27},"end":{"line":404,"column":73}},"150":{"start":{"line":406,"column":6},"end":{"line":412,"column":7}},"151":{"start":{"line":407,"column":8},"end":{"line":407,"column":45}},"152":{"start":{"line":408,"column":8},"end":{"line":408,"column":65}},"153":{"start":{"line":408,"column":26},"end":{"line":408,"column":65}},"154":{"start":{"line":410,"column":8},"end":{"line":410,"column":48}},"155":{"start":{"line":411,"column":8},"end":{"line":411,"column":65}},"156":{"start":{"line":411,"column":26},"end":{"line":411,"column":65}}},"fnMap":{"0":{"name":"(anonymous_0)","decl":{"start":{"line":8,"column":2},"end":{"line":8,"column":3}},"loc":{"start":{"line":8,"column":28},"end":{"line":55,"column":3}},"line":8},"1":{"name":"(anonymous_1)","decl":{"start":{"line":62,"column":2},"end":{"line":62,"column":3}},"loc":{"start":{"line":62,"column":27},"end":{"line":79,"column":3}},"line":62},"2":{"name":"(anonymous_2)","decl":{"start":{"line":85,"column":2},"end":{"line":85,"column":3}},"loc":{"start":{"line":85,"column":26},"end":{"line":115,"column":3}},"line":85},"3":{"name":"(anonymous_3)","decl":{"start":{"line":86,"column":42},"end":{"line":86,"column":43}},"loc":{"start":{"line":86,"column":55},"end":{"line":108,"column":5}},"line":86},"4":{"name":"(anonymous_4)","decl":{"start":{"line":89,"column":24},"end":{"line":89,"column":25}},"loc":{"start":{"line":89,"column":36},"end":{"line":103,"column":7}},"line":89},"5":{"name":"(anonymous_5)","decl":{"start":{"line":91,"column":38},"end":{"line":91,"column":39}},"loc":{"start":{"line":91,"column":46},"end":{"line":101,"column":11}},"line":91},"6":{"name":"(anonymous_6)","decl":{"start":{"line":122,"column":2},"end":{"line":122,"column":3}},"loc":{"start":{"line":122,"column":31},"end":{"line":130,"column":3}},"line":122},"7":{"name":"(anonymous_7)","decl":{"start":{"line":126,"column":17},"end":{"line":126,"column":18}},"loc":{"start":{"line":126,"column":23},"end":{"line":128,"column":7}},"line":126},"8":{"name":"(anonymous_8)","decl":{"start":{"line":136,"column":2},"end":{"line":136,"column":3}},"loc":{"start":{"line":136,"column":42},"end":{"line":142,"column":3}},"line":136},"9":{"name":"(anonymous_9)","decl":{"start":{"line":149,"column":2},"end":{"line":149,"column":3}},"loc":{"start":{"line":149,"column":39},"end":{"line":191,"column":3}},"line":149},"10":{"name":"(anonymous_10)","decl":{"start":{"line":150,"column":51},"end":{"line":150,"column":52}},"loc":{"start":{"line":150,"column":64},"end":{"line":190,"column":5}},"line":150},"11":{"name":"(anonymous_11)","decl":{"start":{"line":173,"column":70},"end":{"line":173,"column":71}},"loc":{"start":{"line":173,"column":77},"end":{"line":173,"column":104}},"line":173},"12":{"name":"(anonymous_12)","decl":{"start":{"line":198,"column":2},"end":{"line":198,"column":3}},"loc":{"start":{"line":198,"column":38},"end":{"line":244,"column":3}},"line":198},"13":{"name":"(anonymous_13)","decl":{"start":{"line":199,"column":54},"end":{"line":199,"column":55}},"loc":{"start":{"line":199,"column":63},"end":{"line":243,"column":5}},"line":199},"14":{"name":"(anonymous_14)","decl":{"start":{"line":235,"column":74},"end":{"line":235,"column":75}},"loc":{"start":{"line":235,"column":81},"end":{"line":235,"column":108}},"line":235},"15":{"name":"(anonymous_15)","decl":{"start":{"line":251,"column":2},"end":{"line":251,"column":3}},"loc":{"start":{"line":251,"column":28},"end":{"line":269,"column":3}},"line":251},"16":{"name":"(anonymous_16)","decl":{"start":{"line":276,"column":2},"end":{"line":276,"column":3}},"loc":{"start":{"line":276,"column":30},"end":{"line":291,"column":3}},"line":276},"17":{"name":"(anonymous_17)","decl":{"start":{"line":281,"column":63},"end":{"line":281,"column":64}},"loc":{"start":{"line":281,"column":70},"end":{"line":281,"column":97}},"line":281},"18":{"name":"(anonymous_18)","decl":{"start":{"line":298,"column":2},"end":{"line":298,"column":3}},"loc":{"start":{"line":298,"column":23},"end":{"line":338,"column":3}},"line":298},"19":{"name":"(anonymous_19)","decl":{"start":{"line":312,"column":41},"end":{"line":312,"column":42}},"loc":{"start":{"line":312,"column":47},"end":{"line":337,"column":5}},"line":312},"20":{"name":"(anonymous_20)","decl":{"start":{"line":317,"column":66},"end":{"line":317,"column":67}},"loc":{"start":{"line":317,"column":72},"end":{"line":327,"column":7}},"line":317},"21":{"name":"(anonymous_21)","decl":{"start":{"line":323,"column":19},"end":{"line":323,"column":20}},"loc":{"start":{"line":323,"column":25},"end":{"line":326,"column":9}},"line":323},"22":{"name":"(anonymous_22)","decl":{"start":{"line":327,"column":15},"end":{"line":327,"column":16}},"loc":{"start":{"line":327,"column":22},"end":{"line":336,"column":7}},"line":327},"23":{"name":"(anonymous_23)","decl":{"start":{"line":333,"column":19},"end":{"line":333,"column":20}},"loc":{"start":{"line":333,"column":25},"end":{"line":335,"column":9}},"line":333},"24":{"name":"(anonymous_24)","decl":{"start":{"line":345,"column":2},"end":{"line":345,"column":3}},"loc":{"start":{"line":345,"column":30},"end":{"line":396,"column":3}},"line":345},"25":{"name":"(anonymous_25)","decl":{"start":{"line":368,"column":45},"end":{"line":368,"column":46}},"loc":{"start":{"line":368,"column":52},"end":{"line":379,"column":7}},"line":368},"26":{"name":"(anonymous_26)","decl":{"start":{"line":382,"column":38},"end":{"line":382,"column":39}},"loc":{"start":{"line":382,"column":50},"end":{"line":394,"column":7}},"line":382},"27":{"name":"(anonymous_27)","decl":{"start":{"line":402,"column":2},"end":{"line":402,"column":3}},"loc":{"start":{"line":402,"column":39},"end":{"line":414,"column":3}},"line":402},"28":{"name":"(anonymous_28)","decl":{"start":{"line":403,"column":63},"end":{"line":403,"column":64}},"loc":{"start":{"line":403,"column":72},"end":{"line":413,"column":5}},"line":403}},"branchMap":{"0":{"loc":{"start":{"line":8,"column":14},"end":{"line":8,"column":26}},"type":"default-arg","locations":[{"start":{"line":8,"column":24},"end":{"line":8,"column":26}}],"line":8},"1":{"loc":{"start":{"line":25,"column":24},"end":{"line":25,"column":53}},"type":"binary-expr","locations":[{"start":{"line":25,"column":24},"end":{"line":25,"column":44}},{"start":{"line":25,"column":48},"end":{"line":25,"column":53}}],"line":25},"2":{"loc":{"start":{"line":37,"column":27},"end":{"line":37,"column":57}},"type":"binary-expr","locations":[{"start":{"line":37,"column":27},"end":{"line":37,"column":50}},{"start":{"line":37,"column":54},"end":{"line":37,"column":57}}],"line":37},"3":{"loc":{"start":{"line":52,"column":4},"end":{"line":54,"column":5}},"type":"if","locations":[{"start":{"line":52,"column":4},"end":{"line":54,"column":5}},{"start":{},"end":{}}],"line":52},"4":{"loc":{"start":{"line":62,"column":13},"end":{"line":62,"column":25}},"type":"default-arg","locations":[{"start":{"line":62,"column":23},"end":{"line":62,"column":25}}],"line":62},"5":{"loc":{"start":{"line":63,"column":4},"end":{"line":63,"column":33}},"type":"if","locations":[{"start":{"line":63,"column":4},"end":{"line":63,"column":33}},{"start":{},"end":{}}],"line":63},"6":{"loc":{"start":{"line":90,"column":8},"end":{"line":102,"column":9}},"type":"if","locations":[{"start":{"line":90,"column":8},"end":{"line":102,"column":9}},{"start":{},"end":{}}],"line":90},"7":{"loc":{"start":{"line":92,"column":12},"end":{"line":100,"column":13}},"type":"if","locations":[{"start":{"line":92,"column":12},"end":{"line":100,"column":13}},{"start":{},"end":{}}],"line":92},"8":{"loc":{"start":{"line":94,"column":14},"end":{"line":99,"column":15}},"type":"if","locations":[{"start":{"line":94,"column":14},"end":{"line":99,"column":15}},{"start":{},"end":{}}],"line":94},"9":{"loc":{"start":{"line":94,"column":18},"end":{"line":97,"column":51}},"type":"binary-expr","locations":[{"start":{"line":94,"column":18},"end":{"line":94,"column":48}},{"start":{"line":95,"column":18},"end":{"line":95,"column":42}},{"start":{"line":96,"column":18},"end":{"line":96,"column":55}},{"start":{"line":97,"column":18},"end":{"line":97,"column":51}}],"line":94},"10":{"loc":{"start":{"line":105,"column":6},"end":{"line":107,"column":7}},"type":"if","locations":[{"start":{"line":105,"column":6},"end":{"line":107,"column":7}},{"start":{},"end":{}}],"line":105},"11":{"loc":{"start":{"line":125,"column":4},"end":{"line":129,"column":5}},"type":"if","locations":[{"start":{"line":125,"column":4},"end":{"line":129,"column":5}},{"start":{},"end":{}}],"line":125},"12":{"loc":{"start":{"line":136,"column":20},"end":{"line":136,"column":40}},"type":"default-arg","locations":[{"start":{"line":136,"column":32},"end":{"line":136,"column":40}}],"line":136},"13":{"loc":{"start":{"line":152,"column":6},"end":{"line":152,"column":46}},"type":"if","locations":[{"start":{"line":152,"column":6},"end":{"line":152,"column":46}},{"start":{},"end":{}}],"line":152},"14":{"loc":{"start":{"line":161,"column":6},"end":{"line":163,"column":7}},"type":"if","locations":[{"start":{"line":161,"column":6},"end":{"line":163,"column":7}},{"start":{},"end":{}}],"line":161},"15":{"loc":{"start":{"line":166,"column":6},"end":{"line":168,"column":7}},"type":"if","locations":[{"start":{"line":166,"column":6},"end":{"line":168,"column":7}},{"start":{},"end":{}}],"line":166},"16":{"loc":{"start":{"line":171,"column":6},"end":{"line":179,"column":7}},"type":"if","locations":[{"start":{"line":171,"column":6},"end":{"line":179,"column":7}},{"start":{},"end":{}}],"line":171},"17":{"loc":{"start":{"line":171,"column":10},"end":{"line":171,"column":102}},"type":"binary-expr","locations":[{"start":{"line":171,"column":10},"end":{"line":171,"column":36}},{"start":{"line":171,"column":40},"end":{"line":171,"column":52}},{"start":{"line":171,"column":56},"end":{"line":171,"column":102}}],"line":171},"18":{"loc":{"start":{"line":174,"column":8},"end":{"line":176,"column":9}},"type":"if","locations":[{"start":{"line":174,"column":8},"end":{"line":176,"column":9}},{"start":{},"end":{}}],"line":174},"19":{"loc":{"start":{"line":182,"column":6},"end":{"line":184,"column":7}},"type":"if","locations":[{"start":{"line":182,"column":6},"end":{"line":184,"column":7}},{"start":{},"end":{}}],"line":182},"20":{"loc":{"start":{"line":187,"column":6},"end":{"line":189,"column":7}},"type":"if","locations":[{"start":{"line":187,"column":6},"end":{"line":189,"column":7}},{"start":{},"end":{}}],"line":187},"21":{"loc":{"start":{"line":201,"column":6},"end":{"line":201,"column":42}},"type":"if","locations":[{"start":{"line":201,"column":6},"end":{"line":201,"column":42}},{"start":{},"end":{}}],"line":201},"22":{"loc":{"start":{"line":208,"column":6},"end":{"line":210,"column":7}},"type":"if","locations":[{"start":{"line":208,"column":6},"end":{"line":210,"column":7}},{"start":{},"end":{}}],"line":208},"23":{"loc":{"start":{"line":208,"column":10},"end":{"line":208,"column":69}},"type":"binary-expr","locations":[{"start":{"line":208,"column":10},"end":{"line":208,"column":29}},{"start":{"line":208,"column":33},"end":{"line":208,"column":69}}],"line":208},"24":{"loc":{"start":{"line":213,"column":6},"end":{"line":215,"column":7}},"type":"if","locations":[{"start":{"line":213,"column":6},"end":{"line":215,"column":7}},{"start":{},"end":{}}],"line":213},"25":{"loc":{"start":{"line":219,"column":6},"end":{"line":242,"column":7}},"type":"if","locations":[{"start":{"line":219,"column":6},"end":{"line":242,"column":7}},{"start":{},"end":{}}],"line":219},"26":{"loc":{"start":{"line":219,"column":10},"end":{"line":219,"column":55}},"type":"binary-expr","locations":[{"start":{"line":219,"column":10},"end":{"line":219,"column":21}},{"start":{"line":219,"column":25},"end":{"line":219,"column":55}}],"line":219},"27":{"loc":{"start":{"line":223,"column":8},"end":{"line":225,"column":9}},"type":"if","locations":[{"start":{"line":223,"column":8},"end":{"line":225,"column":9}},{"start":{},"end":{}}],"line":223},"28":{"loc":{"start":{"line":228,"column":8},"end":{"line":230,"column":9}},"type":"if","locations":[{"start":{"line":228,"column":8},"end":{"line":230,"column":9}},{"start":{},"end":{}}],"line":228},"29":{"loc":{"start":{"line":233,"column":8},"end":{"line":241,"column":9}},"type":"if","locations":[{"start":{"line":233,"column":8},"end":{"line":241,"column":9}},{"start":{},"end":{}}],"line":233},"30":{"loc":{"start":{"line":233,"column":12},"end":{"line":233,"column":106}},"type":"binary-expr","locations":[{"start":{"line":233,"column":12},"end":{"line":233,"column":38}},{"start":{"line":233,"column":42},"end":{"line":233,"column":54}},{"start":{"line":233,"column":58},"end":{"line":233,"column":106}}],"line":233},"31":{"loc":{"start":{"line":236,"column":10},"end":{"line":238,"column":11}},"type":"if","locations":[{"start":{"line":236,"column":10},"end":{"line":238,"column":11}},{"start":{},"end":{}}],"line":236},"32":{"loc":{"start":{"line":253,"column":4},"end":{"line":253,"column":77}},"type":"if","locations":[{"start":{"line":253,"column":4},"end":{"line":253,"column":77}},{"start":{},"end":{}}],"line":253},"33":{"loc":{"start":{"line":256,"column":4},"end":{"line":268,"column":5}},"type":"if","locations":[{"start":{"line":256,"column":4},"end":{"line":268,"column":5}},{"start":{},"end":{}}],"line":256},"34":{"loc":{"start":{"line":278,"column":4},"end":{"line":278,"column":79}},"type":"if","locations":[{"start":{"line":278,"column":4},"end":{"line":278,"column":79}},{"start":{},"end":{}}],"line":278},"35":{"loc":{"start":{"line":282,"column":4},"end":{"line":290,"column":5}},"type":"if","locations":[{"start":{"line":282,"column":4},"end":{"line":290,"column":5}},{"start":{},"end":{}}],"line":282},"36":{"loc":{"start":{"line":284,"column":6},"end":{"line":289,"column":7}},"type":"if","locations":[{"start":{"line":284,"column":6},"end":{"line":289,"column":7}},{"start":{},"end":{}}],"line":284},"37":{"loc":{"start":{"line":300,"column":4},"end":{"line":300,"column":61}},"type":"if","locations":[{"start":{"line":300,"column":4},"end":{"line":300,"column":61}},{"start":{},"end":{}}],"line":300},"38":{"loc":{"start":{"line":313,"column":26},"end":{"line":313,"column":62}},"type":"binary-expr","locations":[{"start":{"line":313,"column":26},"end":{"line":313,"column":53}},{"start":{"line":313,"column":57},"end":{"line":313,"column":62}}],"line":313},"39":{"loc":{"start":{"line":314,"column":6},"end":{"line":314,"column":31}},"type":"if","locations":[{"start":{"line":314,"column":6},"end":{"line":314,"column":31}},{"start":{},"end":{}}],"line":314},"40":{"loc":{"start":{"line":347,"column":4},"end":{"line":347,"column":105}},"type":"if","locations":[{"start":{"line":347,"column":4},"end":{"line":347,"column":105}},{"start":{},"end":{}}],"line":347},"41":{"loc":{"start":{"line":347,"column":8},"end":{"line":347,"column":96}},"type":"binary-expr","locations":[{"start":{"line":347,"column":8},"end":{"line":347,"column":51}},{"start":{"line":347,"column":55},"end":{"line":347,"column":96}}],"line":347},"42":{"loc":{"start":{"line":349,"column":24},"end":{"line":349,"column":59}},"type":"binary-expr","locations":[{"start":{"line":349,"column":24},"end":{"line":349,"column":50}},{"start":{"line":349,"column":54},"end":{"line":349,"column":59}}],"line":349},"43":{"loc":{"start":{"line":352,"column":4},"end":{"line":395,"column":5}},"type":"if","locations":[{"start":{"line":352,"column":4},"end":{"line":395,"column":5}},{"start":{},"end":{}}],"line":352},"44":{"loc":{"start":{"line":372,"column":8},"end":{"line":378,"column":9}},"type":"if","locations":[{"start":{"line":372,"column":8},"end":{"line":378,"column":9}},{"start":{"line":375,"column":15},"end":{"line":378,"column":9}}],"line":372},"45":{"loc":{"start":{"line":384,"column":8},"end":{"line":384,"column":67}},"type":"if","locations":[{"start":{"line":384,"column":8},"end":{"line":384,"column":67}},{"start":{},"end":{}}],"line":384},"46":{"loc":{"start":{"line":387,"column":8},"end":{"line":393,"column":9}},"type":"if","locations":[{"start":{"line":387,"column":8},"end":{"line":393,"column":9}},{"start":{"line":390,"column":15},"end":{"line":393,"column":9}}],"line":387},"47":{"loc":{"start":{"line":406,"column":6},"end":{"line":412,"column":7}},"type":"if","locations":[{"start":{"line":406,"column":6},"end":{"line":412,"column":7}},{"start":{"line":409,"column":13},"end":{"line":412,"column":7}}],"line":406},"48":{"loc":{"start":{"line":408,"column":8},"end":{"line":408,"column":65}},"type":"if","locations":[{"start":{"line":408,"column":8},"end":{"line":408,"column":65}},{"start":{},"end":{}}],"line":408},"49":{"loc":{"start":{"line":411,"column":8},"end":{"line":411,"column":65}},"type":"if","locations":[{"start":{"line":411,"column":8},"end":{"line":411,"column":65}},{"start":{},"end":{}}],"line":411}},"s":{"0":0,"1":0,"2":0,"3":0,"4":0,"5":0,"6":0,"7":0,"8":0,"9":0,"10":0,"11":0,"12":0,"13":0,"14":0,"15":0,"16":0,"17":0,"18":0,"19":0,"20":0,"21":0,"22":0,"23":0,"24":0,"25":0,"26":0,"27":0,"28":0,"29":0,"30":0,"31":0,"32":0,"33":0,"34":0,"35":0,"36":0,"37":0,"38":0,"39":0,"40":0,"41":0,"42":0,"43":0,"44":0,"45":0,"46":0,"47":0,"48":0,"49":0,"50":0,"51":0,"52":0,"53":0,"54":0,"55":0,"56":0,"57":0,"58":0,"59":0,"60":0,"61":0,"62":0,"63":0,"64":0,"65":0,"66":0,"67":0,"68":0,"69":0,"70":0,"71":0,"72":0,"73":0,"74":0,"75":0,"76":0,"77":0,"78":0,"79":0,"80":0,"81":0,"82":0,"83":0,"84":0,"85":0,"86":0,"87":0,"88":0,"89":0,"90":0,"91":0,"92":0,"93":0,"94":0,"95":0,"96":0,"97":0,"98":0,"99":0,"100":0,"101":0,"102":0,"103":0,"104":0,"105":0,"106":0,"107":0,"108":0,"109":0,"110":0,"111":0,"112":0,"113":0,"114":0,"115":0,"116":0,"117":0,"118":0,"119":0,"120":0,"121":0,"122":0,"123":0,"124":0,"125":0,"126":0,"127":0,"128":0,"129":0,"130":0,"131":0,"132":0,"133":0,"134":0,"135":0,"136":0,"137":0,"138":0,"139":0,"140":0,"141":0,"142":0,"143":0,"144":0,"145":0,"146":0,"147":0,"148":0,"149":0,"150":0,"151":0,"152":0,"153":0,"154":0,"155":0,"156":0},"f":{"0":0,"1":0,"2":0,"3":0,"4":0,"5":0,"6":0,"7":0,"8":0,"9":0,"10":0,"11":0,"12":0,"13":0,"14":0,"15":0,"16":0,"17":0,"18":0,"19":0,"20":0,"21":0,"22":0,"23":0,"24":0,"25":0,"26":0,"27":0,"28":0},"b":{"0":[0],"1":[0,0],"2":[0,0],"3":[0,0],"4":[0],"5":[0,0],"6":[0,0],"7":[0,0],"8":[0,0],"9":[0,0,0,0],"10":[0,0],"11":[0,0],"12":[0],"13":[0,0],"14":[0,0],"15":[0,0],"16":[0,0],"17":[0,0,0],"18":[0,0],"19":[0,0],"20":[0,0],"21":[0,0],"22":[0,0],"23":[0,0],"24":[0,0],"25":[0,0],"26":[0,0],"27":[0,0],"28":[0,0],"29":[0,0],"30":[0,0,0],"31":[0,0],"32":[0,0],"33":[0,0],"34":[0,0],"35":[0,0],"36":[0,0],"37":[0,0],"38":[0,0],"39":[0,0],"40":[0,0],"41":[0,0],"42":[0,0],"43":[0,0],"44":[0,0],"45":[0,0],"46":[0,0],"47":[0,0],"48":[0,0],"49":[0,0]}}
,"/home/deck/Documents/Grimoire/steam_deck_dub_edition/src/components/CodeBlocks/index.js": {"path":"/home/deck/Documents/Grimoire/steam_deck_dub_edition/src/components/CodeBlocks/index.js","statementMap":{},"fnMap":{},"branchMap":{},"s":{},"f":{},"b":{}}
[...]
umn":4},"end":{"line":580,"column":81}},"230":{"start":{"line":580,"column":74},"end":{"line":580,"column":81}},"231":{"start":{"line":582,"column":19},"end":{"line":582,"column":64}},"232":{"start":{"line":583,"column":4},"end":{"line":604,"column":5}},"233":{"start":{"line":584,"column":6},"end":{"line":584,"column":25}},"234":{"start":{"line":586,"column":23},"end":{"line":586,"column":80}},"235":{"start":{"line":587,"column":6},"end":{"line":603,"column":7}},"236":{"start":{"line":588,"column":30},"end":{"line":588,"column":63}},"237":{"start":{"line":589,"column":8},"end":{"line":602,"column":9}},"238":{"start":{"line":590,"column":10},"end":{"line":590,"column":63}},"239":{"start":{"line":593,"column":10},"end":{"line":593,"column":55}},"240":{"start":{"line":594,"column":10},"end":{"line":594,"column":32}},"241":{"start":{"line":597,"column":10},"end":{"line":597,"column":65}},"242":{"start":{"line":598,"column":10},"end":{"line":601,"column":19}},"243":{"start":{"line":599,"column":12},"end":{"line":599,"column":70}},"244":{"start":{"line":600,"column":12},"end":{"line":600,"column":54}},"245":{"start":{"line":612,"column":4},"end":{"line":612,"column":28}},"246":{"start":{"line":617,"column":25},"end":{"line":617,"column":47}}},"fnMap":{"0":{"name":"(anonymous_0)","decl":{"start":{"line":17,"column":2},"end":{"line":17,"column":3}},"loc":{"start":{"line":17,"column":16},"end":{"line":80,"column":3}},"line":17},"1":{"name":"(anonymous_1)","decl":{"start":{"line":86,"column":2},"end":{"line":86,"column":3}},"loc":{"start":{"line":86,"column":15},"end":{"line":95,"column":3}},"line":86},"2":{"name":"(anonymous_2)","decl":{"start":{"line":102,"column":2},"end":{"line":102,"column":3}},"loc":{"start":{"line":102,"column":25},"end":{"line":172,"column":3}},"line":102},"3":{"name":"(anonymous_3)","decl":{"start":{"line":179,"column":2},"end":{"line":179,"column":3}},"loc":{"start":{"line":179,"column":21},"end":{"line":213,"column":3}},"line":179},"4":{"name":"(anonymous_4)","decl":{"start":{"line":183,"column":76},"end":{"line":183,"column":77}},"loc":{"start":{"line":183,"column":87},"end":{"line":195,"column":5}},"line":183},"5":{"name":"(anonymous_5)","decl":{"start":{"line":198,"column":79},"end":{"line":198,"column":80}},"loc":{"start":{"line":198,"column":90},"end":{"line":210,"column":5}},"line":198},"6":{"name":"(anonymous_6)","decl":{"start":{"line":220,"column":2},"end":{"line":220,"column":3}},"loc":{"start":{"line":220,"column":24},"end":{"line":299,"column":3}},"line":220},"7":{"name":"(anonymous_7)","decl":{"start":{"line":222,"column":82},"end":{"line":222,"column":83}},"loc":{"start":{"line":222,"column":88},"end":{"line":224,"column":5}},"line":222},"8":{"name":"(anonymous_8)","decl":{"start":{"line":227,"column":49},"end":{"line":227,"column":50}},"loc":{"start":{"line":227,"column":55},"end":{"line":229,"column":5}},"line":227},"9":{"name":"(anonymous_9)","decl":{"start":{"line":232,"column":47},"end":{"line":232,"column":48}},"loc":{"start":{"line":232,"column":53},"end":{"line":234,"column":5}},"line":232},"10":{"name":"(anonymous_10)","decl":{"start":{"line":237,"column":49},"end":{"line":237,"column":50}},"loc":{"start":{"line":237,"column":56},"end":{"line":250,"column":5}},"line":237},"11":{"name":"(anonymous_11)","decl":{"start":{"line":253,"column":52},"end":{"line":253,"column":53}},"loc":{"start":{"line":253,"column":59},"end":{"line":280,"column":5}},"line":253},"12":{"name":"(anonymous_12)","decl":{"start":{"line":272,"column":25},"end":{"line":272,"column":26}},"loc":{"start":{"line":272,"column":31},"end":{"line":275,"column":15}},"line":272},"13":{"name":"(anonymous_13)","decl":{"start":{"line":283,"column":41},"end":{"line":283,"column":42}},"loc":{"start":{"line":283,"column":48},"end":{"line":290,"column":5}},"line":283},"14":{"name":"(anonymous_14)","decl":{"start":{"line":293,"column":39},"end":{"line":293,"column":40}},"loc":{"start":{"line":293,"column":46},"end":{"line":298,"column":5}},"line":293},"15":{"name":"(anonymous_15)","decl":{"start":{"line":306,"column":2},"end":{"line":306,"column":3}},"loc":{"start":{"line":306,"column":18},"end":{"line":353,"column":3}},"line":306},"16":{"name":"(anonymous_16)","decl":{"start":{"line":319,"column":14},"end":{"line":319,"column":15}},"loc":{"start":{"line":319,"column":22},"end":{"line":323,"column":7}},"line":319},"17":{"name":"(anonymous_17)","decl":{"start":{"line":324,"column":11},"end":{"line":324,"column":12}},"loc":{"start":{"line":324,"column":19},"end":{"line":342,"column":7}},"line":324},"18":{"name":"(anonymous_18)","decl":{"start":{"line":343,"column":12},"end":{"line":343,"column":13}},"loc":{"start":{"line":343,"column":22},"end":{"line":343,"column":39}},"line":343},"19":{"name":"(anonymous_19)","decl":{"start":{"line":360,"column":2},"end":{"line":360,"column":3}},"loc":{"start":{"line":360,"column":19},"end":{"line":435,"column":3}},"line":360},"20":{"name":"(anonymous_20)","decl":{"start":{"line":367,"column":32},"end":{"line":367,"column":33}},"loc":{"start":{"line":367,"column":51},"end":{"line":426,"column":5}},"line":367},"21":{"name":"(anonymous_21)","decl":{"start":{"line":443,"column":2},"end":{"line":443,"column":3}},"loc":{"start":{"line":443,"column":25},"end":{"line":451,"column":3}},"line":443},"22":{"name":"(anonymous_22)","decl":{"start":{"line":457,"column":2},"end":{"line":457,"column":3}},"loc":{"start":{"line":457,"column":15},"end":{"line":477,"column":3}},"line":457},"23":{"name":"(anonymous_23)","decl":{"start":{"line":466,"column":15},"end":{"line":466,"column":16}},"loc":{"start":{"line":466,"column":21},"end":{"line":468,"column":5}},"line":466},"24":{"name":"(anonymous_24)","decl":{"start":{"line":483,"column":2},"end":{"line":483,"column":3}},"loc":{"start":{"line":483,"column":16},"end":{"line":506,"column":3}},"line":483},"25":{"name":"(anonymous_25)","decl":{"start":{"line":513,"column":2},"end":{"line":513,"column":3}},"loc":{"start":{"line":513,"column":21},"end":{"line":524,"column":3}},"line":513},"26":{"name":"(anonymous_26)","decl":{"start":{"line":531,"column":2},"end":{"line":531,"column":3}},"loc":{"start":{"line":531,"column":25},"end":{"line":544,"column":3}},"line":531},"27":{"name":"(anonymous_27)","decl":{"start":{"line":551,"column":2},"end":{"line":551,"column":3}},"loc":{"start":{"line":551,"column":25},"end":{"line":562,"column":3}},"line":551},"28":{"name":"(anonymous_28)","decl":{"start":{"line":569,"column":2},"end":{"line":569,"column":3}},"loc":{"start":{"line":569,"column":26},"end":{"line":572,"column":3}},"line":569},"29":{"name":"(anonymous_29)","decl":{"start":{"line":571,"column":15},"end":{"line":571,"column":16}},"loc":{"start":{"line":571,"column":23},"end":{"line":571,"column":56}},"line":571},"30":{"name":"(anonymous_30)","decl":{"start":{"line":579,"column":2},"end":{"line":579,"column":3}},"loc":{"start":{"line":579,"column":29},"end":{"line":605,"column":3}},"line":579},"31":{"name":"(anonymous_31)","decl":{"start":{"line":598,"column":21},"end":{"line":598,"column":22}},"loc":{"start":{"line":598,"column":27},"end":{"line":601,"column":11}},"line":598},"32":{"name":"(anonymous_32)","decl":{"start":{"line":611,"column":2},"end":{"line":611,"column":3}},"loc":{"start":{"line":611,"column":17},"end":{"line":613,"column":3}},"line":611}},"branchMap":{"0":{"loc":{"start":{"line":87,"column":4},"end":{"line":87,"column":33}},"type":"if","locations":[{"start":{"line":87,"column":4},"end":{"line":87,"column":33}},{"start":{},"end":{}}],"line":87},"1":{"loc":{"start":{"line":104,"column":4},"end":{"line":171,"column":5}},"type":"if","locations":[{"start":{"line":104,"column":4},"end":{"line":171,"column":5}},{"start":{"line":165,"column":11},"end":{"line":171,"column":5}}],"line":104},"2":{"loc":{"start":{"line":185,"column":20},"end":{"line":185,"column":102}},"type":"binary-expr","locations":[{"start":{"line":185,"column":20},"end":{"line":185,"column":80}},{"start":{"line":185,"column":84},"end":{"line":185,"column":102}}],"line":185},"3":{"loc":{"start":{"line":238,"column":6},"end":{"line":249,"column":7}},"type":"if","locations":[{"start":{"line":238,"column":6},"end":{"line":249,"column":7}},{"start":{"line":240,"column":13},"end":{"line":249,"column":7}}],"line":238},"4":{"loc":{"start":{"line":240,"column":13},"end":{"line":249,"column":7}},"type":"if","locations":[{"start":{"line":240,"column":13},"end":{"line":249,"column":7}},{"start":{"line":243,"column":13},"end":{"line":249,"column":7}}],"line":240},"5":{"loc":{"start":{"line":243,"column":13},"end":{"line":249,"column":7}},"type":"if","locations":[{"start":{"line":243,"column":13},"end":{"line":249,"column":7}},{"start":{"line":246,"column":13},"end":{"line":249,"column":7}}],"line":243},"6":{"loc":{"start":{"line":246,"column":13},"end":{"line":249,"column":7}},"type":"if","locations":[{"start":{"line":246,"column":13},"end":{"line":249,"column":7}},{"start":{},"end":{}}],"line":246},"7":{"loc":{"start":{"line":255,"column":6},"end":{"line":279,"column":7}},"type":"if","locations":[{"start":{"line":255,"column":6},"end":{"line":279,"column":7}},{"start":{},"end":{}}],"line":255},"8":{"loc":{"start":{"line":257,"column":8},"end":{"line":278,"column":9}},"type":"if","locations":[{"start":{"line":257,"column":8},"end":{"line":278,"column":9}},{"start":{},"end":{}}],"line":257},"9":{"loc":{"start":{"line":260,"column":27},"end":{"line":260,"column":70}},"type":"cond-expr","locations":[{"start":{"line":260,"column":49},"end":{"line":260,"column":65}},{"start":{"line":260,"column":68},"end":{"line":260,"column":70}}],"line":260},"10":{"loc":{"start":{"line":261,"column":10},"end":{"line":277,"column":11}},"type":"if","locations":[{"start":{"line":261,"column":10},"end":{"line":277,"column":11}},{"start":{},"end":{}}],"line":261},"11":{"loc":{"start":{"line":263,"column":12},"end":{"line":276,"column":13}},"type":"if","locations":[{"start":{"line":263,"column":12},"end":{"line":276,"column":13}},{"start":{},"end":{}}],"line":263},"12":{"loc":{"start":{"line":285,"column":6},"end":{"line":289,"column":7}},"type":"if","locations":[{"start":{"line":285,"column":6},"end":{"line":289,"column":7}},{"start":{},"end":{}}],"line":285},"13":{"loc":{"start":{"line":285,"column":10},"end":{"line":286,"column":94}},"type":"binary-expr","locations":[{"start":{"line":285,"column":11},"end":{"line":285,"column":20}},{"start":{"line":285,"column":25},"end":{"line":285,"column":38}},{"start":{"line":285,"column":42},"end":{"line":285,"column":55}},{"start":{"line":286,"column":11},"end":{"line":286,"column":24}},{"start":{"line":286,"column":28},"end":{"line":286,"column":93}}],"line":285},"14":{"loc":{"start":{"line":294,"column":6},"end":{"line":297,"column":7}},"type":"if","locations":[{"start":{"line":294,"column":6},"end":{"line":297,"column":7}},{"start":{},"end":{}}],"line":294},"15":{"loc":{"start":{"line":294,"column":10},"end":{"line":294,"column":94}},"type":"binary-expr","locations":[{"start":{"line":294,"column":10},"end":{"line":294,"column":50}},{"start":{"line":294,"column":54},"end":{"line":294,"column":94}}],"line":294},"16":{"loc":{"start":{"line":310,"column":4},"end":{"line":315,"column":5}},"type":"if","locations":[{"start":{"line":310,"column":4},"end":{"line":315,"column":5}},{"start":{},"end":{}}],"line":310},"17":{"loc":{"start":{"line":322,"column":15},"end":{"line":322,"column":41}},"type":"binary-expr","locations":[{"start":{"line":322,"column":15},"end":{"line":322,"column":25}},{"start":{"line":322,"column":29},"end":{"line":322,"column":41}}],"line":322},"18":{"loc":{"start":{"line":331,"column":8},"end":{"line":333,"column":9}},"type":"if","locations":[{"start":{"line":331,"column":8},"end":{"line":333,"column":9}},{"start":{},"end":{}}],"line":331},"19":{"loc":{"start":{"line":334,"column":8},"end":{"line":336,"column":9}},"type":"if","locations":[{"start":{"line":334,"column":8},"end":{"line":336,"column":9}},{"start":{},"end":{}}],"line":334},"20":{"loc":{"start":{"line":345,"column":4},"end":{"line":349,"column":5}},"type":"if","locations":[{"start":{"line":345,"column":4},"end":{"line":349,"column":5}},{"start":{"line":347,"column":13},"end":{"line":349,"column":5}}],"line":345},"21":{"loc":{"start":{"line":375,"column":6},"end":{"line":383,"column":7}},"type":"if","locations":[{"start":{"line":375,"column":6},"end":{"line":383,"column":7}},{"start":{},"end":{}}],"line":375},"22":{"loc":{"start":{"line":378,"column":8},"end":{"line":382,"column":9}},"type":"if","locations":[{"start":{"line":378,"column":8},"end":{"line":382,"column":9}},{"start":{},"end":{}}],"line":378},"23":{"loc":{"start":{"line":392,"column":6},"end":{"line":423,"column":7}},"type":"if","locations":[{"start":{"line":392,"column":6},"end":{"line":423,"column":7}},{"start":{},"end":{}}],"line":392},"24":{"loc":{"start":{"line":392,"column":10},"end":{"line":392,"column":33}},"type":"binary-expr","locations":[{"start":{"line":392,"column":10},"end":{"line":392,"column":15}},{"start":{"line":392,"column":19},"end":{"line":392,"column":33}}],"line":392},"25":{"loc":{"start":{"line":396,"column":8},"end":{"line":422,"column":9}},"type":"if","locations":[{"start":{"line":396,"column":8},"end":{"line":422,"column":9}},{"start":{},"end":{}}],"line":396},"26":{"loc":{"start":{"line":402,"column":10},"end":{"line":404,"column":11}},"type":"if","locations":[{"start":{"line":402,"column":10},"end":{"line":404,"column":11}},{"start":{},"end":{}}],"line":402},"27":{"loc":{"start":{"line":405,"column":10},"end":{"line":407,"column":11}},"type":"if","locations":[{"start":{"line":405,"column":10},"end":{"line":407,"column":11}},{"start":{},"end":{}}],"line":405},"28":{"loc":{"start":{"line":412,"column":10},"end":{"line":421,"column":11}},"type":"if","locations":[{"start":{"line":412,"column":10},"end":{"line":421,"column":11}},{"start":{},"end":{}}],"line":412},"29":{"loc":{"start":{"line":474,"column":4},"end":{"line":476,"column":5}},"type":"if","locations":[{"start":{"line":474,"column":4},"end":{"line":476,"column":5}},{"start":{},"end":{}}],"line":474},"30":{"loc":{"start":{"line":502,"column":4},"end":{"line":505,"column":5}},"type":"if","locations":[{"start":{"line":502,"column":4},"end":{"line":505,"column":5}},{"start":{},"end":{}}],"line":502},"31":{"loc":{"start":{"line":514,"column":4},"end":{"line":514,"column":49}},"type":"if","locations":[{"start":{"line":514,"column":4},"end":{"line":514,"column":49}},{"start":{},"end":{}}],"line":514},"32":{"loc":{"start":{"line":532,"column":4},"end":{"line":532,"column":49}},"type":"if","locations":[{"start":{"line":532,"column":4},"end":{"line":532,"column":49}},{"start":{},"end":{}}],"line":532},"33":{"loc":{"start":{"line":538,"column":31},"end":{"line":540,"column":34}},"type":"cond-expr","locations":[{"start":{"line":539,"column":6},"end":{"line":539,"column":36}},{"start":{"line":540,"column":6},"end":{"line":540,"column":34}}],"line":538},"34":{"loc":{"start":{"line":552,"column":4},"end":{"line":552,"column":45}},"type":"if","locations":[{"start":{"line":552,"column":4},"end":{"line":552,"column":45}},{"start":{},"end":{}}],"line":552},"35":{"loc":{"start":{"line":558,"column":4},"end":{"line":561,"column":5}},"type":"if","locations":[{"start":{"line":558,"column":4},"end":{"line":561,"column":5}},{"start":{},"end":{}}],"line":558},"36":{"loc":{"start":{"line":580,"column":4},"end":{"line":580,"column":81}},"type":"if","locations":[{"start":{"line":580,"column":4},"end":{"line":580,"column":81}},{"start":{},"end":{}}],"line":580},"37":{"loc":{"start":{"line":580,"column":8},"end":{"line":580,"column":72}},"type":"binary-expr","locations":[{"start":{"line":580,"column":8},"end":{"line":580,"column":36}},{"start":{"line":580,"column":40},"end":{"line":580,"column":72}}],"line":580},"38":{"loc":{"start":{"line":583,"column":4},"end":{"line":604,"column":5}},"type":"if","locations":[{"start":{"line":583,"column":4},"end":{"line":604,"column":5}},{"start":{},"end":{}}],"line":583},"39":{"loc":{"start":{"line":583,"column":8},"end":{"line":583,"column":28}},"type":"binary-expr","locations":[{"start":{"line":583,"column":8},"end":{"line":583,"column":14}},{"start":{"line":583,"column":18},"end":{"line":583,"column":28}}],"line":583},"40":{"loc":{"start":{"line":586,"column":23},"end":{"line":586,"column":80}},"type":"cond-expr","locations":[{"start":{"line":586,"column":52},"end":{"line":586,"column":75}},{"start":{"line":586,"column":78},"end":{"line":586,"column":80}}],"line":586},"41":{"loc":{"start":{"line":587,"column":6},"end":{"line":603,"column":7}},"type":"if","locations":[{"start":{"line":587,"column":6},"end":{"line":603,"column":7}},{"start":{},"end":{}}],"line":587},"42":{"loc":{"start":{"line":589,"column":8},"end":{"line":602,"column":9}},"type":"if","locations":[{"start":{"line":589,"column":8},"end":{"line":602,"column":9}},{"start":{},"end":{}}],"line":589}},"s":{"0":0,"1":0,"2":0,"3":0,"4":0,"5":0,"6":0,"7":0,"8":0,"9":0,"10":0,"11":0,"12":0,"13":0,"14":0,"15":0,"16":0,"17":0,"18":0,"19":0,"20":0,"21":0,"22":0,"23":0,"24":0,"25":0,"26":0,"27":0,"28":0,"29":0,"30":0,"31":0,"32":0,"33":0,"34":0,"35":0,"36":0,"37":0,"38":0,"39":0,"40":0,"41":0,"42":0,"43":0,"44":0,"45":0,"46":0,"47":0,"48":0,"49":0,"50":0,"51":0,"52":0,"53":0,"54":0,"55":0,"56":0,"57":0,"58":0,"59":0,"60":0,"61":0,"62":0,"63":0,"64":0,"65":0,"66":0,"67":0,"68":0,"69":0,"70":0,"71":0,"72":0,"73":0,"74":0,"75":0,"76":0,"77":0,"78":0,"79":0,"80":0,"81":0,"82":0,"83":0,"84":0,"85":0,"86":0,"87":0,"88":0,"89":0,"90":0,"91":0,"92":0,"93":0,"94":0,"95":0,"96":0,"97":0,"98":0,"99":0,"100":0,"101":0,"102":0,"103":0,"104":0,"105":0,"106":0,"107":0,"108":0,"109":0,"110":0,"111":0,"112":0,"113":0,"114":0,"115":0,"116":0,"117":0,"118":0,"119":0,"120":0,"121":0,"122":0,"123":0,"124":0,"125":0,"126":0,"127":0,"128":0,"129":0,"130":0,"131":0,"132":0,"133":0,"134":0,"135":0,"136":0,"137":0,"138":0,"139":0,"140":0,"141":0,"142":0,"143":0,"144":0,"145":0,"146":0,"147":0,"148":0,"149":0,"150":0,"151":0,"152":0,"153":0,"154":0,"155":0,"156":0,"157":0,"158":0,"159":0,"160":0,"161":0,"162":0,"163":0,"164":0,"165":0,"166":0,"167":0,"168":0,"169":0,"170":0,"171":0,"172":0,"173":0,"174":0,"175":0,"176":0,"177":0,"178":0,"179":0,"180":0,"181":0,"182":0,"183":0,"184":0,"185":0,"186":0,"187":0,"188":0,"189":0,"190":0,"191":0,"192":0,"193":0,"194":0,"195":0,"196":0,"197":0,"198":0,"199":0,"200":0,"201":0,"202":0,"203":0,"204":0,"205":0,"206":0,"207":0,"208":0,"209":0,"210":0,"211":0,"212":0,"213":0,"214":0,"215":0,"216":0,"217":0,"218":0,"219":0,"220":0,"221":0,"222":0,"223":0,"224":0,"225":0,"226":0,"227":0,"228":0,"229":0,"230":0,"231":0,"232":0,"233":0,"234":0,"235":0,"236":0,"237":0,"238":0,"239":0,"240":0,"241":0,"242":0,"243":0,"244":0,"245":0,"246":0},"f":{"0":0,"1":0,"2":0,"3":0,"4":0,"5":0,"6":0,"7":0,"8":0,"9":0,"10":0,"11":0,"12":0,"13":0,"14":0,"15":0,"16":0,"17":0,"18":0,"19":0,"20":0,"21":0,"22":0,"23":0,"24":0,"25":0,"26":0,"27":0,"28":0,"29":0,"30":0,"31":0,"32":0},"b":{"0":[0,0],"1":[0,0],"2":[0,0],"3":[0,0],"4":[0,0],"5":[0,0],"6":[0,0],"7":[0,0],"8":[0,0],"9":[0,0],"10":[0,0],"11":[0,0],"12":[0,0],"13":[0,0,0,0,0],"14":[0,0],"15":[0,0],"16":[0,0],"17":[0,0],"18":[0,0],"19":[0,0],"20":[0,0],"21":[0,0],"22":[0,0],"23":[0,0],"24":[0,0],"25":[0,0],"26":[0,0],"27":[0,0],"28":[0,0],"29":[0,0],"30":[0,0],"31":[0,0],"32":[0,0],"33":[0,0],"34":[0,0],"35":[0,0],"36":[0,0],"37":[0,0],"38":[0,0],"39":[0,0],"40":[0,0],"41":[0,0],"42":[0,0]}}
,"/home/deck/Documents/Grimoire/steam_deck_dub_edition/src/styles/index.js": {"path":"/home/deck/Documents/Grimoire/steam_deck_dub_edition/src/styles/index.js","statementMap":{},"fnMap":{},"branchMap":{},"s":{},"f":{},"b":{}}
,"/home/deck/Documents/Grimoire/steam_deck_dub_edition/src/styles/content/index.js": {"path":"/home/deck/Documents/Grimoire/steam_deck_dub_edition/src/styles/content/index.js","statementMap":{},"fnMap":{},"branchMap":{},"s":{},"f":{},"b":{}}
}
