TN:
SF:src/accessibility.js
FN:24,(anonymous_0)
FN:63,(anonymous_1)
FN:90,(anonymous_2)
FN:109,(anonymous_3)
FN:121,(anonymous_4)
FN:146,(anonymous_5)
FN:148,(anonymous_6)
FN:156,(anonymous_7)
FN:164,(anonymous_8)
FN:172,(anonymous_9)
FN:180,(anonymous_10)
FN:192,(anonymous_11)
FN:205,(anonymous_12)
FN:218,(anonymous_13)
FN:231,(anonymous_14)
FN:244,(anonymous_15)
FN:258,(anonymous_16)
FN:276,(anonymous_17)
FN:286,(anonymous_18)
FN:298,(anonymous_19)
FN:305,(anonymous_20)
FNF:21
FNH:0
FNDA:0,(anonymous_0)
FNDA:0,(anonymous_1)
FNDA:0,(anonymous_2)
FNDA:0,(anonymous_3)
FNDA:0,(anonymous_4)
FNDA:0,(anonymous_5)
FNDA:0,(anonymous_6)
FNDA:0,(anonymous_7)
FNDA:0,(anonymous_8)
FNDA:0,(anonymous_9)
FNDA:0,(anonymous_10)
FNDA:0,(anonymous_11)
FNDA:0,(anonymous_12)
FNDA:0,(anonymous_13)
FNDA:0,(anonymous_14)
FNDA:0,(anonymous_15)
FNDA:0,(anonymous_16)
FNDA:0,(anonymous_17)
FNDA:0,(anonymous_18)
FNDA:0,(anonymous_19)
FNDA:0,(anonymous_20)
DA:34,0
DA:47,0
DA:64,0
DA:66,0
DA:68,0
DA:71,0
DA:74,0
DA:76,0
DA:77,0
DA:79,0
DA:91,0
DA:92,0
DA:93,0
DA:94,0
DA:95,0
DA:98,0
DA:110,0
DA:111,0
DA:112,0
DA:114,0
DA:123,0
DA:126,0
DA:129,0
DA:132,0
DA:135,0
DA:138,0
DA:148,0
DA:149,0
DA:150,0
DA:151,0
DA:152,0
DA:156,0
DA:157,0
DA:158,0
DA:159,0
DA:160,0
DA:164,0
DA:165,0
DA:166,0
DA:167,0
DA:168,0
DA:172,0
DA:173,0
DA:174,0
DA:175,0
DA:176,0
DA:180,0
DA:181,0
DA:182,0
DA:183,0
DA:184,0
DA:194,0
DA:197,0
DA:198,0
DA:206,0
DA:207,0
DA:209,0
DA:211,0
DA:219,0
DA:220,0
DA:222,0
DA:224,0
DA:233,0
DA:236,0
DA:237,0
DA:245,0
DA:246,0
DA:247,0
DA:249,0
DA:250,0
DA:252,0
DA:260,0
DA:263,0
DA:264,0
DA:265,0
DA:266,0
DA:269,0
DA:276,0
DA:277,0
DA:278,0
DA:279,0
DA:287,0
DA:288,0
DA:289,0
DA:290,0
DA:299,0
DA:306,0
DA:314,0
DA:315,0
DA:316,0
DA:321,0
LF:91
LH:0
BRDA:64,0,0,0
BRDA:64,0,1,0
BRDA:93,1,0,0
BRDA:93,1,1,0
BRDA:206,2,0,0
BRDA:206,2,1,0
BRDA:211,3,0,0
BRDA:211,3,1,0
BRDA:219,4,0,0
BRDA:219,4,1,0
BRDA:224,5,0,0
BRDA:224,5,1,0
BRDA:245,6,0,0
BRDA:245,6,1,0
BRDA:252,7,0,0
BRDA:252,7,1,0
BRDA:278,8,0,0
BRDA:278,8,1,0
BRDA:288,9,0,0
BRDA:288,9,1,0
BRF:20
BRH:0
end_of_record
TN:
SF:src/i18n.js
FN:6,(anonymous_0)
FN:17,(anonymous_1)
FN:58,(anonymous_2)
FN:86,(anonymous_3)
FN:102,(anonymous_4)
FN:125,(anonymous_5)
FN:135,(anonymous_6)
FN:165,(anonymous_7)
FN:187,(anonymous_8)
FN:188,(anonymous_9)
FNF:10
FNH:0
FNDA:0,(anonymous_0)
FNDA:0,(anonymous_1)
FNDA:0,(anonymous_2)
FNDA:0,(anonymous_3)
FNDA:0,(anonymous_4)
FNDA:0,(anonymous_5)
FNDA:0,(anonymous_6)
FNDA:0,(anonymous_7)
FNDA:0,(anonymous_8)
FNDA:0,(anonymous_9)
DA:7,0
DA:8,0
DA:9,0
DA:10,0
DA:18,0
DA:20,0
DA:22,0
DA:23,0
DA:24,0
DA:27,0
DA:28,0
DA:30,0
DA:34,0
DA:37,0
DA:38,0
DA:40,0
DA:42,0
DA:44,0
DA:46,0
DA:47,0
DA:50,0
DA:59,0
DA:61,0
DA:63,0
DA:64,0
DA:67,0
DA:68,0
DA:71,0
DA:74,0
DA:75,0
DA:76,0
DA:87,0
DA:89,0
DA:90,0
DA:94,0
DA:97,0
DA:100,0
DA:102,0
DA:103,0
DA:104,0
DA:107,0
DA:110,0
DA:114,0
DA:116,0
DA:117,0
DA:126,0
DA:137,0
DA:140,0
DA:143,0
DA:144,0
DA:145,0
DA:149,0
DA:150,0
DA:151,0
DA:155,0
DA:166,0
DA:167,0
DA:169,0
DA:170,0
DA:171,0
DA:173,0
DA:177,0
DA:188,0
DA:189,0
DA:195,0
LF:65
LH:0
BRDA:18,0,0,0
BRDA:18,0,1,0
BRDA:23,1,0,0
BRDA:23,1,1,0
BRDA:27,2,0,0
BRDA:27,2,1,0
BRDA:63,3,0,0
BRDA:63,3,1,0
BRDA:74,4,0,0
BRDA:74,4,1,0
BRDA:89,5,0,0
BRDA:89,5,1,0
BRDA:103,6,0,0
BRDA:103,6,1,0
BRDA:135,7,0,0
BRDA:137,8,0,0
BRDA:137,8,1,0
BRDA:143,9,0,0
BRDA:143,9,1,0
BRDA:143,10,0,0
BRDA:143,10,1,0
BRDA:144,11,0,0
BRDA:144,11,1,0
BRDA:149,12,0,0
BRDA:149,12,1,0
BRDA:170,13,0,0
BRDA:170,13,1,0
BRDA:170,14,0,0
BRDA:170,14,1,0
BRDA:170,14,2,0
BRDA:189,15,0,0
BRDA:189,15,1,0
BRF:32
BRH:0
end_of_record
TN:
SF:src/index.js
FNF:0
FNH:0
LF:0
LH:0
BRF:0
BRH:0
end_of_record
TN:
SF:src/ui-main.js
FN:30,loadComponent
FN:47,initializeApp
FN:63,(anonymous_2)
FN:87,(anonymous_3)
FN:91,(anonymous_4)
FN:106,loadRemainingComponents
FN:111,(anonymous_6)
FN:120,initializeVisibleComponents
FN:146,initializeDeferredComponents
FN:170,setupExternalLinks
FN:171,(anonymous_10)
FN:201,addSkipLinks
FN:237,handleBeforePrint
FN:239,(anonymous_13)
FN:246,(anonymous_14)
FN:257,handleAfterPrint
FNF:16
FNH:0
FNDA:0,loadComponent
FNDA:0,initializeApp
FNDA:0,(anonymous_2)
FNDA:0,(anonymous_3)
FNDA:0,(anonymous_4)
FNDA:0,loadRemainingComponents
FNDA:0,(anonymous_6)
FNDA:0,initializeVisibleComponents
FNDA:0,initializeDeferredComponents
FNDA:0,setupExternalLinks
FNDA:0,(anonymous_10)
FNDA:0,addSkipLinks
FNDA:0,handleBeforePrint
FNDA:0,(anonymous_13)
FNDA:0,(anonymous_14)
FNDA:0,handleAfterPrint
DA:31,0
DA:33,0
DA:34,0
DA:35,0
DA:37,0
DA:38,0
DA:48,0
DA:51,0
DA:54,0
DA:57,0
DA:63,0
DA:64,0
DA:67,0
DA:68,0
DA:69,0
DA:70,0
DA:75,0
DA:78,0
DA:81,0
DA:82,0
DA:83,0
DA:86,0
DA:88,0
DA:89,0
DA:92,0
DA:96,0
DA:97,0
DA:99,0
DA:108,0
DA:111,0
DA:112,0
DA:121,0
DA:123,0
DA:124,0
DA:125,0
DA:133,0
DA:134,0
DA:135,0
DA:138,0
DA:147,0
DA:149,0
DA:150,0
DA:153,0
DA:154,0
DA:157,0
DA:158,0
DA:160,0
DA:171,0
DA:172,0
DA:174,0
DA:180,0
DA:183,0
DA:184,0
DA:188,0
DA:189,0
DA:193,0
DA:202,0
DA:203,0
DA:205,0
DA:206,0
DA:207,0
DA:208,0
DA:209,0
DA:210,0
DA:212,0
DA:213,0
DA:216,0
DA:219,0
DA:220,0
DA:221,0
DA:222,0
DA:223,0
DA:224,0
DA:226,0
DA:227,0
DA:230,0
DA:239,0
DA:240,0
DA:241,0
DA:246,0
DA:247,0
DA:251,0
DA:259,0
DA:263,0
DA:264,0
DA:267,0
LF:86
LH:0
BRDA:33,0,0,0
BRDA:33,0,1,0
BRDA:68,1,0,0
BRDA:68,1,1,0
BRDA:123,2,0,0
BRDA:123,2,1,0
BRDA:133,3,0,0
BRDA:133,3,1,0
BRDA:174,4,0,0
BRDA:174,4,1,0
BRDA:174,5,0,0
BRDA:174,5,1,0
BRDA:174,5,2,0
BRDA:174,5,3,0
BRDA:174,5,4,0
BRDA:183,6,0,0
BRDA:183,6,1,0
BRDA:188,7,0,0
BRDA:188,7,1,0
BRDA:188,8,0,0
BRDA:188,8,1,0
BRDA:205,9,0,0
BRDA:205,9,1,0
BRDA:212,10,0,0
BRDA:212,10,1,0
BRDA:212,11,0,0
BRDA:212,11,1,0
BRDA:219,12,0,0
BRDA:219,12,1,0
BRDA:219,13,0,0
BRDA:219,13,1,0
BRDA:226,14,0,0
BRDA:226,14,1,0
BRDA:240,15,0,0
BRDA:240,15,1,0
BRDA:263,16,0,0
BRDA:263,16,1,0
BRF:37
BRH:0
end_of_record
TN:
SF:src/utils.js
FN:11,debounce
FN:13,(anonymous_1)
FN:16,(anonymous_2)
FN:24,isTouchDevice
FN:32,getThemePreference
FN:45,setTheme
FNF:6
FNH:0
FNDA:0,debounce
FNDA:0,(anonymous_1)
FNDA:0,(anonymous_2)
FNDA:0,isTouchDevice
FNDA:0,getThemePreference
FNDA:0,setTheme
DA:13,0
DA:14,0
DA:15,0
DA:16,0
DA:25,0
DA:33,0
DA:34,0
DA:35,0
DA:38,0
DA:46,0
DA:47,0
DA:50,0
LF:12
LH:0
BRDA:25,0,0,0
BRDA:25,0,1,0
BRDA:34,1,0,0
BRDA:34,1,1,0
BRDA:38,2,0,0
BRDA:38,2,1,0
BRF:6
BRH:0
end_of_record
TN:
SF:src/components/AccessibilityControls/AccessibilityControls.js
FNF:0
FNH:0
LF:0
LH:0
BRF:0
BRH:0
end_of_record
TN:
SF:src/components/AccessibilityControls/index.js
FNF:0
FNH:0
LF:0
LH:0
BRF:0
BRH:0
end_of_record
TN:
SF:src/components/Button/Button.js
FN:4,(anonymous_0)
FN:41,(anonymous_1)
FN:45,(anonymous_2)
FN:55,(anonymous_3)
FNF:4
FNH:0
FNDA:0,(anonymous_0)
FNDA:0,(anonymous_1)
FNDA:0,(anonymous_2)
FNDA:0,(anonymous_3)
DA:5,0
DA:6,0
DA:9,0
DA:10,0
DA:12,0
DA:16,0
DA:17,0
DA:18,0
DA:22,0
DA:23,0
DA:24,0
DA:25,0
DA:26,0
DA:27,0
DA:30,0
DA:31,0
DA:32,0
DA:36,0
DA:37,0
DA:42,0
DA:46,0
DA:47,0
DA:48,0
DA:50,0
DA:51,0
DA:57,0
DA:58,0
DA:62,0
DA:63,0
LF:29
LH:0
BRDA:4,0,0,0
BRDA:9,1,0,0
BRDA:9,1,1,0
BRDA:16,2,0,0
BRDA:16,2,1,0
BRDA:22,3,0,0
BRDA:22,3,1,0
BRDA:25,4,0,0
BRDA:25,4,1,0
BRDA:30,5,0,0
BRDA:30,5,1,0
BRDA:36,6,0,0
BRDA:36,6,1,0
BRDA:46,7,0,0
BRDA:46,7,1,0
BRF:15
BRH:0
end_of_record
TN:
SF:src/components/Button/ButtonDemo.js
FN:4,(anonymous_0)
FN:9,(anonymous_1)
FN:13,(anonymous_2)
FN:20,(anonymous_3)
FNF:4
FNH:0
FNDA:0,(anonymous_0)
FNDA:0,(anonymous_1)
FNDA:0,(anonymous_2)
FNDA:0,(anonymous_3)
DA:5,0
DA:6,0
DA:11,0
DA:13,0
DA:17,0
DA:20,0
DA:24,0
DA:30,0
DA:37,0
DA:38,0
DA:39,0
DA:40,0
LF:12
LH:0
BRF:0
BRH:0
end_of_record
TN:
SF:src/components/Button/index.js
FNF:0
FNH:0
LF:0
LH:0
BRF:0
BRH:0
end_of_record
TN:
SF:src/components/CodeBlocks/CodeBlocks.js
FN:8,(anonymous_0)
FN:62,(anonymous_1)
FN:85,(anonymous_2)
FN:86,(anonymous_3)
FN:89,(anonymous_4)
FN:91,(anonymous_5)
FN:122,(anonymous_6)
FN:126,(anonymous_7)
FN:136,(anonymous_8)
FN:149,(anonymous_9)
FN:150,(anonymous_10)
FN:173,(anonymous_11)
FN:198,(anonymous_12)
FN:199,(anonymous_13)
FN:235,(anonymous_14)
FN:251,(anonymous_15)
FN:276,(anonymous_16)
FN:281,(anonymous_17)
FN:298,(anonymous_18)
FN:312,(anonymous_19)
FN:317,(anonymous_20)
FN:323,(anonymous_21)
FN:327,(anonymous_22)
FN:333,(anonymous_23)
FN:345,(anonymous_24)
FN:368,(anonymous_25)
FN:382,(anonymous_26)
FN:402,(anonymous_27)
FN:403,(anonymous_28)
FNF:29
FNH:0
FNDA:0,(anonymous_0)
FNDA:0,(anonymous_1)
FNDA:0,(anonymous_2)
FNDA:0,(anonymous_3)
FNDA:0,(anonymous_4)
FNDA:0,(anonymous_5)
FNDA:0,(anonymous_6)
FNDA:0,(anonymous_7)
FNDA:0,(anonymous_8)
FNDA:0,(anonymous_9)
FNDA:0,(anonymous_10)
FNDA:0,(anonymous_11)
FNDA:0,(anonymous_12)
FNDA:0,(anonymous_13)
FNDA:0,(anonymous_14)
FNDA:0,(anonymous_15)
FNDA:0,(anonymous_16)
FNDA:0,(anonymous_17)
FNDA:0,(anonymous_18)
FNDA:0,(anonymous_19)
FNDA:0,(anonymous_20)
FNDA:0,(anonymous_21)
FNDA:0,(anonymous_22)
FNDA:0,(anonymous_23)
FNDA:0,(anonymous_24)
FNDA:0,(anonymous_25)
FNDA:0,(anonymous_26)
FNDA:0,(anonymous_27)
FNDA:0,(anonymous_28)
DA:13,0
DA:19,0
DA:25,0
DA:31,0
DA:37,0
DA:43,0
DA:49,0
DA:52,0
DA:53,0
DA:63,0
DA:66,0
DA:69,0
DA:72,0
DA:75,0
DA:77,0
DA:78,0
DA:86,0
DA:87,0
DA:89,0
DA:90,0
DA:91,0
DA:92,0
DA:94,0
DA:98,0
DA:105,0
DA:106,0
DA:111,0
DA:124,0
DA:125,0
DA:126,0
DA:127,0
DA:138,0
DA:141,0
DA:150,0
DA:152,0
DA:153,0
DA:155,0
DA:158,0
DA:161,0
DA:162,0
DA:166,0
DA:167,0
DA:171,0
DA:173,0
DA:174,0
DA:175,0
DA:178,0
DA:182,0
DA:183,0
DA:187,0
DA:188,0
DA:199,0
DA:201,0
DA:202,0
DA:205,0
DA:208,0
DA:209,0
DA:213,0
DA:214,0
DA:218,0
DA:219,0
DA:220,0
DA:223,0
DA:224,0
DA:228,0
DA:229,0
DA:233,0
DA:235,0
DA:236,0
DA:237,0
DA:240,0
DA:253,0
DA:255,0
DA:256,0
DA:257,0
DA:258,0
DA:260,0
DA:261,0
DA:262,0
DA:263,0
DA:266,0
DA:267,0
DA:278,0
DA:281,0
DA:282,0
DA:283,0
DA:284,0
DA:285,0
DA:286,0
DA:287,0
DA:288,0
DA:300,0
DA:303,0
DA:304,0
DA:305,0
DA:306,0
DA:309,0
DA:312,0
DA:313,0
DA:314,0
DA:317,0
DA:319,0
DA:320,0
DA:323,0
DA:324,0
DA:325,0
DA:329,0
DA:330,0
DA:333,0
DA:334,0
DA:347,0
DA:349,0
DA:352,0
DA:354,0
DA:357,0
DA:358,0
DA:359,0
DA:362,0
DA:363,0
DA:364,0
DA:365,0
DA:368,0
DA:369,0
DA:372,0
DA:373,0
DA:374,0
DA:376,0
DA:377,0
DA:382,0
DA:384,0
DA:387,0
DA:388,0
DA:389,0
DA:391,0
DA:392,0
DA:403,0
DA:404,0
DA:406,0
DA:407,0
DA:408,0
DA:410,0
DA:411,0
LF:142
LH:0
BRDA:8,0,0,0
BRDA:25,1,0,0
BRDA:25,1,1,0
BRDA:37,2,0,0
BRDA:37,2,1,0
BRDA:52,3,0,0
BRDA:52,3,1,0
BRDA:62,4,0,0
BRDA:63,5,0,0
BRDA:63,5,1,0
BRDA:90,6,0,0
BRDA:90,6,1,0
BRDA:92,7,0,0
BRDA:92,7,1,0
BRDA:94,8,0,0
BRDA:94,8,1,0
BRDA:94,9,0,0
BRDA:94,9,1,0
BRDA:94,9,2,0
BRDA:94,9,3,0
BRDA:105,10,0,0
BRDA:105,10,1,0
BRDA:125,11,0,0
BRDA:125,11,1,0
BRDA:136,12,0,0
BRDA:152,13,0,0
BRDA:152,13,1,0
BRDA:161,14,0,0
BRDA:161,14,1,0
BRDA:166,15,0,0
BRDA:166,15,1,0
BRDA:171,16,0,0
BRDA:171,16,1,0
BRDA:171,17,0,0
BRDA:171,17,1,0
BRDA:171,17,2,0
BRDA:174,18,0,0
BRDA:174,18,1,0
BRDA:182,19,0,0
BRDA:182,19,1,0
BRDA:187,20,0,0
BRDA:187,20,1,0
BRDA:201,21,0,0
BRDA:201,21,1,0
BRDA:208,22,0,0
BRDA:208,22,1,0
BRDA:208,23,0,0
BRDA:208,23,1,0
BRDA:213,24,0,0
BRDA:213,24,1,0
BRDA:219,25,0,0
BRDA:219,25,1,0
BRDA:219,26,0,0
BRDA:219,26,1,0
BRDA:223,27,0,0
BRDA:223,27,1,0
BRDA:228,28,0,0
BRDA:228,28,1,0
BRDA:233,29,0,0
BRDA:233,29,1,0
BRDA:233,30,0,0
BRDA:233,30,1,0
BRDA:233,30,2,0
BRDA:236,31,0,0
BRDA:236,31,1,0
BRDA:253,32,0,0
BRDA:253,32,1,0
BRDA:256,33,0,0
BRDA:256,33,1,0
BRDA:278,34,0,0
BRDA:278,34,1,0
BRDA:282,35,0,0
BRDA:282,35,1,0
BRDA:284,36,0,0
BRDA:284,36,1,0
BRDA:300,37,0,0
BRDA:300,37,1,0
BRDA:313,38,0,0
BRDA:313,38,1,0
BRDA:314,39,0,0
BRDA:314,39,1,0
BRDA:347,40,0,0
BRDA:347,40,1,0
BRDA:347,41,0,0
BRDA:347,41,1,0
BRDA:349,42,0,0
BRDA:349,42,1,0
BRDA:352,43,0,0
BRDA:352,43,1,0
BRDA:372,44,0,0
BRDA:372,44,1,0
BRDA:384,45,0,0
BRDA:384,45,1,0
BRDA:387,46,0,0
BRDA:387,46,1,0
BRDA:406,47,0,0
BRDA:406,47,1,0
BRDA:408,48,0,0
BRDA:408,48,1,0
BRDA:411,49,0,0
BRDA:411,49,1,0
BRF:101
BRH:0
end_of_record
TN:
SF:src/components/CodeBlocks/index.js
FNF:0
FNH:0
LF:0
LH:0
BRF:0
BRH:0
end_of_record
TN:
SF:src/components/Dialog/Dialog.js
FN:11,(anonymous_0)
FN:32,(anonymous_1)
FN:64,(anonymous_2)
FN:86,(anonymous_3)
FN:96,(anonymous_4)
FN:103,(anonymous_5)
FN:125,(anonymous_6)
FN:140,(anonymous_7)
FN:149,(anonymous_8)
FN:158,(anonymous_9)
FN:175,(anonymous_10)
FN:201,(anonymous_11)
FN:216,(anonymous_12)
FN:238,(anonymous_13)
FNF:14
FNH:0
FNDA:0,(anonymous_0)
FNDA:0,(anonymous_1)
FNDA:0,(anonymous_2)
FNDA:0,(anonymous_3)
FNDA:0,(anonymous_4)
FNDA:0,(anonymous_5)
FNDA:0,(anonymous_6)
FNDA:0,(anonymous_7)
FNDA:0,(anonymous_8)
FNDA:0,(anonymous_9)
FNDA:0,(anonymous_10)
FNDA:0,(anonymous_11)
FNDA:0,(anonymous_12)
FNDA:0,(anonymous_13)
DA:12,0
DA:24,0
DA:25,0
DA:26,0
DA:34,0
DA:35,0
DA:38,0
DA:39,0
DA:42,0
DA:43,0
DA:46,0
DA:47,0
DA:51,0
DA:52,0
DA:53,0
DA:54,0
DA:55,0
DA:59,0
DA:60,0
DA:61,0
DA:62,0
DA:63,0
DA:64,0
DA:66,0
DA:70,0
DA:71,0
DA:73,0
DA:74,0
DA:75,0
DA:76,0
DA:79,0
DA:82,0
DA:83,0
DA:84,0
DA:86,0
DA:87,0
DA:88,0
DA:89,0
DA:95,0
DA:96,0
DA:97,0
DA:98,0
DA:99,0
DA:103,0
DA:106,0
DA:109,0
DA:113,0
DA:116,0
DA:119,0
DA:127,0
DA:128,0
DA:132,0
DA:133,0
DA:140,0
DA:141,0
DA:142,0
DA:149,0
DA:150,0
DA:151,0
DA:159,0
DA:160,0
DA:163,0
DA:164,0
DA:167,0
DA:169,0
DA:176,0
DA:177,0
DA:178,0
DA:181,0
DA:184,0
DA:185,0
DA:190,0
DA:191,0
DA:192,0
DA:195,0
DA:202,0
DA:204,0
DA:205,0
DA:208,0
DA:209,0
DA:217,0
DA:219,0
DA:220,0
DA:223,0
DA:225,0
DA:226,0
DA:227,0
DA:228,0
DA:231,0
DA:239,0
DA:241,0
DA:243,0
DA:244,0
DA:245,0
DA:246,0
DA:249,0
DA:250,0
LF:97
LH:0
BRDA:11,0,0,0
BRDA:13,1,0,0
BRDA:13,1,1,0
BRDA:14,2,0,0
BRDA:14,2,1,0
BRDA:18,3,0,0
BRDA:18,3,1,0
BRDA:19,4,0,0
BRDA:19,4,1,0
BRDA:20,5,0,0
BRDA:20,5,1,0
BRDA:21,6,0,0
BRDA:21,6,1,0
BRDA:42,7,0,0
BRDA:42,7,1,0
BRDA:46,8,0,0
BRDA:46,8,1,0
BRDA:51,9,0,0
BRDA:51,9,1,0
BRDA:59,10,0,0
BRDA:59,10,1,0
BRDA:73,11,0,0
BRDA:73,11,1,0
BRDA:75,12,0,0
BRDA:75,12,1,0
BRDA:82,13,0,0
BRDA:82,13,1,0
BRDA:82,14,0,0
BRDA:82,14,1,0
BRDA:89,15,0,0
BRDA:89,15,1,0
BRDA:91,16,0,0
BRDA:91,16,1,0
BRDA:95,17,0,0
BRDA:95,17,1,0
BRDA:98,18,0,0
BRDA:98,18,1,0
BRDA:127,19,0,0
BRDA:127,19,1,0
BRDA:132,20,0,0
BRDA:132,20,1,0
BRDA:141,21,0,0
BRDA:141,21,1,0
BRDA:141,22,0,0
BRDA:141,22,1,0
BRDA:150,23,0,0
BRDA:150,23,1,0
BRDA:159,24,0,0
BRDA:159,24,1,0
BRDA:176,25,0,0
BRDA:176,25,1,0
BRDA:184,26,0,0
BRDA:184,26,1,0
BRDA:191,27,0,0
BRDA:191,27,1,0
BRDA:204,28,0,0
BRDA:204,28,1,0
BRDA:204,29,0,0
BRDA:204,29,1,0
BRDA:217,30,0,0
BRDA:217,30,1,0
BRDA:220,31,0,0
BRDA:220,31,1,0
BRDA:225,32,0,0
BRDA:225,32,1,0
BRDA:227,33,0,0
BRDA:227,33,1,0
BRDA:239,34,0,0
BRDA:239,34,1,0
BRDA:243,35,0,0
BRDA:243,35,1,0
BRF:71
BRH:0
end_of_record
TN:
SF:src/components/Dialog/index.js
FNF:0
FNH:0
LF:0
LH:0
BRF:0
BRH:0
end_of_record
TN:
SF:src/components/Gallery/Gallery.js
FN:8,(anonymous_0)
FN:92,(anonymous_1)
FN:120,(anonymous_2)
FN:122,(anonymous_3)
FN:127,(anonymous_4)
FN:129,(anonymous_5)
FN:142,(anonymous_6)
FN:143,(anonymous_7)
FN:146,(anonymous_8)
FN:148,(anonymous_9)
FN:177,(anonymous_10)
FN:189,(anonymous_11)
FN:253,(anonymous_12)
FN:285,(anonymous_13)
FN:292,(anonymous_14)
FN:298,(anonymous_15)
FN:316,(anonymous_16)
FN:330,(anonymous_17)
FN:364,(anonymous_18)
FN:377,(anonymous_19)
FN:420,(anonymous_20)
FN:437,(anonymous_21)
FN:456,(anonymous_22)
FN:489,(anonymous_23)
FN:496,(anonymous_24)
FN:507,(anonymous_25)
FN:526,(anonymous_26)
FNF:27
FNH:0
FNDA:0,(anonymous_0)
FNDA:0,(anonymous_1)
FNDA:0,(anonymous_2)
FNDA:0,(anonymous_3)
FNDA:0,(anonymous_4)
FNDA:0,(anonymous_5)
FNDA:0,(anonymous_6)
FNDA:0,(anonymous_7)
FNDA:0,(anonymous_8)
FNDA:0,(anonymous_9)
FNDA:0,(anonymous_10)
FNDA:0,(anonymous_11)
FNDA:0,(anonymous_12)
FNDA:0,(anonymous_13)
FNDA:0,(anonymous_14)
FNDA:0,(anonymous_15)
FNDA:0,(anonymous_16)
FNDA:0,(anonymous_17)
FNDA:0,(anonymous_18)
FNDA:0,(anonymous_19)
FNDA:0,(anonymous_20)
FNDA:0,(anonymous_21)
FNDA:0,(anonymous_22)
FNDA:0,(anonymous_23)
FNDA:0,(anonymous_24)
FNDA:0,(anonymous_25)
FNDA:0,(anonymous_26)
DA:13,0
DA:19,0
DA:25,0
DA:31,0
DA:37,0
DA:44,0
DA:51,0
DA:58,0
DA:65,0
DA:72,0
DA:79,0
DA:82,0
DA:83,0
DA:93,0
DA:96,0
DA:99,0
DA:102,0
DA:105,0
DA:108,0
DA:109,0
DA:111,0
DA:112,0
DA:122,0
DA:123,0
DA:127,0
DA:128,0
DA:129,0
DA:130,0
DA:132,0
DA:143,0
DA:144,0
DA:146,0
DA:147,0
DA:148,0
DA:150,0
DA:154,0
DA:160,0
DA:161,0
DA:166,0
DA:179,0
DA:181,0
DA:182,0
DA:185,0
DA:186,0
DA:189,0
DA:191,0
DA:194,0
DA:195,0
DA:198,0
DA:201,0
DA:202,0
DA:205,0
DA:206,0
DA:207,0
DA:208,0
DA:209,0
DA:210,0
DA:211,0
DA:214,0
DA:217,0
DA:218,0
DA:219,0
DA:220,0
DA:223,0
DA:226,0
DA:227,0
DA:228,0
DA:229,0
DA:230,0
DA:233,0
DA:236,0
DA:237,0
DA:238,0
DA:243,0
DA:244,0
DA:255,0
DA:258,0
DA:259,0
DA:260,0
DA:261,0
DA:262,0
DA:263,0
DA:264,0
DA:267,0
DA:268,0
DA:271,0
DA:272,0
DA:273,0
DA:276,0
DA:277,0
DA:278,0
DA:281,0
DA:282,0
DA:283,0
DA:284,0
DA:285,0
DA:288,0
DA:289,0
DA:290,0
DA:291,0
DA:292,0
DA:294,0
DA:295,0
DA:296,0
DA:297,0
DA:298,0
DA:301,0
DA:302,0
DA:303,0
DA:304,0
DA:305,0
DA:306,0
DA:307,0
DA:310,0
DA:311,0
DA:312,0
DA:313,0
DA:316,0
DA:317,0
DA:318,0
DA:322,0
DA:332,0
DA:334,0
DA:336,0
DA:337,0
DA:338,0
DA:340,0
DA:341,0
DA:342,0
DA:344,0
DA:345,0
DA:346,0
DA:348,0
DA:349,0
DA:350,0
DA:351,0
DA:353,0
DA:354,0
DA:355,0
DA:356,0
DA:366,0
DA:368,0
DA:370,0
DA:371,0
DA:374,0
DA:377,0
DA:378,0
DA:379,0
DA:381,0
DA:389,0
DA:394,0
DA:398,0
DA:399,0
DA:400,0
DA:403,0
DA:406,0
DA:408,0
DA:409,0
DA:413,0
DA:421,0
DA:423,0
DA:426,0
DA:429,0
DA:439,0
DA:442,0
DA:445,0
DA:448,0
DA:457,0
DA:459,0
DA:462,0
DA:463,0
DA:466,0
DA:467,0
DA:470,0
DA:471,0
DA:472,0
DA:474,0
DA:475,0
DA:479,0
DA:480,0
DA:490,0
DA:492,0
DA:493,0
DA:496,0
DA:497,0
DA:498,0
DA:508,0
DA:510,0
DA:511,0
DA:512,0
DA:513,0
DA:514,0
DA:515,0
DA:516,0
DA:517,0
DA:518,0
DA:519,0
DA:520,0
DA:523,0
DA:526,0
DA:527,0
LF:201
LH:0
BRDA:8,0,0,0
BRDA:13,1,0,0
BRDA:13,1,1,0
BRDA:31,2,0,0
BRDA:31,2,1,0
BRDA:37,3,0,0
BRDA:37,3,1,0
BRDA:82,4,0,0
BRDA:82,4,1,0
BRDA:92,5,0,0
BRDA:93,6,0,0
BRDA:93,6,1,0
BRDA:128,7,0,0
BRDA:128,7,1,0
BRDA:147,8,0,0
BRDA:147,8,1,0
BRDA:147,9,0,0
BRDA:147,9,1,0
BRDA:150,10,0,0
BRDA:150,10,1,0
BRDA:150,11,0,0
BRDA:150,11,1,0
BRDA:150,11,2,0
BRDA:160,12,0,0
BRDA:160,12,1,0
BRDA:179,13,0,0
BRDA:179,13,1,0
BRDA:182,14,0,0
BRDA:182,14,1,0
BRDA:191,15,0,0
BRDA:191,15,1,0
BRDA:205,16,0,0
BRDA:205,16,1,0
BRDA:207,17,0,0
BRDA:207,17,1,0
BRDA:226,18,0,0
BRDA:226,18,1,0
BRDA:243,19,0,0
BRDA:243,19,1,0
BRDA:255,20,0,0
BRDA:255,20,1,0
BRDA:317,21,0,0
BRDA:317,21,1,0
BRDA:332,22,0,0
BRDA:332,22,1,0
BRDA:334,23,0,0
BRDA:334,23,1,0
BRDA:334,23,2,0
BRDA:334,23,3,0
BRDA:334,23,4,0
BRDA:368,24,0,0
BRDA:368,24,1,0
BRDA:382,25,0,0
BRDA:382,25,1,0
BRDA:383,26,0,0
BRDA:383,26,1,0
BRDA:384,27,0,0
BRDA:384,27,1,0
BRDA:384,28,0,0
BRDA:384,28,1,0
BRDA:390,29,0,0
BRDA:390,29,1,0
BRDA:391,30,0,0
BRDA:391,30,1,0
BRDA:392,31,0,0
BRDA:392,31,1,0
BRDA:408,32,0,0
BRDA:408,32,1,0
BRDA:421,33,0,0
BRDA:421,33,1,0
BRDA:439,34,0,0
BRDA:439,34,1,0
BRDA:457,35,0,0
BRDA:457,35,1,0
BRDA:457,36,0,0
BRDA:457,36,1,0
BRDA:463,37,0,0
BRDA:463,37,1,0
BRDA:466,38,0,0
BRDA:466,38,1,0
BRDA:467,39,0,0
BRDA:467,39,1,0
BRDA:470,40,0,0
BRDA:470,40,1,0
BRDA:479,41,0,0
BRDA:479,41,1,0
BRDA:490,42,0,0
BRDA:490,42,1,0
BRDA:510,43,0,0
BRDA:510,43,1,0
BRF:90
BRH:0
end_of_record
TN:
SF:src/components/Gallery/index.js
FNF:0
FNH:0
LF:0
LH:0
BRF:0
BRH:0
end_of_record
TN:
SF:src/components/KeyboardShortcuts/KeyboardShortcuts.js
FN:11,(anonymous_0)
FN:29,(anonymous_1)
FN:39,(anonymous_2)
FN:54,(anonymous_3)
FN:63,(anonymous_4)
FN:71,(anonymous_5)
FN:91,(anonymous_6)
FN:101,(anonymous_7)
FN:126,(anonymous_8)
FN:161,(anonymous_9)
FN:171,(anonymous_10)
FN:183,(anonymous_11)
FN:195,(anonymous_12)
FN:206,(anonymous_13)
FNF:14
FNH:0
FNDA:0,(anonymous_0)
FNDA:0,(anonymous_1)
FNDA:0,(anonymous_2)
FNDA:0,(anonymous_3)
FNDA:0,(anonymous_4)
FNDA:0,(anonymous_5)
FNDA:0,(anonymous_6)
FNDA:0,(anonymous_7)
FNDA:0,(anonymous_8)
FNDA:0,(anonymous_9)
FNDA:0,(anonymous_10)
FNDA:0,(anonymous_11)
FNDA:0,(anonymous_12)
FNDA:0,(anonymous_13)
DA:12,0
DA:13,0
DA:14,0
DA:31,0
DA:32,0
DA:36,0
DA:39,0
DA:40,0
DA:41,0
DA:42,0
DA:45,0
DA:46,0
DA:55,0
DA:57,0
DA:58,0
DA:59,0
DA:60,0
DA:61,0
DA:63,0
DA:65,0
DA:73,0
DA:74,0
DA:77,0
DA:80,0
DA:81,0
DA:83,0
DA:84,0
DA:85,0
DA:87,0
DA:88,0
DA:89,0
DA:90,0
DA:91,0
DA:93,0
DA:94,0
DA:95,0
DA:98,0
DA:99,0
DA:101,0
DA:102,0
DA:103,0
DA:106,0
DA:107,0
DA:109,0
DA:110,0
DA:111,0
DA:112,0
DA:114,0
DA:116,0
DA:117,0
DA:118,0
DA:120,0
DA:121,0
DA:122,0
DA:123,0
DA:126,0
DA:127,0
DA:128,0
DA:129,0
DA:130,0
DA:135,0
DA:136,0
DA:137,0
DA:138,0
DA:142,0
DA:143,0
DA:145,0
DA:148,0
DA:149,0
DA:152,0
DA:155,0
DA:161,0
DA:162,0
DA:164,0
DA:172,0
DA:173,0
DA:176,0
DA:177,0
DA:184,0
DA:185,0
DA:186,0
DA:189,0
DA:196,0
DA:197,0
DA:199,0
DA:207,0
DA:208,0
LF:87
LH:0
BRDA:29,0,0,0
BRDA:31,1,0,0
BRDA:31,1,1,0
BRDA:40,2,0,0
BRDA:40,2,1,0
BRDA:40,3,0,0
BRDA:40,3,1,0
BRDA:45,4,0,0
BRDA:45,4,1,0
BRDA:45,5,0,0
BRDA:45,5,1,0
BRDA:55,6,0,0
BRDA:55,6,1,0
BRDA:106,7,0,0
BRDA:106,7,1,0
BRDA:107,8,0,0
BRDA:107,8,1,0
BRDA:107,9,0,0
BRDA:107,9,1,0
BRDA:107,9,2,0
BRDA:162,10,0,0
BRDA:162,10,1,0
BRDA:162,11,0,0
BRDA:162,11,1,0
BRDA:162,11,2,0
BRDA:172,12,0,0
BRDA:172,12,1,0
BRDA:184,13,0,0
BRDA:184,13,1,0
BRDA:196,14,0,0
BRDA:196,14,1,0
BRDA:208,15,0,0
BRDA:208,15,1,0
BRDA:208,15,2,0
BRF:34
BRH:0
end_of_record
TN:
SF:src/components/KeyboardShortcuts/index.js
FNF:0
FNH:0
LF:0
LH:0
BRF:0
BRH:0
end_of_record
TN:
SF:src/components/LazyLoader/LazyLoader.js
FN:8,(anonymous_0)
FN:57,(anonymous_1)
FN:95,(anonymous_2)
FN:96,(anonymous_3)
FN:104,(anonymous_4)
FN:119,(anonymous_5)
FN:120,(anonymous_6)
FN:130,(anonymous_7)
FN:131,(anonymous_8)
FN:132,(anonymous_9)
FN:134,(anonymous_10)
FN:144,(anonymous_11)
FN:165,(anonymous_12)
FN:189,(anonymous_13)
FN:192,(anonymous_14)
FN:256,(anonymous_15)
FN:287,(anonymous_16)
FN:313,(anonymous_17)
FN:329,(anonymous_18)
FN:331,(anonymous_19)
FN:345,(anonymous_20)
FN:360,(anonymous_21)
FN:376,(anonymous_22)
FN:392,(anonymous_23)
FN:395,(anonymous_24)
FN:402,(anonymous_25)
FN:415,(anonymous_26)
FN:426,(anonymous_27)
FN:444,(anonymous_28)
FN:447,(anonymous_29)
FN:460,(anonymous_30)
FN:474,(anonymous_31)
FN:475,(anonymous_32)
FN:476,(anonymous_33)
FNF:34
FNH:0
FNDA:0,(anonymous_0)
FNDA:0,(anonymous_1)
FNDA:0,(anonymous_2)
FNDA:0,(anonymous_3)
FNDA:0,(anonymous_4)
FNDA:0,(anonymous_5)
FNDA:0,(anonymous_6)
FNDA:0,(anonymous_7)
FNDA:0,(anonymous_8)
FNDA:0,(anonymous_9)
FNDA:0,(anonymous_10)
FNDA:0,(anonymous_11)
FNDA:0,(anonymous_12)
FNDA:0,(anonymous_13)
FNDA:0,(anonymous_14)
FNDA:0,(anonymous_15)
FNDA:0,(anonymous_16)
FNDA:0,(anonymous_17)
FNDA:0,(anonymous_18)
FNDA:0,(anonymous_19)
FNDA:0,(anonymous_20)
FNDA:0,(anonymous_21)
FNDA:0,(anonymous_22)
FNDA:0,(anonymous_23)
FNDA:0,(anonymous_24)
FNDA:0,(anonymous_25)
FNDA:0,(anonymous_26)
FNDA:0,(anonymous_27)
FNDA:0,(anonymous_28)
FNDA:0,(anonymous_29)
FNDA:0,(anonymous_30)
FNDA:0,(anonymous_31)
FNDA:0,(anonymous_32)
FNDA:0,(anonymous_33)
DA:14,0
DA:21,0
DA:28,0
DA:35,0
DA:42,0
DA:45,0
DA:46,0
DA:58,0
DA:61,0
DA:62,0
DA:65,0
DA:66,0
DA:70,0
DA:79,0
DA:82,0
DA:84,0
DA:85,0
DA:96,0
DA:97,0
DA:98,0
DA:101,0
DA:104,0
DA:105,0
DA:108,0
DA:120,0
DA:121,0
DA:131,0
DA:132,0
DA:133,0
DA:134,0
DA:136,0
DA:138,0
DA:139,0
DA:143,0
DA:144,0
DA:145,0
DA:154,0
DA:167,0
DA:170,0
DA:171,0
DA:172,0
DA:176,0
DA:177,0
DA:178,0
DA:182,0
DA:185,0
DA:186,0
DA:189,0
DA:190,0
DA:192,0
DA:193,0
DA:197,0
DA:200,0
DA:203,0
DA:204,0
DA:205,0
DA:206,0
DA:207,0
DA:211,0
DA:214,0
DA:215,0
DA:219,0
DA:222,0
DA:225,0
DA:228,0
DA:229,0
DA:233,0
DA:235,0
DA:236,0
DA:237,0
DA:240,0
DA:245,0
DA:247,0
DA:258,0
DA:259,0
DA:263,0
DA:266,0
DA:267,0
DA:270,0
DA:273,0
DA:274,0
DA:275,0
DA:278,0
DA:289,0
DA:290,0
DA:294,0
DA:295,0
DA:296,0
DA:302,0
DA:303,0
DA:315,0
DA:316,0
DA:317,0
DA:325,0
DA:326,0
DA:329,0
DA:331,0
DA:332,0
DA:333,0
DA:347,0
DA:348,0
DA:351,0
DA:354,0
DA:355,0
DA:359,0
DA:360,0
DA:361,0
DA:366,0
DA:377,0
DA:379,0
DA:381,0
DA:382,0
DA:385,0
DA:393,0
DA:395,0
DA:397,0
DA:398,0
DA:402,0
DA:403,0
DA:404,0
DA:408,0
DA:416,0
DA:419,0
DA:422,0
DA:423,0
DA:426,0
DA:427,0
DA:428,0
DA:429,0
DA:431,0
DA:432,0
DA:433,0
DA:434,0
DA:435,0
DA:436,0
DA:440,0
DA:443,0
DA:445,0
DA:448,0
DA:451,0
DA:461,0
DA:462,0
DA:475,0
DA:476,0
DA:477,0
DA:478,0
LF:146
LH:0
BRDA:8,0,0,0
BRDA:35,1,0,0
BRDA:35,1,1,0
BRDA:42,2,0,0
BRDA:42,2,1,0
BRDA:45,3,0,0
BRDA:45,3,1,0
BRDA:57,4,0,0
BRDA:58,5,0,0
BRDA:58,5,1,0
BRDA:61,6,0,0
BRDA:61,6,1,0
BRDA:65,7,0,0
BRDA:65,7,1,0
BRDA:97,8,0,0
BRDA:97,8,1,0
BRDA:133,9,0,0
BRDA:133,9,1,0
BRDA:136,10,0,0
BRDA:136,10,1,0
BRDA:138,11,0,0
BRDA:138,11,1,0
BRDA:138,12,0,0
BRDA:138,12,1,0
BRDA:170,13,0,0
BRDA:170,13,1,0
BRDA:170,14,0,0
BRDA:170,14,1,0
BRDA:171,15,0,0
BRDA:171,15,1,0
BRDA:176,16,0,0
BRDA:176,16,1,0
BRDA:203,17,0,0
BRDA:203,17,1,0
BRDA:214,18,0,0
BRDA:214,18,1,0
BRDA:258,19,0,0
BRDA:258,19,1,0
BRDA:258,20,0,0
BRDA:258,20,1,0
BRDA:266,21,0,0
BRDA:266,21,1,0
BRDA:273,22,0,0
BRDA:273,22,1,0
BRDA:273,23,0,0
BRDA:273,23,1,0
BRDA:289,24,0,0
BRDA:289,24,1,0
BRDA:359,25,0,0
BRDA:359,25,1,0
BRDA:381,26,0,0
BRDA:381,26,1,0
BRDA:397,27,0,0
BRDA:397,27,1,0
BRDA:429,28,0,0
BRDA:429,28,1,0
BRDA:445,29,0,0
BRDA:445,29,1,0
BRDA:463,30,0,0
BRDA:463,30,1,0
BRDA:463,30,2,0
BRDA:463,30,3,0
BRDA:465,31,0,0
BRDA:465,31,1,0
BRDA:466,32,0,0
BRDA:466,32,1,0
BRF:66
BRH:0
end_of_record
TN:
SF:src/components/LazyLoader/index.js
FNF:0
FNH:0
LF:0
LH:0
BRF:0
BRH:0
end_of_record
TN:
SF:src/components/Notifications/Notifications.js
FNF:0
FNH:0
LF:0
LH:0
BRF:0
BRH:0
end_of_record
TN:
SF:src/components/Notifications/index.js
FNF:0
FNH:0
LF:0
LH:0
BRF:0
BRH:0
end_of_record
TN:
SF:src/components/PreferencesDialog/PreferencesDialog.js
FNF:0
FNH:0
LF:0
LH:0
BRF:0
BRH:0
end_of_record
TN:
SF:src/components/PreferencesDialog/index.js
FNF:0
FNH:0
LF:0
LH:0
BRF:0
BRH:0
end_of_record
TN:
SF:src/components/ProgressTracker/ProgressTracker.js
FN:8,(anonymous_0)
FN:56,(anonymous_1)
FN:75,(anonymous_2)
FN:102,(anonymous_3)
FN:109,(anonymous_4)
FN:124,(anonymous_5)
FN:157,(anonymous_6)
FN:181,(anonymous_7)
FN:215,(anonymous_8)
FN:227,(anonymous_9)
FN:244,(anonymous_10)
FN:260,(anonymous_11)
FN:296,(anonymous_12)
FN:375,(anonymous_13)
FN:399,(anonymous_14)
FN:418,(anonymous_15)
FN:441,(anonymous_16)
FN:459,(anonymous_17)
FN:484,(anonymous_18)
FN:485,(anonymous_19)
FN:488,(anonymous_20)
FN:490,(anonymous_21)
FN:520,(anonymous_22)
FN:541,(anonymous_23)
FNF:24
FNH:0
FNDA:0,(anonymous_0)
FNDA:0,(anonymous_1)
FNDA:0,(anonymous_2)
FNDA:0,(anonymous_3)
FNDA:0,(anonymous_4)
FNDA:0,(anonymous_5)
FNDA:0,(anonymous_6)
FNDA:0,(anonymous_7)
FNDA:0,(anonymous_8)
FNDA:0,(anonymous_9)
FNDA:0,(anonymous_10)
FNDA:0,(anonymous_11)
FNDA:0,(anonymous_12)
FNDA:0,(anonymous_13)
FNDA:0,(anonymous_14)
FNDA:0,(anonymous_15)
FNDA:0,(anonymous_16)
FNDA:0,(anonymous_17)
FNDA:0,(anonymous_18)
FNDA:0,(anonymous_19)
FNDA:0,(anonymous_20)
FNDA:0,(anonymous_21)
FNDA:0,(anonymous_22)
FNDA:0,(anonymous_23)
DA:14,0
DA:21,0
DA:29,0
DA:36,0
DA:43,0
DA:46,0
DA:47,0
DA:57,0
DA:60,0
DA:62,0
DA:63,0
DA:64,0
DA:66,0
DA:67,0
DA:77,0
DA:80,0
DA:81,0
DA:82,0
DA:86,0
DA:87,0
DA:88,0
DA:89,0
DA:90,0
DA:94,0
DA:104,0
DA:107,0
DA:109,0
DA:110,0
DA:112,0
DA:113,0
DA:114,0
DA:117,0
DA:118,0
DA:121,0
DA:124,0
DA:125,0
DA:128,0
DA:129,0
DA:131,0
DA:136,0
DA:137,0
DA:141,0
DA:144,0
DA:148,0
DA:159,0
DA:162,0
DA:163,0
DA:166,0
DA:169,0
DA:170,0
DA:172,0
DA:183,0
DA:186,0
DA:187,0
DA:188,0
DA:190,0
DA:195,0
DA:198,0
DA:208,0
DA:216,0
DA:217,0
DA:218,0
DA:220,0
DA:228,0
DA:229,0
DA:230,0
DA:232,0
DA:246,0
DA:248,0
DA:250,0
DA:251,0
DA:253,0
DA:257,0
DA:260,0
DA:262,0
DA:263,0
DA:264,0
DA:268,0
DA:269,0
DA:270,0
DA:274,0
DA:275,0
DA:276,0
DA:280,0
DA:281,0
DA:282,0
DA:283,0
DA:284,0
DA:285,0
DA:298,0
DA:301,0
DA:304,0
DA:305,0
DA:310,0
DA:313,0
DA:315,0
DA:316,0
DA:320,0
DA:323,0
DA:324,0
DA:325,0
DA:326,0
DA:329,0
DA:330,0
DA:333,0
DA:334,0
DA:335,0
DA:338,0
DA:339,0
DA:340,0
DA:343,0
DA:344,0
DA:347,0
DA:348,0
DA:349,0
DA:350,0
DA:351,0
DA:352,0
DA:353,0
DA:357,0
DA:358,0
DA:359,0
DA:362,0
DA:365,0
DA:366,0
DA:367,0
DA:370,0
DA:371,0
DA:372,0
DA:373,0
DA:374,0
DA:375,0
DA:376,0
DA:377,0
DA:381,0
DA:385,0
DA:386,0
DA:387,0
DA:390,0
DA:392,0
DA:400,0
DA:401,0
DA:404,0
DA:405,0
DA:406,0
DA:410,0
DA:411,0
DA:412,0
DA:413,0
DA:418,0
DA:419,0
DA:422,0
DA:423,0
DA:424,0
DA:429,0
DA:432,0
DA:443,0
DA:444,0
DA:445,0
DA:449,0
DA:450,0
DA:451,0
DA:456,0
DA:459,0
DA:460,0
DA:463,0
DA:464,0
DA:465,0
DA:470,0
DA:473,0
DA:476,0
DA:485,0
DA:486,0
DA:488,0
DA:489,0
DA:490,0
DA:492,0
DA:496,0
DA:502,0
DA:503,0
DA:504,0
DA:509,0
DA:521,0
DA:523,0
DA:524,0
DA:525,0
DA:526,0
DA:527,0
DA:528,0
DA:529,0
DA:530,0
DA:531,0
DA:532,0
DA:533,0
DA:537,0
DA:538,0
DA:541,0
DA:542,0
LF:198
LH:0
BRDA:8,0,0,0
BRDA:14,1,0,0
BRDA:14,1,1,0
BRDA:21,2,0,0
BRDA:21,2,1,0
BRDA:46,3,0,0
BRDA:46,3,1,0
BRDA:56,4,0,0
BRDA:57,5,0,0
BRDA:57,5,1,0
BRDA:80,6,0,0
BRDA:80,6,1,0
BRDA:88,7,0,0
BRDA:88,7,1,0
BRDA:88,8,0,0
BRDA:88,8,1,0
BRDA:110,9,0,0
BRDA:110,9,1,0
BRDA:121,10,0,0
BRDA:121,10,1,0
BRDA:128,11,0,0
BRDA:128,11,1,0
BRDA:136,12,0,0
BRDA:136,12,1,0
BRDA:163,13,0,0
BRDA:163,13,1,0
BRDA:163,14,0,0
BRDA:163,14,1,0
BRDA:186,15,0,0
BRDA:186,15,1,0
BRDA:187,16,0,0
BRDA:187,16,1,0
BRDA:208,17,0,0
BRDA:208,17,1,0
BRDA:218,18,0,0
BRDA:218,18,1,0
BRDA:230,19,0,0
BRDA:230,19,1,0
BRDA:248,20,0,0
BRDA:248,20,1,0
BRDA:250,21,0,0
BRDA:250,21,1,0
BRDA:263,22,0,0
BRDA:263,22,1,0
BRDA:269,23,0,0
BRDA:269,23,1,0
BRDA:275,24,0,0
BRDA:275,24,1,0
BRDA:281,25,0,0
BRDA:281,25,1,0
BRDA:298,26,0,0
BRDA:298,26,1,0
BRDA:301,27,0,0
BRDA:301,27,1,0
BRDA:304,28,0,0
BRDA:304,28,1,0
BRDA:310,29,0,0
BRDA:310,29,1,0
BRDA:313,30,0,0
BRDA:313,30,1,0
BRDA:370,31,0,0
BRDA:370,31,1,0
BRDA:404,32,0,0
BRDA:404,32,1,0
BRDA:411,33,0,0
BRDA:411,33,1,0
BRDA:423,34,0,0
BRDA:423,34,1,0
BRDA:443,35,0,0
BRDA:443,35,1,0
BRDA:450,36,0,0
BRDA:450,36,1,0
BRDA:464,37,0,0
BRDA:464,37,1,0
BRDA:489,38,0,0
BRDA:489,38,1,0
BRDA:489,39,0,0
BRDA:489,39,1,0
BRDA:492,40,0,0
BRDA:492,40,1,0
BRDA:492,41,0,0
BRDA:492,41,1,0
BRDA:492,41,2,0
BRDA:502,42,0,0
BRDA:502,42,1,0
BRDA:523,43,0,0
BRDA:523,43,1,0
BRF:87
BRH:0
end_of_record
TN:
SF:src/components/ProgressTracker/index.js
FNF:0
FNH:0
LF:0
LH:0
BRF:0
BRH:0
end_of_record
TN:
SF:src/components/Search/Search.js
FNF:0
FNH:0
LF:0
LH:0
BRF:0
BRH:0
end_of_record
TN:
SF:src/components/Search/index.js
FNF:0
FNH:0
LF:0
LH:0
BRF:0
BRH:0
end_of_record
TN:
SF:src/components/SettingsSection/SettingsSection.js
FNF:0
FNH:0
LF:0
LH:0
BRF:0
BRH:0
end_of_record
TN:
SF:src/components/SettingsSection/index.js
FNF:0
FNH:0
LF:0
LH:0
BRF:0
BRH:0
end_of_record
TN:
SF:src/components/SettingsTabs/SettingsTabs.js
FNF:0
FNH:0
LF:0
LH:0
BRF:0
BRH:0
end_of_record
TN:
SF:src/components/SettingsTabs/index.js
FNF:0
FNH:0
LF:0
LH:0
BRF:0
BRH:0
end_of_record
TN:
SF:src/components/SvgHeader/SvgHeader.js
FNF:0
FNH:0
LF:0
LH:0
BRF:0
BRH:0
end_of_record
TN:
SF:src/components/SvgHeader/index.js
FNF:0
FNH:0
LF:0
LH:0
BRF:0
BRH:0
end_of_record
TN:
SF:src/components/Theme/Theme.js
FN:11,(anonymous_0)
FN:58,(anonymous_1)
FN:82,(anonymous_2)
FN:100,(anonymous_3)
FN:108,(anonymous_4)
FN:135,(anonymous_5)
FN:149,(anonymous_6)
FN:160,(anonymous_7)
FN:168,(anonymous_8)
FN:177,(anonymous_9)
FN:183,(anonymous_10)
FN:213,(anonymous_11)
FN:220,(anonymous_12)
FN:224,(anonymous_13)
FN:246,(anonymous_14)
FN:275,(anonymous_15)
FN:294,(anonymous_16)
FNF:17
FNH:10
FNDA:6,(anonymous_0)
FNDA:2,(anonymous_1)
FNDA:3,(anonymous_2)
FNDA:6,(anonymous_3)
FNDA:24,(anonymous_4)
FNDA:7,(anonymous_5)
FNDA:2,(anonymous_6)
FNDA:0,(anonymous_7)
FNDA:0,(anonymous_8)
FNDA:2,(anonymous_9)
FNDA:0,(anonymous_10)
FNDA:2,(anonymous_11)
FNDA:0,(anonymous_12)
FNDA:0,(anonymous_13)
FNDA:0,(anonymous_14)
FNDA:0,(anonymous_15)
FNDA:6,(anonymous_16)
DA:16,6
DA:22,6
DA:28,6
DA:34,6
DA:40,6
DA:46,6
DA:49,6
DA:50,0
DA:59,2
DA:62,2
DA:65,2
DA:68,2
DA:71,2
DA:73,2
DA:74,2
DA:83,3
DA:85,2
DA:86,2
DA:87,1
DA:88,1
DA:91,1
DA:102,6
DA:103,0
DA:104,0
DA:108,6
DA:109,24
DA:113,6
DA:116,6
DA:119,6
DA:122,6
DA:125,6
DA:127,6
DA:136,7
DA:138,4
DA:139,4
DA:141,1
DA:150,2
DA:151,2
DA:152,2
DA:161,0
DA:169,0
DA:179,2
DA:180,2
DA:183,2
DA:185,0
DA:186,0
DA:187,0
DA:192,2
DA:193,1
DA:194,1
DA:198,2
DA:200,2
DA:203,0
DA:215,2
DA:220,2
DA:222,0
DA:224,0
DA:226,0
DA:227,0
DA:230,0
DA:235,0
DA:247,0
DA:248,0
DA:251,0
DA:253,0
DA:254,0
DA:255,0
DA:256,0
DA:259,0
DA:260,0
DA:261,0
DA:262,0
DA:263,0
DA:266,0
DA:267,0
DA:268,0
DA:270,0
DA:271,0
DA:272,0
DA:275,0
DA:278,0
DA:279,0
DA:280,0
DA:283,0
DA:286,0
DA:295,6
LF:86
LH:47
BRDA:11,0,0,3
BRDA:16,1,0,6
BRDA:16,1,1,5
BRDA:22,2,0,6
BRDA:22,2,1,4
BRDA:28,3,0,6
BRDA:28,3,1,5
BRDA:46,4,0,6
BRDA:46,4,1,5
BRDA:49,5,0,0
BRDA:49,5,1,6
BRDA:59,6,0,0
BRDA:59,6,1,2
BRDA:83,7,0,1
BRDA:83,7,1,2
BRDA:87,8,0,1
BRDA:87,8,1,0
BRDA:87,9,0,1
BRDA:87,9,1,1
BRDA:102,10,0,0
BRDA:102,10,1,6
BRDA:136,11,0,3
BRDA:136,11,1,4
BRDA:150,12,0,1
BRDA:150,12,1,1
BRDA:179,13,0,2
BRDA:179,13,1,0
BRDA:185,14,0,0
BRDA:185,14,1,0
BRDA:186,15,0,0
BRDA:186,15,1,0
BRDA:192,16,0,1
BRDA:192,16,1,1
BRDA:193,17,0,1
BRDA:193,17,1,0
BRDA:222,18,0,0
BRDA:222,18,1,0
BRDA:226,19,0,0
BRDA:226,19,1,0
BRDA:226,20,0,0
BRDA:226,20,1,0
BRDA:246,21,0,0
BRDA:247,22,0,0
BRDA:247,22,1,0
BRDA:248,23,0,0
BRDA:248,23,1,0
BRDA:253,24,0,0
BRDA:253,24,1,0
BRF:48
BRH:25
end_of_record
TN:
SF:src/components/Theme/index.js
FNF:0
FNH:0
LF:0
LH:0
BRF:0
BRH:0
end_of_record
TN:
SF:src/components/VersionDisplay/VersionDisplay.js
FNF:0
FNH:0
LF:0
LH:0
BRF:0
BRH:0
end_of_record
TN:
SF:src/components/VersionDisplay/index.js
FNF:0
FNH:0
LF:0
LH:0
BRF:0
BRH:0
end_of_record
TN:
SF:src/components/VersionManager/VersionManager.js
FNF:0
FNH:0
LF:0
LH:0
BRF:0
BRH:0
end_of_record
TN:
SF:src/components/VersionManager/index.js
FNF:0
FNH:0
LF:0
LH:0
BRF:0
BRH:0
end_of_record
TN:
SF:src/js/index.js
FNF:0
FNH:0
LF:0
LH:0
BRF:0
BRH:0
end_of_record
TN:
SF:src/js/core/index.js
FNF:0
FNH:0
LF:0
LH:0
BRF:0
BRH:0
end_of_record
TN:
SF:src/main/update-handler.js
FN:5,(anonymous_0)
FN:10,(anonymous_1)
FN:15,(anonymous_2)
FN:22,(anonymous_3)
FN:30,(anonymous_4)
FN:37,(anonymous_5)
FN:45,(anonymous_6)
FN:54,(anonymous_7)
FN:62,(anonymous_8)
FN:67,(anonymous_9)
FNF:10
FNH:0
FNDA:0,(anonymous_0)
FNDA:0,(anonymous_1)
FNDA:0,(anonymous_2)
FNDA:0,(anonymous_3)
FNDA:0,(anonymous_4)
FNDA:0,(anonymous_5)
FNDA:0,(anonymous_6)
FNDA:0,(anonymous_7)
FNDA:0,(anonymous_8)
FNDA:0,(anonymous_9)
DA:1,0
DA:2,0
DA:6,0
DA:7,0
DA:12,0
DA:15,0
DA:16,0
DA:23,0
DA:24,0
DA:30,0
DA:31,0
DA:38,0
DA:39,0
DA:45,0
DA:46,0
DA:47,0
DA:54,0
DA:56,0
DA:57,0
DA:63,0
DA:68,0
DA:72,0
LF:22
LH:0
BRDA:23,0,0,0
BRDA:23,0,1,0
BRDA:38,1,0,0
BRDA:38,1,1,0
BRF:4
BRH:0
end_of_record
TN:
SF:src/scripts/index.js
FNF:0
FNH:0
LF:0
LH:0
BRF:0
BRH:0
end_of_record
TN:
SF:src/scripts/components/code-blocks.js
FNF:0
FNH:0
LF:0
LH:0
BRF:0
BRH:0
end_of_record
TN:
SF:src/scripts/components/gallery.js
FN:32,(anonymous_0)
FN:66,(anonymous_1)
FN:83,(anonymous_2)
FN:85,(anonymous_3)
FN:90,(anonymous_4)
FN:92,(anonymous_5)
FN:105,(anonymous_6)
FN:106,(anonymous_7)
FN:109,(anonymous_8)
FN:111,(anonymous_9)
FN:140,(anonymous_10)
FN:161,(anonymous_11)
FN:194,(anonymous_12)
FN:222,(anonymous_13)
FN:229,(anonymous_14)
FN:235,(anonymous_15)
FN:253,(anonymous_16)
FN:272,(anonymous_17)
FN:305,(anonymous_18)
FN:312,(anonymous_19)
FN:342,(anonymous_20)
FN:356,(anonymous_21)
FN:369,(anonymous_22)
FN:399,(anonymous_23)
FN:406,(anonymous_24)
FN:417,(anonymous_25)
FN:432,(anonymous_26)
FNF:27
FNH:0
FNDA:0,(anonymous_0)
FNDA:0,(anonymous_1)
FNDA:0,(anonymous_2)
FNDA:0,(anonymous_3)
FNDA:0,(anonymous_4)
FNDA:0,(anonymous_5)
FNDA:0,(anonymous_6)
FNDA:0,(anonymous_7)
FNDA:0,(anonymous_8)
FNDA:0,(anonymous_9)
FNDA:0,(anonymous_10)
FNDA:0,(anonymous_11)
FNDA:0,(anonymous_12)
FNDA:0,(anonymous_13)
FNDA:0,(anonymous_14)
FNDA:0,(anonymous_15)
FNDA:0,(anonymous_16)
FNDA:0,(anonymous_17)
FNDA:0,(anonymous_18)
FNDA:0,(anonymous_19)
FNDA:0,(anonymous_20)
FNDA:0,(anonymous_21)
FNDA:0,(anonymous_22)
FNDA:0,(anonymous_23)
FNDA:0,(anonymous_24)
FNDA:0,(anonymous_25)
FNDA:0,(anonymous_26)
DA:38,0
DA:45,0
DA:52,0
DA:59,0
DA:67,0
DA:69,0
DA:70,0
DA:73,0
DA:75,0
DA:76,0
DA:85,0
DA:86,0
DA:90,0
DA:91,0
DA:92,0
DA:93,0
DA:95,0
DA:106,0
DA:107,0
DA:109,0
DA:110,0
DA:111,0
DA:113,0
DA:117,0
DA:123,0
DA:124,0
DA:129,0
DA:142,0
DA:144,0
DA:145,0
DA:148,0
DA:149,0
DA:152,0
DA:153,0
DA:154,0
DA:155,0
DA:157,0
DA:161,0
DA:163,0
DA:166,0
DA:167,0
DA:170,0
DA:173,0
DA:174,0
DA:177,0
DA:178,0
DA:179,0
DA:184,0
DA:185,0
DA:196,0
DA:197,0
DA:198,0
DA:199,0
DA:200,0
DA:201,0
DA:204,0
DA:205,0
DA:208,0
DA:209,0
DA:210,0
DA:213,0
DA:214,0
DA:215,0
DA:218,0
DA:219,0
DA:220,0
DA:221,0
DA:222,0
DA:225,0
DA:226,0
DA:227,0
DA:228,0
DA:229,0
DA:231,0
DA:232,0
DA:233,0
DA:234,0
DA:235,0
DA:238,0
DA:239,0
DA:240,0
DA:241,0
DA:242,0
DA:243,0
DA:244,0
DA:247,0
DA:248,0
DA:249,0
DA:250,0
DA:253,0
DA:254,0
DA:255,0
DA:260,0
DA:261,0
DA:264,0
DA:273,0
DA:275,0
DA:277,0
DA:278,0
DA:279,0
DA:281,0
DA:282,0
DA:283,0
DA:285,0
DA:286,0
DA:287,0
DA:289,0
DA:290,0
DA:291,0
DA:292,0
DA:294,0
DA:295,0
DA:296,0
DA:297,0
DA:306,0
DA:307,0
DA:310,0
DA:311,0
DA:312,0
DA:313,0
DA:314,0
DA:322,0
DA:323,0
DA:324,0
DA:327,0
DA:328,0
DA:331,0
DA:332,0
DA:335,0
DA:343,0
DA:345,0
DA:348,0
DA:357,0
DA:359,0
DA:361,0
DA:370,0
DA:371,0
DA:372,0
DA:375,0
DA:376,0
DA:379,0
DA:380,0
DA:381,0
DA:382,0
DA:383,0
DA:384,0
DA:388,0
DA:391,0
DA:400,0
DA:402,0
DA:403,0
DA:406,0
DA:407,0
DA:408,0
DA:418,0
DA:420,0
DA:421,0
DA:422,0
DA:423,0
DA:424,0
DA:425,0
DA:426,0
DA:429,0
DA:432,0
DA:433,0
DA:439,0
LF:166
LH:0
BRDA:67,0,0,0
BRDA:67,0,1,0
BRDA:91,1,0,0
BRDA:91,1,1,0
BRDA:110,2,0,0
BRDA:110,2,1,0
BRDA:110,3,0,0
BRDA:110,3,1,0
BRDA:113,4,0,0
BRDA:113,4,1,0
BRDA:113,5,0,0
BRDA:113,5,1,0
BRDA:113,5,2,0
BRDA:123,6,0,0
BRDA:123,6,1,0
BRDA:142,7,0,0
BRDA:142,7,1,0
BRDA:145,8,0,0
BRDA:145,8,1,0
BRDA:152,9,0,0
BRDA:152,9,1,0
BRDA:154,10,0,0
BRDA:154,10,1,0
BRDA:163,11,0,0
BRDA:163,11,1,0
BRDA:173,12,0,0
BRDA:173,12,1,0
BRDA:184,13,0,0
BRDA:184,13,1,0
BRDA:196,14,0,0
BRDA:196,14,1,0
BRDA:254,15,0,0
BRDA:254,15,1,0
BRDA:273,16,0,0
BRDA:273,16,1,0
BRDA:275,17,0,0
BRDA:275,17,1,0
BRDA:275,17,2,0
BRDA:275,17,3,0
BRDA:275,17,4,0
BRDA:307,18,0,0
BRDA:307,18,1,0
BRDA:315,19,0,0
BRDA:315,19,1,0
BRDA:317,20,0,0
BRDA:317,20,1,0
BRDA:317,20,2,0
BRDA:343,21,0,0
BRDA:343,21,1,0
BRDA:357,22,0,0
BRDA:357,22,1,0
BRDA:376,23,0,0
BRDA:376,23,1,0
BRDA:379,24,0,0
BRDA:379,24,1,0
BRDA:381,25,0,0
BRDA:381,25,1,0
BRDA:383,26,0,0
BRDA:383,26,1,0
BRDA:400,27,0,0
BRDA:400,27,1,0
BRDA:420,28,0,0
BRDA:420,28,1,0
BRF:63
BRH:0
end_of_record
TN:
SF:src/scripts/components/index.js
FNF:0
FNH:0
LF:0
LH:0
BRF:0
BRH:0
end_of_record
TN:
SF:src/scripts/components/navigation.js
FN:10,initNavigation
FN:14,(anonymous_1)
FN:15,(anonymous_2)
FN:31,(anonymous_3)
FN:39,(anonymous_4)
FN:46,(anonymous_5)
FN:57,(anonymous_6)
FN:72,initScrollHandlers
FN:77,(anonymous_8)
FN:86,(anonymous_9)
FN:99,handleUrlHash
FN:102,(anonymous_11)
FN:112,(anonymous_12)
FNF:13
FNH:0
FNDA:0,initNavigation
FNDA:0,(anonymous_1)
FNDA:0,(anonymous_2)
FNDA:0,(anonymous_3)
FNDA:0,(anonymous_4)
FNDA:0,(anonymous_5)
FNDA:0,(anonymous_6)
FNDA:0,initScrollHandlers
FNDA:0,(anonymous_8)
FNDA:0,(anonymous_9)
FNDA:0,handleUrlHash
FNDA:0,(anonymous_11)
FNDA:0,(anonymous_12)
DA:11,0
DA:14,0
DA:15,0
DA:16,0
DA:17,0
DA:18,0
DA:20,0
DA:21,0
DA:22,0
DA:28,0
DA:31,0
DA:32,0
DA:39,0
DA:40,0
DA:42,0
DA:43,0
DA:46,0
DA:47,0
DA:48,0
DA:50,0
DA:52,0
DA:57,0
DA:58,0
DA:59,0
DA:61,0
DA:63,0
DA:73,0
DA:75,0
DA:77,0
DA:78,0
DA:79,0
DA:81,0
DA:86,0
DA:87,0
DA:88,0
DA:100,0
DA:101,0
DA:102,0
DA:103,0
DA:104,0
DA:105,0
DA:111,0
DA:112,0
DA:113,0
DA:114,0
DA:115,0
LF:46
LH:0
BRDA:17,0,0,0
BRDA:17,0,1,0
BRDA:21,1,0,0
BRDA:21,1,1,0
BRDA:40,2,0,0
BRDA:40,2,1,0
BRDA:50,3,0,0
BRDA:50,3,1,0
BRDA:50,4,0,0
BRDA:50,4,1,0
BRDA:61,5,0,0
BRDA:61,5,1,0
BRDA:61,6,0,0
BRDA:61,6,1,0
BRDA:61,6,2,0
BRDA:75,7,0,0
BRDA:75,7,1,0
BRDA:78,8,0,0
BRDA:78,8,1,0
BRDA:101,9,0,0
BRDA:101,9,1,0
BRDA:104,10,0,0
BRDA:104,10,1,0
BRDA:114,11,0,0
BRDA:114,11,1,0
BRF:25
BRH:0
end_of_record
TN:
SF:src/scripts/components/preferences.js
FN:43,(anonymous_0)
FN:56,(anonymous_1)
FN:65,(anonymous_2)
FN:67,(anonymous_3)
FN:74,(anonymous_4)
FN:84,debounce
FN:86,(anonymous_6)
FN:89,(anonymous_7)
FN:98,createPreferencesButton
FN:112,(anonymous_9)
FN:125,showPreferencesDialog
FN:457,escapeHandler
FN:465,(anonymous_12)
FN:472,(anonymous_13)
FN:479,(anonymous_14)
FN:482,(anonymous_15)
FN:501,initTabSwitching
FN:504,(anonymous_17)
FN:505,(anonymous_18)
FN:507,(anonymous_19)
FN:512,(anonymous_20)
FN:533,setupFormEventHandlers
FN:562,(anonymous_22)
FN:574,(anonymous_23)
FN:578,(anonymous_24)
FN:593,setupSelectControl
FN:601,(anonymous_26)
FN:617,setupToggleControl
FN:625,(anonymous_28)
FN:632,(anonymous_29)
FN:647,(anonymous_30)
FN:659,makePreferenceItemsClickable
FN:660,(anonymous_32)
FN:664,(anonymous_33)
FN:678,(anonymous_34)
FN:690,(anonymous_35)
FN:695,(anonymous_36)
FN:709,previewPreference
FN:788,previewContentWidth
FN:818,updateSidebarCompactness
FN:826,(anonymous_40)
FN:840,(anonymous_41)
FN:852,updateExpandedCodeBlocks
FN:853,(anonymous_43)
FN:875,updateFormFromPreferences
FN:886,(anonymous_45)
FN:904,(anonymous_46)
FN:913,hidePreferencesDialog
FN:925,showConfirmDialog
FN:947,(anonymous_49)
FN:952,(anonymous_50)
FN:956,(anonymous_51)
FN:962,(anonymous_52)
FN:969,escapeHandler
FN:980,exportPreferences
FN:1012,importPreferences
FN:1023,(anonymous_56)
FN:1032,(anonymous_57)
FN:1073,loadPreferences
FN:1091,savePreferences
FN:1111,resetPreferences
FN:1118,applyPreferences
FN:1123,(anonymous_62)
FN:1136,removeAllPreferenceClasses
FN:1155,applyPreferencesToLayout
FN:1173,showNotification
FN:1193,(anonymous_66)
FN:1203,ensureNotificationStyles
FNF:68
FNH:0
FNDA:0,(anonymous_0)
FNDA:0,(anonymous_1)
FNDA:0,(anonymous_2)
FNDA:0,(anonymous_3)
FNDA:0,(anonymous_4)
FNDA:0,debounce
FNDA:0,(anonymous_6)
FNDA:0,(anonymous_7)
FNDA:0,createPreferencesButton
FNDA:0,(anonymous_9)
FNDA:0,showPreferencesDialog
FNDA:0,escapeHandler
FNDA:0,(anonymous_12)
FNDA:0,(anonymous_13)
FNDA:0,(anonymous_14)
FNDA:0,(anonymous_15)
FNDA:0,initTabSwitching
FNDA:0,(anonymous_17)
FNDA:0,(anonymous_18)
FNDA:0,(anonymous_19)
FNDA:0,(anonymous_20)
FNDA:0,setupFormEventHandlers
FNDA:0,(anonymous_22)
FNDA:0,(anonymous_23)
FNDA:0,(anonymous_24)
FNDA:0,setupSelectControl
FNDA:0,(anonymous_26)
FNDA:0,setupToggleControl
FNDA:0,(anonymous_28)
FNDA:0,(anonymous_29)
FNDA:0,(anonymous_30)
FNDA:0,makePreferenceItemsClickable
FNDA:0,(anonymous_32)
FNDA:0,(anonymous_33)
FNDA:0,(anonymous_34)
FNDA:0,(anonymous_35)
FNDA:0,(anonymous_36)
FNDA:0,previewPreference
FNDA:0,previewContentWidth
FNDA:0,updateSidebarCompactness
FNDA:0,(anonymous_40)
FNDA:0,(anonymous_41)
FNDA:0,updateExpandedCodeBlocks
FNDA:0,(anonymous_43)
FNDA:0,updateFormFromPreferences
FNDA:0,(anonymous_45)
FNDA:0,(anonymous_46)
FNDA:0,hidePreferencesDialog
FNDA:0,showConfirmDialog
FNDA:0,(anonymous_49)
FNDA:0,(anonymous_50)
FNDA:0,(anonymous_51)
FNDA:0,(anonymous_52)
FNDA:0,escapeHandler
FNDA:0,exportPreferences
FNDA:0,importPreferences
FNDA:0,(anonymous_56)
FNDA:0,(anonymous_57)
FNDA:0,loadPreferences
FNDA:0,savePreferences
FNDA:0,resetPreferences
FNDA:0,applyPreferences
FNDA:0,(anonymous_62)
FNDA:0,removeAllPreferenceClasses
FNDA:0,applyPreferencesToLayout
FNDA:0,showNotification
FNDA:0,(anonymous_66)
FNDA:0,ensureNotificationStyles
DA:7,0
DA:37,0
DA:40,0
DA:43,0
DA:44,0
DA:47,0
DA:50,0
DA:53,0
DA:56,0
DA:57,0
DA:58,0
DA:63,0
DA:64,0
DA:65,0
DA:67,0
DA:68,0
DA:74,0
DA:75,0
DA:76,0
DA:86,0
DA:87,0
DA:88,0
DA:89,0
DA:90,0
DA:99,0
DA:101,0
DA:102,0
DA:103,0
DA:104,0
DA:105,0
DA:106,0
DA:108,0
DA:109,0
DA:112,0
DA:113,0
DA:114,0
DA:115,0
DA:119,0
DA:126,0
DA:129,0
DA:132,0
DA:133,0
DA:134,0
DA:137,0
DA:138,0
DA:142,0
DA:143,0
DA:144,0
DA:145,0
DA:148,0
DA:149,0
DA:152,0
DA:165,0
DA:166,0
DA:167,0
DA:168,0
DA:169,0
DA:300,0
DA:301,0
DA:302,0
DA:303,0
DA:304,0
DA:305,0
DA:358,0
DA:359,0
DA:360,0
DA:361,0
DA:362,0
DA:363,0
DA:391,0
DA:392,0
DA:393,0
DA:394,0
DA:395,0
DA:396,0
DA:429,0
DA:430,0
DA:431,0
DA:437,0
DA:438,0
DA:439,0
DA:440,0
DA:441,0
DA:442,0
DA:445,0
DA:448,0
DA:451,0
DA:454,0
DA:457,0
DA:458,0
DA:459,0
DA:460,0
DA:465,0
DA:466,0
DA:467,0
DA:472,0
DA:473,0
DA:474,0
DA:475,0
DA:479,0
DA:480,0
DA:483,0
DA:484,0
DA:485,0
DA:486,0
DA:492,0
DA:495,0
DA:502,0
DA:504,0
DA:505,0
DA:507,0
DA:508,0
DA:509,0
DA:512,0
DA:513,0
DA:514,0
DA:518,0
DA:519,0
DA:522,0
DA:523,0
DA:524,0
DA:525,0
DA:535,0
DA:536,0
DA:537,0
DA:538,0
DA:539,0
DA:540,0
DA:543,0
DA:544,0
DA:545,0
DA:546,0
DA:547,0
DA:548,0
DA:549,0
DA:550,0
DA:551,0
DA:554,0
DA:557,0
DA:558,0
DA:560,0
DA:562,0
DA:563,0
DA:566,0
DA:567,0
DA:568,0
DA:574,0
DA:575,0
DA:576,0
DA:578,0
DA:579,0
DA:582,0
DA:583,0
DA:594,0
DA:595,0
DA:598,0
DA:601,0
DA:602,0
DA:605,0
DA:608,0
DA:609,0
DA:618,0
DA:619,0
DA:622,0
DA:625,0
DA:626,0
DA:629,0
DA:630,0
DA:631,0
DA:632,0
DA:633,0
DA:638,0
DA:641,0
DA:642,0
DA:647,0
DA:648,0
DA:649,0
DA:650,0
DA:651,0
DA:660,0
DA:661,0
DA:662,0
DA:664,0
DA:666,0
DA:667,0
DA:668,0
DA:669,0
DA:672,0
DA:673,0
DA:674,0
DA:677,0
DA:678,0
DA:679,0
DA:685,0
DA:686,0
DA:687,0
DA:690,0
DA:691,0
DA:695,0
DA:696,0
DA:697,0
DA:698,0
DA:699,0
DA:711,0
DA:713,0
DA:714,0
DA:715,0
DA:718,0
DA:719,0
DA:720,0
DA:723,0
DA:724,0
DA:725,0
DA:728,0
DA:729,0
DA:730,0
DA:733,0
DA:734,0
DA:735,0
DA:738,0
DA:739,0
DA:740,0
DA:741,0
DA:745,0
DA:746,0
DA:749,0
DA:750,0
DA:753,0
DA:754,0
DA:757,0
DA:758,0
DA:761,0
DA:762,0
DA:763,0
DA:766,0
DA:767,0
DA:770,0
DA:771,0
DA:774,0
DA:775,0
DA:776,0
DA:779,0
DA:780,0
DA:781,0
DA:791,0
DA:793,0
DA:794,0
DA:796,0
DA:797,0
DA:799,0
DA:800,0
DA:802,0
DA:803,0
DA:805,0
DA:809,0
DA:810,0
DA:811,0
DA:819,0
DA:820,0
DA:822,0
DA:824,0
DA:826,0
DA:827,0
DA:828,0
DA:832,0
DA:833,0
DA:834,0
DA:835,0
DA:840,0
DA:841,0
DA:842,0
DA:843,0
DA:853,0
DA:854,0
DA:855,0
DA:858,0
DA:859,0
DA:860,0
DA:861,0
DA:863,0
DA:864,0
DA:865,0
DA:877,0
DA:886,0
DA:887,0
DA:888,0
DA:892,0
DA:904,0
DA:905,0
DA:906,0
DA:914,0
DA:915,0
DA:916,0
DA:918,0
DA:927,0
DA:928,0
DA:929,0
DA:930,0
DA:931,0
DA:933,0
DA:944,0
DA:947,0
DA:948,0
DA:952,0
DA:953,0
DA:956,0
DA:957,0
DA:958,0
DA:962,0
DA:963,0
DA:964,0
DA:969,0
DA:970,0
DA:971,0
DA:972,0
DA:981,0
DA:983,0
DA:986,0
DA:989,0
DA:990,0
DA:991,0
DA:994,0
DA:997,0
DA:1000,0
DA:1002,0
DA:1004,0
DA:1005,0
DA:1014,0
DA:1015,0
DA:1016,0
DA:1017,0
DA:1020,0
DA:1023,0
DA:1025,0
DA:1026,0
DA:1029,0
DA:1032,0
DA:1033,0
DA:1035,0
DA:1038,0
DA:1039,0
DA:1043,0
DA:1046,0
DA:1047,0
DA:1050,0
DA:1052,0
DA:1054,0
DA:1055,0
DA:1059,0
DA:1063,0
DA:1067,0
DA:1074,0
DA:1075,0
DA:1076,0
DA:1077,0
DA:1078,0
DA:1081,0
DA:1083,0
DA:1092,0
DA:1093,0
DA:1094,0
DA:1097,0
DA:1099,0
DA:1100,0
DA:1103,0
DA:1104,0
DA:1112,0
DA:1120,0
DA:1123,0
DA:1124,0
DA:1128,0
DA:1130,0
DA:1137,0
DA:1149,0
DA:1157,0
DA:1160,0
DA:1163,0
DA:1166,0
DA:1175,0
DA:1176,0
DA:1177,0
DA:1181,0
DA:1182,0
DA:1183,0
DA:1184,0
DA:1187,0
DA:1190,0
DA:1193,0
DA:1194,0
DA:1195,0
DA:1204,0
DA:1205,0
DA:1206,0
DA:1207,0
DA:1231,0
LF:395
LH:0
BRDA:57,0,0,0
BRDA:57,0,1,0
BRDA:64,1,0,0
BRDA:64,1,1,0
BRDA:75,2,0,0
BRDA:75,2,1,0
BRDA:99,3,0,0
BRDA:99,3,1,0
BRDA:113,4,0,0
BRDA:113,4,1,0
BRDA:113,5,0,0
BRDA:113,5,1,0
BRDA:133,6,0,0
BRDA:133,6,1,0
BRDA:458,7,0,0
BRDA:458,7,1,0
BRDA:466,8,0,0
BRDA:466,8,1,0
BRDA:558,9,0,0
BRDA:558,9,1,0
BRDA:566,10,0,0
BRDA:566,10,1,0
BRDA:576,11,0,0
BRDA:576,11,1,0
BRDA:579,12,0,0
BRDA:579,12,1,0
BRDA:579,13,0,0
BRDA:579,13,1,0
BRDA:579,13,2,0
BRDA:579,13,3,0
BRDA:595,14,0,0
BRDA:595,14,1,0
BRDA:608,15,0,0
BRDA:608,15,1,0
BRDA:619,16,0,0
BRDA:619,16,1,0
BRDA:630,17,0,0
BRDA:630,17,1,0
BRDA:641,18,0,0
BRDA:641,18,1,0
BRDA:648,19,0,0
BRDA:648,19,1,0
BRDA:648,20,0,0
BRDA:648,20,1,0
BRDA:662,21,0,0
BRDA:662,21,1,0
BRDA:666,22,0,0
BRDA:666,22,1,0
BRDA:672,23,0,0
BRDA:672,23,1,0
BRDA:672,24,0,0
BRDA:672,24,1,0
BRDA:672,24,2,0
BRDA:672,24,3,0
BRDA:696,25,0,0
BRDA:696,25,1,0
BRDA:696,26,0,0
BRDA:696,26,1,0
BRDA:711,27,0,0
BRDA:711,27,1,0
BRDA:711,27,2,0
BRDA:711,27,3,0
BRDA:711,27,4,0
BRDA:711,27,5,0
BRDA:711,27,6,0
BRDA:711,27,7,0
BRDA:711,27,8,0
BRDA:711,27,9,0
BRDA:711,27,10,0
BRDA:711,27,11,0
BRDA:711,27,12,0
BRDA:711,27,13,0
BRDA:711,27,14,0
BRDA:780,28,0,0
BRDA:780,28,1,0
BRDA:791,29,0,0
BRDA:791,29,1,0
BRDA:791,29,2,0
BRDA:791,29,3,0
BRDA:791,29,4,0
BRDA:810,30,0,0
BRDA:810,30,1,0
BRDA:820,31,0,0
BRDA:820,31,1,0
BRDA:824,32,0,0
BRDA:824,32,1,0
BRDA:827,33,0,0
BRDA:827,33,1,0
BRDA:832,34,0,0
BRDA:832,34,1,0
BRDA:832,35,0,0
BRDA:832,35,1,0
BRDA:841,36,0,0
BRDA:841,36,1,0
BRDA:841,37,0,0
BRDA:841,37,1,0
BRDA:855,38,0,0
BRDA:855,38,1,0
BRDA:858,39,0,0
BRDA:858,39,1,0
BRDA:859,40,0,0
BRDA:859,40,1,0
BRDA:864,41,0,0
BRDA:864,41,1,0
BRDA:888,42,0,0
BRDA:888,42,1,0
BRDA:906,43,0,0
BRDA:906,43,1,0
BRDA:915,44,0,0
BRDA:915,44,1,0
BRDA:963,45,0,0
BRDA:963,45,1,0
BRDA:970,46,0,0
BRDA:970,46,1,0
BRDA:1026,47,0,0
BRDA:1026,47,1,0
BRDA:1038,48,0,0
BRDA:1038,48,1,0
BRDA:1038,49,0,0
BRDA:1038,49,1,0
BRDA:1076,50,0,0
BRDA:1076,50,1,0
BRDA:1091,51,0,0
BRDA:1099,52,0,0
BRDA:1099,52,1,0
BRDA:1167,53,0,0
BRDA:1167,53,1,0
BRDA:1173,54,0,0
BRDA:1176,55,0,0
BRDA:1176,55,1,0
BRDA:1182,56,0,0
BRDA:1182,56,1,0
BRDA:1194,57,0,0
BRDA:1194,57,1,0
BRDA:1204,58,0,0
BRDA:1204,58,1,0
BRF:136
BRH:0
end_of_record
TN:
SF:src/scripts/components/progress-tracker.js
FN:38,(anonymous_0)
FN:72,(anonymous_1)
FN:88,(anonymous_2)
FN:109,(anonymous_3)
FN:121,(anonymous_4)
FN:136,(anonymous_5)
FN:157,(anonymous_6)
FN:181,(anonymous_7)
FN:210,(anonymous_8)
FN:223,(anonymous_9)
FN:241,(anonymous_10)
FN:261,(anonymous_11)
FN:299,(anonymous_12)
FN:312,(anonymous_13)
FN:329,(anonymous_14)
FN:339,(anonymous_15)
FN:355,(anonymous_16)
FN:356,(anonymous_17)
FN:359,(anonymous_18)
FN:361,(anonymous_19)
FN:394,(anonymous_20)
FN:419,(anonymous_21)
FN:440,(anonymous_22)
FN:456,(anonymous_23)
FN:466,(anonymous_24)
FN:507,(anonymous_25)
FN:534,(anonymous_26)
FN:537,(anonymous_27)
FN:541,(anonymous_28)
FN:556,(anonymous_29)
FNF:30
FNH:0
FNDA:0,(anonymous_0)
FNDA:0,(anonymous_1)
FNDA:0,(anonymous_2)
FNDA:0,(anonymous_3)
FNDA:0,(anonymous_4)
FNDA:0,(anonymous_5)
FNDA:0,(anonymous_6)
FNDA:0,(anonymous_7)
FNDA:0,(anonymous_8)
FNDA:0,(anonymous_9)
FNDA:0,(anonymous_10)
FNDA:0,(anonymous_11)
FNDA:0,(anonymous_12)
FNDA:0,(anonymous_13)
FNDA:0,(anonymous_14)
FNDA:0,(anonymous_15)
FNDA:0,(anonymous_16)
FNDA:0,(anonymous_17)
FNDA:0,(anonymous_18)
FNDA:0,(anonymous_19)
FNDA:0,(anonymous_20)
FNDA:0,(anonymous_21)
FNDA:0,(anonymous_22)
FNDA:0,(anonymous_23)
FNDA:0,(anonymous_24)
FNDA:0,(anonymous_25)
FNDA:0,(anonymous_26)
FNDA:0,(anonymous_27)
FNDA:0,(anonymous_28)
FNDA:0,(anonymous_29)
DA:44,0
DA:51,0
DA:58,0
DA:65,0
DA:73,0
DA:75,0
DA:76,0
DA:77,0
DA:79,0
DA:80,0
DA:90,0
DA:93,0
DA:94,0
DA:95,0
DA:96,0
DA:97,0
DA:101,0
DA:111,0
DA:114,0
DA:121,0
DA:122,0
DA:124,0
DA:125,0
DA:126,0
DA:129,0
DA:130,0
DA:133,0
DA:136,0
DA:137,0
DA:141,0
DA:144,0
DA:148,0
DA:159,0
DA:162,0
DA:163,0
DA:166,0
DA:169,0
DA:170,0
DA:172,0
DA:183,0
DA:186,0
DA:187,0
DA:189,0
DA:193,0
DA:196,0
DA:211,0
DA:212,0
DA:213,0
DA:215,0
DA:225,0
DA:227,0
DA:229,0
DA:230,0
DA:232,0
DA:236,0
DA:237,0
DA:238,0
DA:241,0
DA:243,0
DA:244,0
DA:245,0
DA:249,0
DA:250,0
DA:251,0
DA:263,0
DA:266,0
DA:270,0
DA:273,0
DA:276,0
DA:277,0
DA:278,0
DA:281,0
DA:282,0
DA:283,0
DA:292,0
DA:300,0
DA:301,0
DA:304,0
DA:305,0
DA:306,0
DA:307,0
DA:312,0
DA:313,0
DA:317,0
DA:320,0
DA:331,0
DA:332,0
DA:336,0
DA:339,0
DA:340,0
DA:344,0
DA:347,0
DA:356,0
DA:357,0
DA:359,0
DA:360,0
DA:361,0
DA:363,0
DA:367,0
DA:373,0
DA:374,0
DA:375,0
DA:380,0
DA:396,0
DA:397,0
DA:400,0
DA:401,0
DA:402,0
DA:403,0
DA:404,0
DA:407,0
DA:408,0
DA:409,0
DA:410,0
DA:411,0
DA:414,0
DA:415,0
DA:419,0
DA:420,0
DA:421,0
DA:422,0
DA:425,0
DA:429,0
DA:430,0
DA:432,0
DA:441,0
DA:443,0
DA:444,0
DA:445,0
DA:446,0
DA:447,0
DA:448,0
DA:449,0
DA:452,0
DA:453,0
DA:456,0
DA:457,0
DA:467,0
DA:470,0
DA:471,0
DA:474,0
DA:477,0
DA:478,0
DA:479,0
DA:480,0
DA:483,0
DA:484,0
DA:485,0
DA:488,0
DA:489,0
DA:490,0
DA:491,0
DA:492,0
DA:493,0
DA:494,0
DA:497,0
DA:498,0
DA:499,0
DA:502,0
DA:503,0
DA:504,0
DA:505,0
DA:506,0
DA:507,0
DA:508,0
DA:509,0
DA:510,0
DA:514,0
DA:518,0
DA:521,0
DA:522,0
DA:525,0
DA:527,0
DA:535,0
DA:537,0
DA:538,0
DA:541,0
DA:543,0
DA:544,0
DA:545,0
DA:546,0
DA:551,0
DA:552,0
DA:553,0
DA:556,0
DA:557,0
DA:564,0
LF:187
LH:0
BRDA:73,0,0,0
BRDA:73,0,1,0
BRDA:95,1,0,0
BRDA:95,1,1,0
BRDA:95,2,0,0
BRDA:95,2,1,0
BRDA:122,3,0,0
BRDA:122,3,1,0
BRDA:133,4,0,0
BRDA:133,4,1,0
BRDA:163,5,0,0
BRDA:163,5,1,0
BRDA:163,6,0,0
BRDA:163,6,1,0
BRDA:186,7,0,0
BRDA:186,7,1,0
BRDA:213,8,0,0
BRDA:213,8,1,0
BRDA:227,9,0,0
BRDA:227,9,1,0
BRDA:229,10,0,0
BRDA:229,10,1,0
BRDA:238,11,0,0
BRDA:238,11,1,0
BRDA:244,12,0,0
BRDA:244,12,1,0
BRDA:250,13,0,0
BRDA:250,13,1,0
BRDA:263,14,0,0
BRDA:263,14,1,0
BRDA:270,15,0,0
BRDA:270,15,1,0
BRDA:273,16,0,0
BRDA:273,16,1,0
BRDA:278,17,0,0
BRDA:278,17,1,0
BRDA:305,18,0,0
BRDA:305,18,1,0
BRDA:360,19,0,0
BRDA:360,19,1,0
BRDA:360,20,0,0
BRDA:360,20,1,0
BRDA:363,21,0,0
BRDA:363,21,1,0
BRDA:363,22,0,0
BRDA:363,22,1,0
BRDA:363,22,2,0
BRDA:373,23,0,0
BRDA:373,23,1,0
BRDA:394,24,0,0
BRDA:414,25,0,0
BRDA:414,25,1,0
BRDA:425,26,0,0
BRDA:425,26,1,0
BRDA:443,27,0,0
BRDA:443,27,1,0
BRDA:467,28,0,0
BRDA:467,28,1,0
BRDA:471,29,0,0
BRDA:471,29,1,0
BRDA:502,30,0,0
BRDA:502,30,1,0
BRDA:543,31,0,0
BRDA:543,31,1,0
BRDA:543,32,0,0
BRDA:543,32,1,0
BRF:66
BRH:0
end_of_record
TN:
SF:src/scripts/components/sidebar.js
FN:10,initSidebar
FN:34,(anonymous_1)
FN:46,(anonymous_2)
FN:47,(anonymous_3)
FNF:4
FNH:0
FNDA:0,initSidebar
FNDA:0,(anonymous_1)
FNDA:0,(anonymous_2)
FNDA:0,(anonymous_3)
DA:5,0
DA:11,0
DA:12,0
DA:13,0
DA:15,0
DA:17,0
DA:21,0
DA:22,0
DA:23,0
DA:24,0
DA:25,0
DA:27,0
DA:31,0
DA:34,0
DA:35,0
DA:36,0
DA:37,0
DA:40,0
DA:44,0
DA:45,0
DA:46,0
DA:47,0
DA:48,0
DA:49,0
DA:50,0
DA:51,0
DA:52,0
DA:58,0
DA:62,0
LF:29
LH:0
BRDA:15,0,0,0
BRDA:15,0,1,0
BRDA:15,1,0,0
BRDA:15,1,1,0
BRDA:15,1,2,0
BRDA:22,2,0,0
BRDA:22,2,1,0
BRDA:44,3,0,0
BRDA:44,3,1,0
BRDA:48,4,0,0
BRDA:48,4,1,0
BRF:11
BRH:0
end_of_record
TN:
SF:src/scripts/components/version-display.js
FN:4,(anonymous_0)
FN:10,(anonymous_1)
FN:26,(anonymous_2)
FNF:3
FNH:0
FNDA:0,(anonymous_0)
FNDA:0,(anonymous_1)
FNDA:0,(anonymous_2)
DA:1,0
DA:5,0
DA:6,0
DA:7,0
DA:11,0
DA:14,0
DA:17,0
DA:18,0
DA:19,0
DA:25,0
DA:26,0
DA:27,0
DA:31,0
DA:33,0
DA:37,0
LF:15
LH:0
BRDA:11,0,0,0
BRDA:11,0,1,0
BRF:2
BRH:0
end_of_record
TN:
SF:src/scripts/core/app-initialization.js
FN:14,initializeApplication
FN:16,(anonymous_1)
FN:28,(anonymous_2)
FN:35,(anonymous_3)
FN:44,(anonymous_4)
FN:64,loadStylesheet
FNF:6
FNH:0
FNDA:0,initializeApplication
FNDA:0,(anonymous_1)
FNDA:0,(anonymous_2)
FNDA:0,(anonymous_3)
FNDA:0,(anonymous_4)
FNDA:0,loadStylesheet
DA:16,0
DA:17,0
DA:20,0
DA:21,0
DA:25,0
DA:28,0
DA:29,0
DA:30,0
DA:34,0
DA:35,0
DA:37,0
DA:40,0
DA:44,0
DA:46,0
DA:47,0
DA:51,0
DA:52,0
DA:65,0
DA:66,0
DA:67,0
DA:68,0
DA:72,0
DA:75,0
LF:23
LH:0
BRDA:51,0,0,0
BRDA:51,0,1,0
BRDA:51,1,0,0
BRDA:51,1,1,0
BRF:4
BRH:0
end_of_record
TN:
SF:src/scripts/core/electron-main.js
FN:18,(anonymous_0)
FN:25,(anonymous_1)
FN:38,(anonymous_2)
FN:58,createWindow
FN:73,(anonymous_4)
FN:92,(anonymous_5)
FN:104,(anonymous_6)
FN:111,(anonymous_7)
FN:112,(anonymous_8)
FN:123,(anonymous_9)
FN:134,(anonymous_10)
FN:141,(anonymous_11)
FN:149,(anonymous_12)
FN:153,(anonymous_13)
FN:159,(anonymous_14)
FN:163,(anonymous_15)
FN:168,(anonymous_16)
FN:174,(anonymous_17)
FN:183,(anonymous_18)
FN:186,(anonymous_19)
FN:206,(anonymous_20)
FN:210,(anonymous_21)
FNF:22
FNH:0
FNDA:0,(anonymous_0)
FNDA:0,(anonymous_1)
FNDA:0,(anonymous_2)
FNDA:0,createWindow
FNDA:0,(anonymous_4)
FNDA:0,(anonymous_5)
FNDA:0,(anonymous_6)
FNDA:0,(anonymous_7)
FNDA:0,(anonymous_8)
FNDA:0,(anonymous_9)
FNDA:0,(anonymous_10)
FNDA:0,(anonymous_11)
FNDA:0,(anonymous_12)
FNDA:0,(anonymous_13)
FNDA:0,(anonymous_14)
FNDA:0,(anonymous_15)
FNDA:0,(anonymous_16)
FNDA:0,(anonymous_17)
FNDA:0,(anonymous_18)
FNDA:0,(anonymous_19)
FNDA:0,(anonymous_20)
FNDA:0,(anonymous_21)
DA:1,0
DA:2,0
DA:3,0
DA:4,0
DA:5,0
DA:8,0
DA:14,0
DA:19,0
DA:26,0
DA:27,0
DA:30,0
DA:31,0
DA:32,0
DA:35,0
DA:39,0
DA:44,0
DA:46,0
DA:47,0
DA:48,0
DA:51,0
DA:60,0
DA:73,0
DA:74,0
DA:85,0
DA:88,0
DA:89,0
DA:92,0
DA:93,0
DA:104,0
DA:106,0
DA:111,0
DA:112,0
DA:113,0
DA:114,0
DA:115,0
DA:117,0
DA:123,0
DA:124,0
DA:127,0
DA:129,0
DA:134,0
DA:136,0
DA:137,0
DA:141,0
DA:143,0
DA:144,0
DA:149,0
DA:150,0
DA:153,0
DA:154,0
DA:155,0
DA:159,0
DA:160,0
DA:163,0
DA:164,0
DA:165,0
DA:168,0
DA:169,0
DA:170,0
DA:174,0
DA:175,0
DA:177,0
DA:178,0
DA:179,0
DA:182,0
DA:184,0
DA:187,0
DA:188,0
DA:190,0
DA:193,0
DA:194,0
DA:195,0
DA:196,0
DA:198,0
DA:201,0
DA:206,0
DA:207,0
DA:210,0
DA:211,0
LF:79
LH:0
BRDA:27,0,0,0
BRDA:27,0,1,0
BRDA:30,1,0,0
BRDA:30,1,1,0
BRDA:44,2,0,0
BRDA:44,2,1,0
BRDA:47,3,0,0
BRDA:47,3,1,0
BRDA:88,4,0,0
BRDA:88,4,1,0
BRDA:127,5,0,0
BRDA:127,5,1,0
BRDA:136,6,0,0
BRDA:136,6,1,0
BRDA:143,7,0,0
BRDA:143,7,1,0
BRDA:175,8,0,0
BRDA:175,8,1,0
BRDA:175,8,2,0
BRDA:175,8,3,0
BRDA:193,9,0,0
BRDA:193,9,1,0
BRF:22
BRH:0
end_of_record
TN:
SF:src/scripts/core/font-loader.js
FN:7,(anonymous_0)
FN:16,(anonymous_1)
FN:17,(anonymous_2)
FN:35,(anonymous_3)
FN:59,(anonymous_4)
FN:91,(anonymous_5)
FN:96,(anonymous_6)
FNF:7
FNH:0
FNDA:0,(anonymous_0)
FNDA:0,(anonymous_1)
FNDA:0,(anonymous_2)
FNDA:0,(anonymous_3)
FNDA:0,(anonymous_4)
FNDA:0,(anonymous_5)
FNDA:0,(anonymous_6)
DA:8,0
DA:9,0
DA:10,0
DA:17,0
DA:19,0
DA:22,0
DA:23,0
DA:27,0
DA:37,0
DA:40,0
DA:42,0
DA:43,0
DA:45,0
DA:46,0
DA:48,0
DA:52,0
DA:53,0
DA:61,0
DA:62,0
DA:65,0
DA:66,0
DA:67,0
DA:86,0
DA:89,0
DA:90,0
DA:91,0
DA:92,0
DA:95,0
DA:96,0
DA:97,0
DA:98,0
DA:99,0
DA:105,0
LF:33
LH:0
BRDA:8,0,0,0
BRDA:8,0,1,0
BRDA:22,1,0,0
BRDA:22,1,1,0
BRDA:40,2,0,0
BRDA:40,2,1,0
BRDA:40,2,2,0
BRDA:62,3,0,0
BRDA:62,3,1,0
BRDA:79,4,0,0
BRDA:79,4,1,0
BRF:11
BRH:0
end_of_record
TN:
SF:src/scripts/core/index.js
FNF:0
FNH:0
LF:0
LH:0
BRF:0
BRH:0
end_of_record
TN:
SF:src/scripts/core/layout.js
FN:6,(anonymous_0)
FN:26,setupPageStructure
FN:43,(anonymous_2)
FN:47,(anonymous_3)
FN:48,(anonymous_4)
FN:51,(anonymous_5)
FN:60,(anonymous_6)
FN:88,initSidebar
FN:109,(anonymous_8)
FN:125,(anonymous_9)
FN:126,(anonymous_10)
FN:143,handleResize
FN:169,(anonymous_12)
FN:181,handleSvgWithInternalStyling
FN:191,(anonymous_14)
FN:222,(anonymous_15)
FN:255,(anonymous_16)
FNF:17
FNH:0
FNDA:0,(anonymous_0)
FNDA:0,setupPageStructure
FNDA:0,(anonymous_2)
FNDA:0,(anonymous_3)
FNDA:0,(anonymous_4)
FNDA:0,(anonymous_5)
FNDA:0,(anonymous_6)
FNDA:0,initSidebar
FNDA:0,(anonymous_8)
FNDA:0,(anonymous_9)
FNDA:0,(anonymous_10)
FNDA:0,handleResize
FNDA:0,(anonymous_12)
FNDA:0,handleSvgWithInternalStyling
FNDA:0,(anonymous_14)
FNDA:0,(anonymous_15)
FNDA:0,(anonymous_16)
DA:6,0
DA:8,0
DA:11,0
DA:14,0
DA:17,0
DA:20,0
DA:28,0
DA:29,0
DA:30,0
DA:31,0
DA:34,0
DA:35,0
DA:36,0
DA:40,0
DA:42,0
DA:43,0
DA:45,0
DA:46,0
DA:47,0
DA:48,0
DA:51,0
DA:52,0
DA:56,0
DA:57,0
DA:60,0
DA:61,0
DA:65,0
DA:66,0
DA:67,0
DA:68,0
DA:70,0
DA:76,0
DA:77,0
DA:78,0
DA:79,0
DA:89,0
DA:90,0
DA:91,0
DA:93,0
DA:95,0
DA:98,0
DA:99,0
DA:100,0
DA:101,0
DA:102,0
DA:104,0
DA:105,0
DA:109,0
DA:110,0
DA:111,0
DA:112,0
DA:113,0
DA:116,0
DA:119,0
DA:123,0
DA:124,0
DA:125,0
DA:126,0
DA:127,0
DA:128,0
DA:129,0
DA:130,0
DA:131,0
DA:132,0
DA:144,0
DA:145,0
DA:146,0
DA:147,0
DA:150,0
DA:152,0
DA:153,0
DA:154,0
DA:155,0
DA:156,0
DA:157,0
DA:161,0
DA:162,0
DA:163,0
DA:168,0
DA:169,0
DA:170,0
DA:171,0
DA:173,0
DA:182,0
DA:184,0
DA:186,0
DA:187,0
DA:188,0
DA:191,0
DA:192,0
DA:194,0
DA:196,0
DA:198,0
DA:199,0
DA:200,0
DA:201,0
DA:204,0
DA:205,0
DA:208,0
DA:209,0
DA:212,0
DA:221,0
DA:222,0
DA:223,0
DA:224,0
DA:225,0
DA:228,0
DA:230,0
DA:231,0
DA:234,0
DA:235,0
DA:236,0
DA:241,0
DA:244,0
DA:247,0
DA:248,0
DA:249,0
DA:255,0
DA:256,0
DA:257,0
DA:258,0
DA:259,0
LF:122
LH:0
BRDA:28,0,0,0
BRDA:28,0,1,0
BRDA:34,1,0,0
BRDA:34,1,1,0
BRDA:34,2,0,0
BRDA:34,2,1,0
BRDA:40,3,0,0
BRDA:40,3,1,0
BRDA:45,4,0,0
BRDA:45,4,1,0
BRDA:52,5,0,0
BRDA:52,5,1,0
BRDA:65,6,0,0
BRDA:65,6,1,0
BRDA:67,7,0,0
BRDA:67,7,1,0
BRDA:77,8,0,0
BRDA:77,8,1,0
BRDA:93,9,0,0
BRDA:93,9,1,0
BRDA:93,10,0,0
BRDA:93,10,1,0
BRDA:93,10,2,0
BRDA:99,11,0,0
BRDA:99,11,1,0
BRDA:123,12,0,0
BRDA:123,12,1,0
BRDA:127,13,0,0
BRDA:127,13,1,0
BRDA:150,14,0,0
BRDA:150,14,1,0
BRDA:152,15,0,0
BRDA:152,15,1,0
BRDA:152,16,0,0
BRDA:152,16,1,0
BRDA:152,16,2,0
BRDA:155,17,0,0
BRDA:155,17,1,0
BRDA:155,18,0,0
BRDA:155,18,1,0
BRDA:161,19,0,0
BRDA:161,19,1,0
BRDA:170,20,0,0
BRDA:170,20,1,0
BRDA:184,21,0,0
BRDA:184,21,1,0
BRDA:187,22,0,0
BRDA:187,22,1,0
BRDA:196,23,0,0
BRDA:196,23,1,0
BRDA:196,24,0,0
BRDA:196,24,1,0
BRDA:204,25,0,0
BRDA:204,25,1,0
BRDA:224,26,0,0
BRDA:224,26,1,0
BRDA:234,27,0,0
BRDA:234,27,1,0
BRDA:247,28,0,0
BRDA:247,28,1,0
BRDA:257,29,0,0
BRDA:257,29,1,0
BRF:62
BRH:0
end_of_record
TN:
SF:src/scripts/core/main.js
FN:9,(anonymous_0)
FN:16,(anonymous_1)
FN:22,(anonymous_2)
FNF:3
FNH:0
FNDA:0,(anonymous_0)
FNDA:0,(anonymous_1)
FNDA:0,(anonymous_2)
DA:9,0
DA:14,0
DA:15,0
DA:16,0
DA:17,0
DA:22,0
DA:23,0
DA:25,0
LF:8
LH:0
BRDA:15,0,0,0
BRDA:15,0,1,0
BRF:2
BRH:0
end_of_record
TN:
SF:src/scripts/core/renderer.js
FN:1,(anonymous_0)
FN:12,(anonymous_1)
FN:36,(anonymous_2)
FN:45,(anonymous_3)
FN:61,setActiveNavLink
FN:66,(anonymous_5)
FN:77,(anonymous_6)
FN:95,(anonymous_7)
FN:96,(anonymous_8)
FN:122,(anonymous_9)
FN:127,(anonymous_10)
FN:131,(anonymous_11)
FN:142,(anonymous_12)
FN:151,(anonymous_13)
FN:190,(anonymous_14)
FN:203,(anonymous_15)
FN:207,(anonymous_16)
FN:212,(anonymous_17)
FN:216,(anonymous_18)
FN:232,(anonymous_19)
FN:240,(anonymous_20)
FN:254,(anonymous_21)
FN:258,(anonymous_22)
FN:279,(anonymous_23)
FN:304,(anonymous_24)
FN:317,(anonymous_25)
FN:329,(anonymous_26)
FN:363,debounce
FN:365,(anonymous_28)
FN:368,(anonymous_29)
FN:373,isInViewport
FN:388,(anonymous_31)
FN:395,(anonymous_32)
FNF:33
FNH:0
FNDA:0,(anonymous_0)
FNDA:0,(anonymous_1)
FNDA:0,(anonymous_2)
FNDA:0,(anonymous_3)
FNDA:0,setActiveNavLink
FNDA:0,(anonymous_5)
FNDA:0,(anonymous_6)
FNDA:0,(anonymous_7)
FNDA:0,(anonymous_8)
FNDA:0,(anonymous_9)
FNDA:0,(anonymous_10)
FNDA:0,(anonymous_11)
FNDA:0,(anonymous_12)
FNDA:0,(anonymous_13)
FNDA:0,(anonymous_14)
FNDA:0,(anonymous_15)
FNDA:0,(anonymous_16)
FNDA:0,(anonymous_17)
FNDA:0,(anonymous_18)
FNDA:0,(anonymous_19)
FNDA:0,(anonymous_20)
FNDA:0,(anonymous_21)
FNDA:0,(anonymous_22)
FNDA:0,(anonymous_23)
FNDA:0,(anonymous_24)
FNDA:0,(anonymous_25)
FNDA:0,(anonymous_26)
FNDA:0,debounce
FNDA:0,(anonymous_28)
FNDA:0,(anonymous_29)
FNDA:0,isInViewport
FNDA:0,(anonymous_31)
FNDA:0,(anonymous_32)
DA:1,0
DA:7,0
DA:8,0
DA:9,0
DA:11,0
DA:12,0
DA:13,0
DA:14,0
DA:15,0
DA:18,0
DA:22,0
DA:23,0
DA:24,0
DA:25,0
DA:27,0
DA:32,0
DA:34,0
DA:36,0
DA:37,0
DA:38,0
DA:40,0
DA:45,0
DA:46,0
DA:58,0
DA:59,0
DA:62,0
DA:63,0
DA:66,0
DA:67,0
DA:68,0
DA:70,0
DA:72,0
DA:77,0
DA:78,0
DA:80,0
DA:81,0
DA:83,0
DA:89,0
DA:92,0
DA:95,0
DA:96,0
DA:97,0
DA:98,0
DA:99,0
DA:101,0
DA:102,0
DA:103,0
DA:109,0
DA:119,0
DA:121,0
DA:122,0
DA:123,0
DA:126,0
DA:127,0
DA:128,0
DA:131,0
DA:132,0
DA:133,0
DA:135,0
DA:139,0
DA:142,0
DA:143,0
DA:144,0
DA:147,0
DA:148,0
DA:151,0
DA:152,0
DA:153,0
DA:155,0
DA:156,0
DA:157,0
DA:158,0
DA:159,0
DA:161,0
DA:166,0
DA:167,0
DA:168,0
DA:170,0
DA:175,0
DA:177,0
DA:178,0
DA:179,0
DA:180,0
DA:182,0
DA:188,0
DA:189,0
DA:190,0
DA:191,0
DA:192,0
DA:193,0
DA:203,0
DA:204,0
DA:205,0
DA:207,0
DA:208,0
DA:209,0
DA:210,0
DA:212,0
DA:213,0
DA:214,0
DA:217,0
DA:220,0
DA:221,0
DA:222,0
DA:223,0
DA:224,0
DA:225,0
DA:227,0
DA:228,0
DA:229,0
DA:230,0
DA:232,0
DA:233,0
DA:234,0
DA:237,0
DA:238,0
DA:240,0
DA:241,0
DA:245,0
DA:254,0
DA:255,0
DA:257,0
DA:258,0
DA:260,0
DA:263,0
DA:265,0
DA:266,0
DA:269,0
DA:272,0
DA:275,0
DA:276,0
DA:279,0
DA:280,0
DA:281,0
DA:282,0
DA:286,0
DA:287,0
DA:290,0
DA:291,0
DA:294,0
DA:297,0
DA:300,0
DA:301,0
DA:304,0
DA:305,0
DA:317,0
DA:318,0
DA:319,0
DA:320,0
DA:329,0
DA:331,0
DA:332,0
DA:333,0
DA:337,0
DA:338,0
DA:339,0
DA:346,0
DA:347,0
DA:348,0
DA:352,0
DA:353,0
DA:354,0
DA:365,0
DA:366,0
DA:367,0
DA:368,0
DA:374,0
DA:375,0
DA:388,0
DA:389,0
DA:392,0
DA:393,0
DA:394,0
DA:395,0
DA:396,0
DA:402,0
DA:403,0
DA:404,0
LF:178
LH:0
BRDA:11,0,0,0
BRDA:11,0,1,0
BRDA:11,1,0,0
BRDA:11,1,1,0
BRDA:11,1,2,0
BRDA:23,2,0,0
BRDA:23,2,1,0
BRDA:34,3,0,0
BRDA:34,3,1,0
BRDA:37,4,0,0
BRDA:37,4,1,0
BRDA:70,5,0,0
BRDA:70,5,1,0
BRDA:70,6,0,0
BRDA:70,6,1,0
BRDA:81,7,0,0
BRDA:81,7,1,0
BRDA:81,8,0,0
BRDA:81,8,1,0
BRDA:81,8,2,0
BRDA:98,9,0,0
BRDA:98,9,1,0
BRDA:102,10,0,0
BRDA:102,10,1,0
BRDA:121,11,0,0
BRDA:121,11,1,0
BRDA:126,12,0,0
BRDA:126,12,1,0
BRDA:155,13,0,0
BRDA:155,13,1,0
BRDA:166,14,0,0
BRDA:166,14,1,0
BRDA:166,15,0,0
BRDA:166,15,1,0
BRDA:177,16,0,0
BRDA:177,16,1,0
BRDA:178,17,0,0
BRDA:178,17,1,0
BRDA:178,18,0,0
BRDA:178,18,1,0
BRDA:189,19,0,0
BRDA:189,19,1,0
BRDA:257,20,0,0
BRDA:257,20,1,0
BRDA:263,21,0,0
BRDA:263,21,1,0
BRDA:318,22,0,0
BRDA:318,22,1,0
BRDA:331,23,0,0
BRDA:331,23,1,0
BRDA:331,24,0,0
BRDA:331,24,1,0
BRDA:331,24,2,0
BRDA:337,25,0,0
BRDA:337,25,1,0
BRDA:337,26,0,0
BRDA:337,26,1,0
BRDA:346,27,0,0
BRDA:346,27,1,0
BRDA:346,28,0,0
BRDA:346,28,1,0
BRDA:346,28,2,0
BRDA:352,29,0,0
BRDA:352,29,1,0
BRDA:352,30,0,0
BRDA:352,30,1,0
BRDA:352,30,2,0
BRDA:376,31,0,0
BRDA:376,31,1,0
BRDA:376,31,2,0
BRDA:376,31,3,0
BRDA:378,32,0,0
BRDA:378,32,1,0
BRDA:379,33,0,0
BRDA:379,33,1,0
BRDA:392,34,0,0
BRDA:392,34,1,0
BRDA:394,35,0,0
BRDA:394,35,1,0
BRDA:403,36,0,0
BRDA:403,36,1,0
BRF:81
BRH:0
end_of_record
TN:
SF:src/scripts/core/settings-manager.js
FN:11,(anonymous_0)
FN:22,(anonymous_1)
FN:49,(anonymous_2)
FN:50,(anonymous_3)
FN:51,(anonymous_4)
FN:62,(anonymous_5)
FN:67,(anonymous_6)
FN:72,(anonymous_7)
FN:81,(anonymous_8)
FN:89,(anonymous_9)
FN:102,(anonymous_10)
FN:114,(anonymous_11)
FN:125,(anonymous_12)
FN:142,(anonymous_13)
FN:160,(anonymous_14)
FN:172,(anonymous_15)
FN:194,(anonymous_16)
FN:212,(anonymous_17)
FN:220,(anonymous_18)
FN:224,(anonymous_19)
FN:235,(anonymous_20)
FNF:21
FNH:0
FNDA:0,(anonymous_0)
FNDA:0,(anonymous_1)
FNDA:0,(anonymous_2)
FNDA:0,(anonymous_3)
FNDA:0,(anonymous_4)
FNDA:0,(anonymous_5)
FNDA:0,(anonymous_6)
FNDA:0,(anonymous_7)
FNDA:0,(anonymous_8)
FNDA:0,(anonymous_9)
FNDA:0,(anonymous_10)
FNDA:0,(anonymous_11)
FNDA:0,(anonymous_12)
FNDA:0,(anonymous_13)
FNDA:0,(anonymous_14)
FNDA:0,(anonymous_15)
FNDA:0,(anonymous_16)
FNDA:0,(anonymous_17)
FNDA:0,(anonymous_18)
FNDA:0,(anonymous_19)
FNDA:0,(anonymous_20)
DA:12,0
DA:13,0
DA:14,0
DA:15,0
DA:16,0
DA:23,0
DA:26,0
DA:27,0
DA:28,0
DA:31,0
DA:34,0
DA:37,0
DA:40,0
DA:42,0
DA:43,0
DA:50,0
DA:51,0
DA:52,0
DA:53,0
DA:64,0
DA:67,0
DA:68,0
DA:72,0
DA:73,0
DA:74,0
DA:82,0
DA:83,0
DA:86,0
DA:89,0
DA:90,0
DA:91,0
DA:93,0
DA:94,0
DA:103,0
DA:104,0
DA:107,0
DA:108,0
DA:111,0
DA:114,0
DA:115,0
DA:116,0
DA:117,0
DA:127,0
DA:129,0
DA:131,0
DA:132,0
DA:135,0
DA:143,0
DA:144,0
DA:147,0
DA:148,0
DA:150,0
DA:151,0
DA:152,0
DA:153,0
DA:154,0
DA:155,0
DA:160,0
DA:161,0
DA:162,0
DA:165,0
DA:166,0
DA:173,0
DA:175,0
DA:177,0
DA:178,0
DA:181,0
DA:182,0
DA:186,0
DA:196,0
DA:197,0
DA:198,0
DA:199,0
DA:200,0
DA:201,0
DA:205,0
DA:208,0
DA:209,0
DA:210,0
DA:211,0
DA:212,0
DA:213,0
DA:217,0
DA:220,0
DA:221,0
DA:224,0
DA:225,0
DA:232,0
DA:235,0
DA:236,0
LF:90
LH:0
BRDA:23,0,0,0
BRDA:23,0,1,0
BRDA:83,1,0,0
BRDA:83,1,1,0
BRDA:93,2,0,0
BRDA:93,2,1,0
BRDA:104,3,0,0
BRDA:104,3,1,0
BRDA:107,4,0,0
BRDA:107,4,1,0
BRDA:129,5,0,0
BRDA:129,5,1,0
BRDA:132,6,0,0
BRDA:132,6,1,0
BRDA:144,7,0,0
BRDA:144,7,1,0
BRDA:175,8,0,0
BRDA:175,8,1,0
BRDA:178,9,0,0
BRDA:178,9,1,0
BRDA:182,10,0,0
BRDA:182,10,1,0
BRDA:194,11,0,0
BRDA:197,12,0,0
BRDA:197,12,1,0
BRDA:208,13,0,0
BRDA:208,13,1,0
BRDA:225,14,0,0
BRDA:225,14,1,0
BRDA:227,15,0,0
BRDA:227,15,1,0
BRF:31
BRH:0
end_of_record
TN:
SF:src/scripts/core/ui-improvements.js
FN:9,(anonymous_0)
FN:16,(anonymous_1)
FN:25,(anonymous_2)
FN:33,initializeThemeSwitcher
FN:44,(anonymous_4)
FN:53,initializeResponsiveElements
FN:58,(anonymous_6)
FN:66,updateResponsiveClasses
FN:89,updateUIAfterContentLoad
FN:106,initializeDetailsElements
FN:107,(anonymous_10)
FN:116,(anonymous_11)
FN:129,initializeCodeBlocks
FN:130,(anonymous_13)
FN:156,(anonymous_14)
FN:173,initializeUIImprovements
FN:216,addScrollProgressIndicator
FN:239,(anonymous_17)
FN:249,enhanceCodeBlocks
FN:250,(anonymous_19)
FN:269,(anonymous_20)
FN:281,(anonymous_21)
FN:292,addSkipToContentLink
FN:303,(anonymous_23)
FN:320,enhanceBackToTopButton
FN:328,(anonymous_25)
FN:337,(anonymous_26)
FN:352,setupKeyboardShortcuts
FN:362,(anonymous_28)
FN:417,setupSectionHighlighting
FN:429,(anonymous_30)
FN:430,(anonymous_31)
FN:447,(anonymous_32)
FN:463,updateActiveSidebarLink
FN:465,(anonymous_34)
FN:479,setupCodeCopyButtons
FN:480,(anonymous_36)
FN:494,(anonymous_37)
FN:499,(anonymous_38)
FN:505,(anonymous_39)
FN:509,(anonymous_40)
FN:515,(anonymous_41)
FN:526,setupExpandableCodeBlocks
FN:527,(anonymous_43)
FN:537,(anonymous_44)
FN:556,setupExternalLinks
FN:557,(anonymous_46)
FN:580,setupTableOfContentsHighlighting
FN:585,(anonymous_48)
FN:586,(anonymous_49)
FN:591,(anonymous_50)
FN:604,(anonymous_51)
FN:616,detectKeyboardNavigation
FN:621,(anonymous_53)
FN:629,(anonymous_54)
FN:635,(anonymous_55)
FN:646,isInputElement
FN:655,focusSearchBox
FN:666,jumpToSection
FNF:59
FNH:0
FNDA:0,(anonymous_0)
FNDA:0,(anonymous_1)
FNDA:0,(anonymous_2)
FNDA:0,initializeThemeSwitcher
FNDA:0,(anonymous_4)
FNDA:0,initializeResponsiveElements
FNDA:0,(anonymous_6)
FNDA:0,updateResponsiveClasses
FNDA:0,updateUIAfterContentLoad
FNDA:0,initializeDetailsElements
FNDA:0,(anonymous_10)
FNDA:0,(anonymous_11)
FNDA:0,initializeCodeBlocks
FNDA:0,(anonymous_13)
FNDA:0,(anonymous_14)
FNDA:0,initializeUIImprovements
FNDA:0,addScrollProgressIndicator
FNDA:0,(anonymous_17)
FNDA:0,enhanceCodeBlocks
FNDA:0,(anonymous_19)
FNDA:0,(anonymous_20)
FNDA:0,(anonymous_21)
FNDA:0,addSkipToContentLink
FNDA:0,(anonymous_23)
FNDA:0,enhanceBackToTopButton
FNDA:0,(anonymous_25)
FNDA:0,(anonymous_26)
FNDA:0,setupKeyboardShortcuts
FNDA:0,(anonymous_28)
FNDA:0,setupSectionHighlighting
FNDA:0,(anonymous_30)
FNDA:0,(anonymous_31)
FNDA:0,(anonymous_32)
FNDA:0,updateActiveSidebarLink
FNDA:0,(anonymous_34)
FNDA:0,setupCodeCopyButtons
FNDA:0,(anonymous_36)
FNDA:0,(anonymous_37)
FNDA:0,(anonymous_38)
FNDA:0,(anonymous_39)
FNDA:0,(anonymous_40)
FNDA:0,(anonymous_41)
FNDA:0,setupExpandableCodeBlocks
FNDA:0,(anonymous_43)
FNDA:0,(anonymous_44)
FNDA:0,setupExternalLinks
FNDA:0,(anonymous_46)
FNDA:0,setupTableOfContentsHighlighting
FNDA:0,(anonymous_48)
FNDA:0,(anonymous_49)
FNDA:0,(anonymous_50)
FNDA:0,(anonymous_51)
FNDA:0,detectKeyboardNavigation
FNDA:0,(anonymous_53)
FNDA:0,(anonymous_54)
FNDA:0,(anonymous_55)
FNDA:0,isInputElement
FNDA:0,focusSearchBox
FNDA:0,jumpToSection
DA:9,0
DA:11,0
DA:12,0
DA:16,0
DA:17,0
DA:21,0
DA:22,0
DA:25,0
DA:26,0
DA:34,0
DA:35,0
DA:38,0
DA:39,0
DA:40,0
DA:44,0
DA:45,0
DA:46,0
DA:55,0
DA:58,0
DA:59,0
DA:67,0
DA:70,0
DA:73,0
DA:74,0
DA:75,0
DA:76,0
DA:77,0
DA:78,0
DA:79,0
DA:80,0
DA:82,0
DA:91,0
DA:92,0
DA:94,0
DA:95,0
DA:99,0
DA:100,0
DA:107,0
DA:109,0
DA:110,0
DA:113,0
DA:116,0
DA:117,0
DA:118,0
DA:120,0
DA:130,0
DA:132,0
DA:133,0
DA:136,0
DA:137,0
DA:138,0
DA:139,0
DA:140,0
DA:141,0
DA:142,0
DA:143,0
DA:145,0
DA:146,0
DA:156,0
DA:158,0
DA:161,0
DA:164,0
DA:168,0
DA:175,0
DA:176,0
DA:178,0
DA:181,0
DA:184,0
DA:187,0
DA:190,0
DA:193,0
DA:196,0
DA:199,0
DA:202,0
DA:205,0
DA:208,0
DA:210,0
DA:218,0
DA:219,0
DA:222,0
DA:223,0
DA:224,0
DA:236,0
DA:239,0
DA:240,0
DA:241,0
DA:242,0
DA:250,0
DA:252,0
DA:253,0
DA:256,0
DA:257,0
DA:258,0
DA:262,0
DA:263,0
DA:264,0
DA:269,0
DA:270,0
DA:271,0
DA:272,0
DA:275,0
DA:276,0
DA:277,0
DA:278,0
DA:281,0
DA:282,0
DA:294,0
DA:297,0
DA:298,0
DA:299,0
DA:300,0
DA:303,0
DA:304,0
DA:305,0
DA:306,0
DA:307,0
DA:308,0
DA:309,0
DA:314,0
DA:321,0
DA:322,0
DA:325,0
DA:328,0
DA:329,0
DA:330,0
DA:332,0
DA:337,0
DA:338,0
DA:339,0
DA:346,0
DA:354,0
DA:355,0
DA:362,0
DA:364,0
DA:367,0
DA:368,0
DA:372,0
DA:375,0
DA:376,0
DA:377,0
DA:389,0
DA:390,0
DA:391,0
DA:395,0
DA:396,0
DA:400,0
DA:404,0
DA:405,0
DA:409,0
DA:419,0
DA:420,0
DA:423,0
DA:429,0
DA:430,0
DA:432,0
DA:433,0
DA:436,0
DA:437,0
DA:441,0
DA:447,0
DA:448,0
DA:449,0
DA:454,0
DA:455,0
DA:456,0
DA:465,0
DA:466,0
DA:470,0
DA:471,0
DA:472,0
DA:480,0
DA:482,0
DA:485,0
DA:486,0
DA:487,0
DA:488,0
DA:491,0
DA:494,0
DA:495,0
DA:496,0
DA:499,0
DA:501,0
DA:502,0
DA:505,0
DA:506,0
DA:507,0
DA:511,0
DA:512,0
DA:515,0
DA:516,0
DA:527,0
DA:528,0
DA:529,0
DA:532,0
DA:534,0
DA:535,0
DA:537,0
DA:539,0
DA:542,0
DA:543,0
DA:545,0
DA:557,0
DA:559,0
DA:562,0
DA:563,0
DA:566,0
DA:567,0
DA:568,0
DA:569,0
DA:570,0
DA:571,0
DA:572,0
DA:581,0
DA:582,0
DA:585,0
DA:586,0
DA:587,0
DA:588,0
DA:591,0
DA:592,0
DA:593,0
DA:594,0
DA:604,0
DA:605,0
DA:606,0
DA:607,0
DA:608,0
DA:618,0
DA:621,0
DA:622,0
DA:623,0
DA:624,0
DA:629,0
DA:630,0
DA:631,0
DA:635,0
DA:636,0
DA:637,0
DA:647,0
DA:656,0
DA:657,0
DA:658,0
DA:667,0
DA:668,0
DA:669,0
DA:670,0
LF:246
LH:0
BRDA:11,0,0,0
BRDA:11,0,1,0
BRDA:35,1,0,0
BRDA:35,1,1,0
BRDA:39,2,0,0
BRDA:39,2,1,0
BRDA:46,3,0,0
BRDA:46,3,1,0
BRDA:73,4,0,0
BRDA:73,4,1,0
BRDA:75,5,0,0
BRDA:75,5,1,0
BRDA:77,6,0,0
BRDA:77,6,1,0
BRDA:79,7,0,0
BRDA:79,7,1,0
BRDA:94,8,0,0
BRDA:94,8,1,0
BRDA:94,9,0,0
BRDA:94,9,1,0
BRDA:109,10,0,0
BRDA:109,10,1,0
BRDA:117,11,0,0
BRDA:117,11,1,0
BRDA:132,12,0,0
BRDA:132,12,1,0
BRDA:137,13,0,0
BRDA:137,13,1,0
BRDA:175,14,0,0
BRDA:175,14,1,0
BRDA:219,15,0,0
BRDA:219,15,1,0
BRDA:252,16,0,0
BRDA:252,16,1,0
BRDA:257,17,0,0
BRDA:257,17,1,0
BRDA:257,18,0,0
BRDA:257,18,1,0
BRDA:263,19,0,0
BRDA:263,19,1,0
BRDA:263,20,0,0
BRDA:263,20,1,0
BRDA:270,21,0,0
BRDA:270,21,1,0
BRDA:276,22,0,0
BRDA:276,22,1,0
BRDA:294,23,0,0
BRDA:294,23,1,0
BRDA:306,24,0,0
BRDA:306,24,1,0
BRDA:322,25,0,0
BRDA:322,25,1,0
BRDA:329,26,0,0
BRDA:329,26,1,0
BRDA:364,27,0,0
BRDA:364,27,1,0
BRDA:367,28,0,0
BRDA:367,28,1,0
BRDA:367,29,0,0
BRDA:367,29,1,0
BRDA:367,29,2,0
BRDA:367,30,0,0
BRDA:367,30,1,0
BRDA:372,31,0,0
BRDA:372,31,1,0
BRDA:372,31,2,0
BRDA:372,31,3,0
BRDA:372,31,4,0
BRDA:372,31,5,0
BRDA:372,31,6,0
BRDA:372,31,7,0
BRDA:372,31,8,0
BRDA:372,31,9,0
BRDA:372,31,10,0
BRDA:372,31,11,0
BRDA:420,32,0,0
BRDA:420,32,1,0
BRDA:432,33,0,0
BRDA:432,33,1,0
BRDA:436,34,0,0
BRDA:436,34,1,0
BRDA:448,35,0,0
BRDA:448,35,1,0
BRDA:454,36,0,0
BRDA:454,36,1,0
BRDA:471,37,0,0
BRDA:471,37,1,0
BRDA:482,38,0,0
BRDA:482,38,1,0
BRDA:496,39,0,0
BRDA:496,39,1,0
BRDA:529,40,0,0
BRDA:529,40,1,0
BRDA:532,41,0,0
BRDA:532,41,1,0
BRDA:534,42,0,0
BRDA:534,42,1,0
BRDA:534,43,0,0
BRDA:534,43,1,0
BRDA:539,44,0,0
BRDA:539,44,1,0
BRDA:542,45,0,0
BRDA:542,45,1,0
BRDA:559,46,0,0
BRDA:559,46,1,0
BRDA:566,47,0,0
BRDA:566,47,1,0
BRDA:582,48,0,0
BRDA:582,48,1,0
BRDA:587,49,0,0
BRDA:587,49,1,0
BRDA:593,50,0,0
BRDA:593,50,1,0
BRDA:607,51,0,0
BRDA:607,51,1,0
BRDA:622,52,0,0
BRDA:622,52,1,0
BRDA:647,53,0,0
BRDA:647,53,1,0
BRDA:647,53,2,0
BRDA:657,54,0,0
BRDA:657,54,1,0
BRDA:668,55,0,0
BRDA:668,55,1,0
BRF:124
BRH:0
end_of_record
TN:
SF:src/scripts/core/ui-main.js
FN:6,(anonymous_0)
FN:14,(anonymous_1)
FN:26,(anonymous_2)
FN:35,initSidebar
FN:55,(anonymous_4)
FN:67,(anonymous_5)
FN:68,(anonymous_6)
FN:86,initSearch
FN:92,(anonymous_8)
FN:106,(anonymous_9)
FN:113,(anonymous_10)
FN:129,initNavigation
FN:133,(anonymous_12)
FN:134,(anonymous_13)
FN:150,(anonymous_14)
FN:158,(anonymous_15)
FN:165,(anonymous_16)
FN:176,(anonymous_17)
FN:191,initScrollHandlers
FN:196,(anonymous_19)
FN:205,(anonymous_20)
FN:217,initializeContentElements
FN:219,(anonymous_22)
FN:224,(anonymous_23)
FN:237,(anonymous_24)
FN:247,applyLayoutStyles
FN:249,(anonymous_26)
FN:271,(anonymous_27)
FN:292,createGalleryGrid
FN:308,(anonymous_29)
FN:321,(anonymous_30)
FN:347,(anonymous_31)
FN:364,createFeaturesGrid
FN:382,(anonymous_33)
FN:433,handleCodeBlocks
FN:434,(anonymous_35)
FN:451,(anonymous_36)
FN:459,(anonymous_37)
FN:469,initLightbox
FN:488,(anonymous_39)
FN:492,(anonymous_40)
FN:500,(anonymous_41)
FN:504,(anonymous_42)
FN:524,handleUrlHash
FN:530,(anonymous_44)
FN:549,debounce
FN:551,(anonymous_46)
FN:555,(anonymous_47)
FNF:48
FNH:0
FNDA:0,(anonymous_0)
FNDA:0,(anonymous_1)
FNDA:0,(anonymous_2)
FNDA:0,initSidebar
FNDA:0,(anonymous_4)
FNDA:0,(anonymous_5)
FNDA:0,(anonymous_6)
FNDA:0,initSearch
FNDA:0,(anonymous_8)
FNDA:0,(anonymous_9)
FNDA:0,(anonymous_10)
FNDA:0,initNavigation
FNDA:0,(anonymous_12)
FNDA:0,(anonymous_13)
FNDA:0,(anonymous_14)
FNDA:0,(anonymous_15)
FNDA:0,(anonymous_16)
FNDA:0,(anonymous_17)
FNDA:0,initScrollHandlers
FNDA:0,(anonymous_19)
FNDA:0,(anonymous_20)
FNDA:0,initializeContentElements
FNDA:0,(anonymous_22)
FNDA:0,(anonymous_23)
FNDA:0,(anonymous_24)
FNDA:0,applyLayoutStyles
FNDA:0,(anonymous_26)
FNDA:0,(anonymous_27)
FNDA:0,createGalleryGrid
FNDA:0,(anonymous_29)
FNDA:0,(anonymous_30)
FNDA:0,(anonymous_31)
FNDA:0,createFeaturesGrid
FNDA:0,(anonymous_33)
FNDA:0,handleCodeBlocks
FNDA:0,(anonymous_35)
FNDA:0,(anonymous_36)
FNDA:0,(anonymous_37)
FNDA:0,initLightbox
FNDA:0,(anonymous_39)
FNDA:0,(anonymous_40)
FNDA:0,(anonymous_41)
FNDA:0,(anonymous_42)
FNDA:0,handleUrlHash
FNDA:0,(anonymous_44)
FNDA:0,debounce
FNDA:0,(anonymous_46)
FNDA:0,(anonymous_47)
DA:6,0
DA:8,0
DA:9,0
DA:10,0
DA:11,0
DA:14,0
DA:15,0
DA:16,0
DA:17,0
DA:21,0
DA:22,0
DA:26,0
DA:27,0
DA:28,0
DA:36,0
DA:37,0
DA:38,0
DA:40,0
DA:42,0
DA:45,0
DA:46,0
DA:47,0
DA:48,0
DA:49,0
DA:51,0
DA:55,0
DA:56,0
DA:57,0
DA:58,0
DA:61,0
DA:65,0
DA:66,0
DA:67,0
DA:68,0
DA:69,0
DA:70,0
DA:71,0
DA:72,0
DA:73,0
DA:79,0
DA:87,0
DA:88,0
DA:90,0
DA:92,0
DA:93,0
DA:94,0
DA:95,0
DA:99,0
DA:100,0
DA:101,0
DA:106,0
DA:107,0
DA:108,0
DA:109,0
DA:113,0
DA:114,0
DA:115,0
DA:117,0
DA:122,0
DA:130,0
DA:133,0
DA:134,0
DA:135,0
DA:136,0
DA:137,0
DA:139,0
DA:140,0
DA:141,0
DA:147,0
DA:150,0
DA:151,0
DA:158,0
DA:159,0
DA:161,0
DA:162,0
DA:165,0
DA:166,0
DA:167,0
DA:169,0
DA:171,0
DA:176,0
DA:177,0
DA:178,0
DA:180,0
DA:182,0
DA:192,0
DA:194,0
DA:196,0
DA:197,0
DA:198,0
DA:200,0
DA:205,0
DA:206,0
DA:219,0
DA:220,0
DA:222,0
DA:223,0
DA:224,0
DA:225,0
DA:227,0
DA:228,0
DA:230,0
DA:237,0
DA:238,0
DA:239,0
DA:240,0
DA:249,0
DA:250,0
DA:253,0
DA:254,0
DA:255,0
DA:256,0
DA:259,0
DA:260,0
DA:261,0
DA:262,0
DA:263,0
DA:264,0
DA:265,0
DA:266,0
DA:271,0
DA:273,0
DA:274,0
DA:275,0
DA:276,0
DA:280,0
DA:281,0
DA:282,0
DA:283,0
DA:293,0
DA:294,0
DA:297,0
DA:298,0
DA:301,0
DA:302,0
DA:303,0
DA:306,0
DA:308,0
DA:309,0
DA:310,0
DA:313,0
DA:314,0
DA:317,0
DA:318,0
DA:319,0
DA:320,0
DA:321,0
DA:325,0
DA:328,0
DA:329,0
DA:330,0
DA:331,0
DA:332,0
DA:335,0
DA:339,0
DA:340,0
DA:341,0
DA:343,0
DA:347,0
DA:348,0
DA:349,0
DA:350,0
DA:351,0
DA:353,0
DA:358,0
DA:365,0
DA:366,0
DA:369,0
DA:370,0
DA:373,0
DA:374,0
DA:375,0
DA:378,0
DA:379,0
DA:382,0
DA:383,0
DA:384,0
DA:387,0
DA:388,0
DA:390,0
DA:391,0
DA:392,0
DA:394,0
DA:395,0
DA:396,0
DA:399,0
DA:400,0
DA:401,0
DA:402,0
DA:403,0
DA:404,0
DA:407,0
DA:413,0
DA:417,0
DA:418,0
DA:419,0
DA:421,0
DA:425,0
DA:427,0
DA:434,0
DA:435,0
DA:438,0
DA:439,0
DA:442,0
DA:443,0
DA:447,0
DA:448,0
DA:449,0
DA:450,0
DA:451,0
DA:452,0
DA:456,0
DA:457,0
DA:459,0
DA:460,0
DA:471,0
DA:472,0
DA:473,0
DA:474,0
DA:475,0
DA:484,0
DA:487,0
DA:488,0
DA:489,0
DA:492,0
DA:493,0
DA:494,0
DA:500,0
DA:501,0
DA:502,0
DA:504,0
DA:505,0
DA:506,0
DA:507,0
DA:509,0
DA:510,0
DA:511,0
DA:513,0
DA:514,0
DA:515,0
DA:525,0
DA:526,0
DA:527,0
DA:529,0
DA:530,0
DA:531,0
DA:537,0
DA:538,0
DA:539,0
DA:551,0
DA:552,0
DA:553,0
DA:554,0
DA:555,0
DA:556,0
LF:255
LH:0
BRDA:21,0,0,0
BRDA:21,0,1,0
BRDA:40,1,0,0
BRDA:40,1,1,0
BRDA:40,2,0,0
BRDA:40,2,1,0
BRDA:40,2,2,0
BRDA:46,3,0,0
BRDA:46,3,1,0
BRDA:65,4,0,0
BRDA:65,4,1,0
BRDA:69,5,0,0
BRDA:69,5,1,0
BRDA:90,6,0,0
BRDA:90,6,1,0
BRDA:90,7,0,0
BRDA:90,7,1,0
BRDA:93,8,0,0
BRDA:93,8,1,0
BRDA:93,9,0,0
BRDA:93,9,1,0
BRDA:99,10,0,0
BRDA:99,10,1,0
BRDA:99,11,0,0
BRDA:99,11,1,0
BRDA:114,12,0,0
BRDA:114,12,1,0
BRDA:136,13,0,0
BRDA:136,13,1,0
BRDA:140,14,0,0
BRDA:140,14,1,0
BRDA:159,15,0,0
BRDA:159,15,1,0
BRDA:169,16,0,0
BRDA:169,16,1,0
BRDA:169,17,0,0
BRDA:169,17,1,0
BRDA:180,18,0,0
BRDA:180,18,1,0
BRDA:180,19,0,0
BRDA:180,19,1,0
BRDA:180,19,2,0
BRDA:194,20,0,0
BRDA:194,20,1,0
BRDA:197,21,0,0
BRDA:197,21,1,0
BRDA:223,22,0,0
BRDA:223,22,1,0
BRDA:227,23,0,0
BRDA:227,23,1,0
BRDA:259,24,0,0
BRDA:259,24,1,0
BRDA:261,25,0,0
BRDA:261,25,1,0
BRDA:263,26,0,0
BRDA:263,26,1,0
BRDA:265,27,0,0
BRDA:265,27,1,0
BRDA:265,28,0,0
BRDA:265,28,1,0
BRDA:273,29,0,0
BRDA:273,29,1,0
BRDA:274,30,0,0
BRDA:274,30,1,0
BRDA:275,31,0,0
BRDA:275,31,1,0
BRDA:275,32,0,0
BRDA:275,32,1,0
BRDA:280,33,0,0
BRDA:280,33,1,0
BRDA:281,34,0,0
BRDA:281,34,1,0
BRDA:282,35,0,0
BRDA:282,35,1,0
BRDA:282,36,0,0
BRDA:282,36,1,0
BRDA:294,37,0,0
BRDA:294,37,1,0
BRDA:298,38,0,0
BRDA:298,38,1,0
BRDA:309,39,0,0
BRDA:309,39,1,0
BRDA:319,40,0,0
BRDA:319,40,1,0
BRDA:319,41,0,0
BRDA:319,41,1,0
BRDA:328,42,0,0
BRDA:328,42,1,0
BRDA:340,43,0,0
BRDA:340,43,1,0
[...]
DA:73,0
DA:75,0
DA:76,0
DA:78,0
LF:26
LH:0
BRDA:35,0,0,0
BRDA:35,0,1,0
BRDA:50,1,0,0
BRDA:50,1,1,0
BRDA:53,2,0,0
BRDA:53,2,1,0
BRDA:54,3,0,0
BRDA:54,3,1,0
BRDA:65,4,0,0
BRDA:65,4,1,0
BRDA:68,5,0,0
BRDA:68,5,1,0
BRDA:68,6,0,0
BRDA:68,6,1,0
BRDA:68,6,2,0
BRDA:75,7,0,0
BRDA:75,7,1,0
BRF:17
BRH:0
end_of_record
TN:
SF:src/scripts/utils/debug-helper.js
FN:7,(anonymous_0)
FN:12,(anonymous_1)
FN:25,(anonymous_2)
FN:42,createDebugToggle
FN:56,toggleDebugMode
FN:71,logLayoutInfo
FN:79,(anonymous_6)
FN:81,(anonymous_7)
FN:101,(anonymous_8)
FN:116,createErrorLogger
FN:121,(anonymous_10)
FN:133,(anonymous_11)
FN:143,showErrorMessage
FN:177,(anonymous_13)
FN:192,checkForRenderingIssues
FN:194,(anonymous_15)
FN:195,(anonymous_16)
FN:202,(anonymous_17)
FN:219,(anonymous_18)
FN:225,(anonymous_19)
FN:239,monitorNodeRemovals
FN:244,(anonymous_21)
FN:266,addPseudoElementsDebugToggle
FN:295,(anonymous_23)
FNF:24
FNH:0
FNDA:0,(anonymous_0)
FNDA:0,(anonymous_1)
FNDA:0,(anonymous_2)
FNDA:0,createDebugToggle
FNDA:0,toggleDebugMode
FNDA:0,logLayoutInfo
FNDA:0,(anonymous_6)
FNDA:0,(anonymous_7)
FNDA:0,(anonymous_8)
FNDA:0,createErrorLogger
FNDA:0,(anonymous_10)
FNDA:0,(anonymous_11)
FNDA:0,showErrorMessage
FNDA:0,(anonymous_13)
FNDA:0,checkForRenderingIssues
FNDA:0,(anonymous_15)
FNDA:0,(anonymous_16)
FNDA:0,(anonymous_17)
FNDA:0,(anonymous_18)
FNDA:0,(anonymous_19)
FNDA:0,monitorNodeRemovals
FNDA:0,(anonymous_21)
FNDA:0,addPseudoElementsDebugToggle
FNDA:0,(anonymous_23)
DA:7,0
DA:9,0
DA:12,0
DA:13,0
DA:14,0
DA:19,0
DA:22,0
DA:25,0
DA:26,0
DA:30,0
DA:31,0
DA:32,0
DA:36,0
DA:43,0
DA:44,0
DA:45,0
DA:46,0
DA:48,0
DA:50,0
DA:57,0
DA:60,0
DA:61,0
DA:62,0
DA:64,0
DA:72,0
DA:75,0
DA:76,0
DA:78,0
DA:79,0
DA:80,0
DA:81,0
DA:83,0
DA:84,0
DA:86,0
DA:90,0
DA:91,0
DA:93,0
DA:94,0
DA:98,0
DA:101,0
DA:102,0
DA:103,0
DA:105,0
DA:106,0
DA:110,0
DA:118,0
DA:121,0
DA:123,0
DA:126,0
DA:127,0
DA:128,0
DA:133,0
DA:134,0
DA:135,0
DA:145,0
DA:147,0
DA:149,0
DA:150,0
DA:151,0
DA:167,0
DA:171,0
DA:172,0
DA:173,0
DA:174,0
DA:177,0
DA:178,0
DA:179,0
DA:183,0
DA:184,0
DA:194,0
DA:195,0
DA:196,0
DA:197,0
DA:202,0
DA:203,0
DA:204,0
DA:206,0
DA:207,0
DA:210,0
DA:211,0
DA:212,0
DA:213,0
DA:219,0
DA:220,0
DA:221,0
DA:225,0
DA:226,0
DA:227,0
DA:228,0
DA:231,0
DA:232,0
DA:241,0
DA:244,0
DA:246,0
DA:247,0
DA:253,0
DA:257,0
DA:260,0
DA:267,0
DA:268,0
DA:271,0
DA:272,0
DA:273,0
DA:274,0
DA:292,0
DA:295,0
DA:296,0
DA:298,0
DA:299,0
DA:300,0
DA:302,0
DA:303,0
DA:307,0
LF:113
LH:0
BRDA:13,0,0,0
BRDA:13,0,1,0
BRDA:13,1,0,0
BRDA:13,1,1,0
BRDA:30,2,0,0
BRDA:30,2,1,0
BRDA:60,3,0,0
BRDA:60,3,1,0
BRDA:83,4,0,0
BRDA:83,4,1,0
BRDA:84,5,0,0
BRDA:84,5,1,0
BRDA:86,6,0,0
BRDA:86,6,1,0
BRDA:93,7,0,0
BRDA:93,7,1,0
BRDA:93,8,0,0
BRDA:93,8,1,0
BRDA:93,8,2,0
BRDA:105,9,0,0
BRDA:105,9,1,0
BRDA:126,10,0,0
BRDA:126,10,1,0
BRDA:134,11,0,0
BRDA:134,11,1,0
BRDA:147,12,0,0
BRDA:147,12,1,0
BRDA:178,13,0,0
BRDA:178,13,1,0
BRDA:183,14,0,0
BRDA:183,14,1,0
BRDA:183,15,0,0
BRDA:183,15,1,0
BRDA:196,16,0,0
BRDA:196,16,1,0
BRDA:206,17,0,0
BRDA:206,17,1,0
BRDA:210,18,0,0
BRDA:210,18,1,0
BRDA:212,19,0,0
BRDA:212,19,1,0
BRDA:212,20,0,0
BRDA:212,20,1,0
BRDA:231,21,0,0
BRDA:231,21,1,0
BRDA:246,22,0,0
BRDA:246,22,1,0
BRDA:268,23,0,0
BRDA:268,23,1,0
BRDA:298,24,0,0
BRDA:298,24,1,0
BRF:51
BRH:0
end_of_record
TN:
SF:src/scripts/utils/index.js
FN:16,debounce
FN:18,executedFunction
FN:19,(anonymous_2)
FN:28,throttle
FN:30,executedFunction
FN:34,(anonymous_5)
FN:39,formatDate
FN:47,generateId
FN:51,isElementInViewport
FN:61,copyToClipboard
FN:65,getLocalStorage
FN:75,setLocalStorage
FNF:12
FNH:0
FNDA:0,debounce
FNDA:0,executedFunction
FNDA:0,(anonymous_2)
FNDA:0,throttle
FNDA:0,executedFunction
FNDA:0,(anonymous_5)
FNDA:0,formatDate
FNDA:0,generateId
FNDA:0,isElementInViewport
FNDA:0,copyToClipboard
FNDA:0,getLocalStorage
FNDA:0,setLocalStorage
DA:18,0
DA:19,0
DA:20,0
DA:21,0
DA:23,0
DA:24,0
DA:30,0
DA:31,0
DA:32,0
DA:33,0
DA:34,0
DA:40,0
DA:48,0
DA:52,0
DA:53,0
DA:62,0
DA:66,0
DA:67,0
DA:68,0
DA:70,0
DA:71,0
DA:76,0
DA:77,0
DA:78,0
DA:80,0
DA:81,0
LF:26
LH:0
BRDA:31,0,0,0
BRDA:31,0,1,0
BRDA:47,1,0,0
BRDA:54,2,0,0
BRDA:54,2,1,0
BRDA:54,2,2,0
BRDA:54,2,3,0
BRDA:56,3,0,0
BRDA:56,3,1,0
BRDA:57,4,0,0
BRDA:57,4,1,0
BRDA:65,5,0,0
BRDA:68,6,0,0
BRDA:68,6,1,0
BRF:14
BRH:0
end_of_record
TN:
SF:src/scripts/utils/layout-utilities.js
FN:9,initializeResponsiveLayouts
FN:29,updateResponsiveClasses
FN:53,debounce
FN:55,(anonymous_3)
FN:59,(anonymous_4)
FN:66,initializeExpandableCodeBlocks
FN:67,(anonymous_6)
FN:73,(anonymous_7)
FN:87,makeTablesResponsive
FN:88,(anonymous_9)
FN:105,optimizeImages
FN:106,(anonymous_11)
FN:111,(anonymous_12)
FN:127,createGrid
FN:140,equalizeHeights
FN:145,(anonymous_15)
FN:149,(anonymous_16)
FN:157,(anonymous_17)
FN:166,createMasonryLayout
FN:175,(anonymous_19)
FN:184,(anonymous_20)
FN:198,(anonymous_21)
FN:222,applyLayoutTemplate
FN:232,(anonymous_23)
FN:260,initializeLightbox
FN:283,(anonymous_25)
FN:287,(anonymous_26)
FN:291,(anonymous_27)
FN:296,(anonymous_28)
FN:303,(anonymous_29)
FN:321,(anonymous_30)
FN:325,(anonymous_31)
FN:353,navigateLightbox
FNF:33
FNH:0
FNDA:0,initializeResponsiveLayouts
FNDA:0,updateResponsiveClasses
FNDA:0,debounce
FNDA:0,(anonymous_3)
FNDA:0,(anonymous_4)
FNDA:0,initializeExpandableCodeBlocks
FNDA:0,(anonymous_6)
FNDA:0,(anonymous_7)
FNDA:0,makeTablesResponsive
FNDA:0,(anonymous_9)
FNDA:0,optimizeImages
FNDA:0,(anonymous_11)
FNDA:0,(anonymous_12)
FNDA:0,createGrid
FNDA:0,equalizeHeights
FNDA:0,(anonymous_15)
FNDA:0,(anonymous_16)
FNDA:0,(anonymous_17)
FNDA:0,createMasonryLayout
FNDA:0,(anonymous_19)
FNDA:0,(anonymous_20)
FNDA:0,(anonymous_21)
FNDA:0,applyLayoutTemplate
FNDA:0,(anonymous_23)
FNDA:0,initializeLightbox
FNDA:0,(anonymous_25)
FNDA:0,(anonymous_26)
FNDA:0,(anonymous_27)
FNDA:0,(anonymous_28)
FNDA:0,(anonymous_29)
FNDA:0,(anonymous_30)
FNDA:0,(anonymous_31)
FNDA:0,navigateLightbox
DA:11,0
DA:14,0
DA:17,0
DA:20,0
DA:23,0
DA:30,0
DA:31,0
DA:34,0
DA:37,0
DA:38,0
DA:39,0
DA:40,0
DA:41,0
DA:42,0
DA:43,0
DA:44,0
DA:46,0
DA:55,0
DA:56,0
DA:57,0
DA:58,0
DA:59,0
DA:67,0
DA:69,0
DA:70,0
DA:73,0
DA:74,0
DA:75,0
DA:77,0
DA:88,0
DA:90,0
DA:93,0
DA:94,0
DA:97,0
DA:98,0
DA:106,0
DA:108,0
DA:111,0
DA:112,0
DA:113,0
DA:114,0
DA:115,0
DA:116,0
DA:128,0
DA:129,0
DA:131,0
DA:132,0
DA:133,0
DA:141,0
DA:142,0
DA:145,0
DA:148,0
DA:149,0
DA:150,0
DA:151,0
DA:152,0
DA:157,0
DA:167,0
DA:168,0
DA:169,0
DA:172,0
DA:175,0
DA:176,0
DA:177,0
DA:178,0
DA:182,0
DA:183,0
DA:184,0
DA:185,0
DA:187,0
DA:191,0
DA:192,0
DA:195,0
DA:198,0
DA:200,0
DA:201,0
DA:204,0
DA:205,0
DA:206,0
DA:207,0
DA:210,0
DA:214,0
DA:223,0
DA:224,0
DA:227,0
DA:232,0
DA:235,0
DA:238,0
DA:241,0
DA:242,0
DA:246,0
DA:247,0
DA:251,0
DA:252,0
DA:261,0
DA:262,0
DA:265,0
DA:266,0
DA:267,0
DA:268,0
DA:269,0
DA:270,0
DA:280,0
DA:283,0
DA:284,0
DA:287,0
DA:288,0
DA:291,0
DA:292,0
DA:296,0
DA:297,0
DA:298,0
DA:303,0
DA:304,0
DA:306,0
DA:307,0
DA:308,0
DA:309,0
DA:310,0
DA:311,0
DA:317,0
DA:318,0
DA:321,0
DA:322,0
DA:323,0
DA:325,0
DA:327,0
DA:328,0
DA:329,0
DA:332,0
DA:333,0
DA:335,0
DA:336,0
DA:339,0
DA:340,0
DA:341,0
DA:343,0
DA:344,0
DA:348,0
DA:354,0
DA:355,0
DA:356,0
DA:357,0
DA:359,0
DA:360,0
DA:365,0
DA:368,0
LF:147
LH:0
BRDA:37,0,0,0
BRDA:37,0,1,0
BRDA:39,1,0,0
BRDA:39,1,1,0
BRDA:41,2,0,0
BRDA:41,2,1,0
BRDA:43,3,0,0
BRDA:43,3,1,0
BRDA:69,4,0,0
BRDA:69,4,1,0
BRDA:74,5,0,0
BRDA:74,5,1,0
BRDA:90,6,0,0
BRDA:90,6,1,0
BRDA:127,7,0,0
BRDA:129,8,0,0
BRDA:129,8,1,0
BRDA:142,9,0,0
BRDA:142,9,1,0
BRDA:151,10,0,0
BRDA:151,10,1,0
BRDA:166,11,0,0
BRDA:169,12,0,0
BRDA:169,12,1,0
BRDA:169,13,0,0
BRDA:169,13,1,0
BRDA:182,14,0,0
BRDA:182,14,1,0
BRDA:224,15,0,0
BRDA:224,15,1,0
BRDA:238,16,0,0
BRDA:238,16,1,0
BRDA:238,16,2,0
BRDA:262,17,0,0
BRDA:262,17,1,0
BRDA:266,18,0,0
BRDA:266,18,1,0
BRDA:297,19,0,0
BRDA:297,19,1,0
BRDA:304,20,0,0
BRDA:304,20,1,0
BRDA:306,21,0,0
BRDA:306,21,1,0
BRDA:308,22,0,0
BRDA:308,22,1,0
BRDA:310,23,0,0
BRDA:310,23,1,0
BRDA:322,24,0,0
BRDA:322,24,1,0
BRDA:336,25,0,0
BRDA:336,25,1,0
BRDA:339,26,0,0
BRDA:339,26,1,0
BRDA:360,27,0,0
BRDA:360,27,1,0
BRF:55
BRH:0
end_of_record
TN:
SF:src/scripts/utils/lazy-loader.js
FN:15,(anonymous_0)
FN:59,(anonymous_1)
FN:97,(anonymous_2)
FN:98,(anonymous_3)
FN:106,(anonymous_4)
FN:121,(anonymous_5)
FN:122,(anonymous_6)
FN:132,(anonymous_7)
FN:133,(anonymous_8)
FN:134,(anonymous_9)
FN:136,(anonymous_10)
FN:146,(anonymous_11)
FN:167,(anonymous_12)
FN:191,(anonymous_13)
FN:194,(anonymous_14)
FN:258,(anonymous_15)
FN:289,(anonymous_16)
FN:315,(anonymous_17)
FN:331,(anonymous_18)
FN:333,(anonymous_19)
FN:347,(anonymous_20)
FN:362,(anonymous_21)
FN:378,(anonymous_22)
FN:394,(anonymous_23)
FN:397,(anonymous_24)
FN:404,(anonymous_25)
FN:417,(anonymous_26)
FN:428,(anonymous_27)
FN:446,(anonymous_28)
FN:449,(anonymous_29)
FN:462,(anonymous_30)
FN:476,(anonymous_31)
FN:477,(anonymous_32)
FN:478,(anonymous_33)
FNF:34
FNH:0
FNDA:0,(anonymous_0)
FNDA:0,(anonymous_1)
FNDA:0,(anonymous_2)
FNDA:0,(anonymous_3)
FNDA:0,(anonymous_4)
FNDA:0,(anonymous_5)
FNDA:0,(anonymous_6)
FNDA:0,(anonymous_7)
FNDA:0,(anonymous_8)
FNDA:0,(anonymous_9)
FNDA:0,(anonymous_10)
FNDA:0,(anonymous_11)
FNDA:0,(anonymous_12)
FNDA:0,(anonymous_13)
FNDA:0,(anonymous_14)
FNDA:0,(anonymous_15)
FNDA:0,(anonymous_16)
FNDA:0,(anonymous_17)
FNDA:0,(anonymous_18)
FNDA:0,(anonymous_19)
FNDA:0,(anonymous_20)
FNDA:0,(anonymous_21)
FNDA:0,(anonymous_22)
FNDA:0,(anonymous_23)
FNDA:0,(anonymous_24)
FNDA:0,(anonymous_25)
FNDA:0,(anonymous_26)
FNDA:0,(anonymous_27)
FNDA:0,(anonymous_28)
FNDA:0,(anonymous_29)
FNDA:0,(anonymous_30)
FNDA:0,(anonymous_31)
FNDA:0,(anonymous_32)
FNDA:0,(anonymous_33)
DA:21,0
DA:28,0
DA:35,0
DA:42,0
DA:49,0
DA:60,0
DA:63,0
DA:64,0
DA:67,0
DA:68,0
DA:72,0
DA:81,0
DA:84,0
DA:86,0
DA:87,0
DA:98,0
DA:99,0
DA:100,0
DA:103,0
DA:106,0
DA:107,0
DA:110,0
DA:122,0
DA:123,0
DA:133,0
DA:134,0
DA:135,0
DA:136,0
DA:138,0
DA:140,0
DA:141,0
DA:145,0
DA:146,0
DA:147,0
DA:156,0
DA:169,0
DA:172,0
DA:173,0
DA:174,0
DA:178,0
DA:179,0
DA:180,0
DA:184,0
DA:187,0
DA:188,0
DA:191,0
DA:192,0
DA:194,0
DA:195,0
DA:199,0
DA:202,0
DA:205,0
DA:206,0
DA:207,0
DA:208,0
DA:209,0
DA:213,0
DA:216,0
DA:217,0
DA:221,0
DA:224,0
DA:227,0
DA:230,0
DA:231,0
DA:235,0
DA:237,0
DA:238,0
DA:239,0
DA:242,0
DA:247,0
DA:249,0
DA:260,0
DA:261,0
DA:265,0
DA:268,0
DA:269,0
DA:272,0
DA:275,0
DA:276,0
DA:277,0
DA:280,0
DA:291,0
DA:292,0
DA:296,0
DA:297,0
DA:298,0
DA:304,0
DA:305,0
DA:317,0
DA:318,0
DA:319,0
DA:327,0
DA:328,0
DA:331,0
DA:333,0
DA:334,0
DA:335,0
DA:349,0
DA:350,0
DA:353,0
DA:356,0
DA:357,0
DA:361,0
DA:362,0
DA:363,0
DA:368,0
DA:379,0
DA:381,0
DA:383,0
DA:384,0
DA:387,0
DA:395,0
DA:397,0
DA:399,0
DA:400,0
DA:404,0
DA:405,0
DA:406,0
DA:410,0
DA:418,0
DA:421,0
DA:424,0
DA:425,0
DA:428,0
DA:429,0
DA:430,0
DA:431,0
DA:433,0
DA:434,0
DA:435,0
DA:436,0
DA:437,0
DA:438,0
DA:442,0
DA:445,0
DA:447,0
DA:450,0
DA:453,0
DA:463,0
DA:464,0
DA:477,0
DA:478,0
DA:479,0
DA:480,0
DA:487,0
LF:145
LH:0
BRDA:59,0,0,0
BRDA:60,1,0,0
BRDA:60,1,1,0
BRDA:63,2,0,0
BRDA:63,2,1,0
BRDA:67,3,0,0
BRDA:67,3,1,0
BRDA:99,4,0,0
BRDA:99,4,1,0
BRDA:135,5,0,0
BRDA:135,5,1,0
BRDA:138,6,0,0
BRDA:138,6,1,0
BRDA:140,7,0,0
BRDA:140,7,1,0
BRDA:140,8,0,0
BRDA:140,8,1,0
BRDA:172,9,0,0
BRDA:172,9,1,0
BRDA:172,10,0,0
BRDA:172,10,1,0
BRDA:173,11,0,0
BRDA:173,11,1,0
BRDA:178,12,0,0
BRDA:178,12,1,0
BRDA:205,13,0,0
BRDA:205,13,1,0
BRDA:216,14,0,0
BRDA:216,14,1,0
BRDA:260,15,0,0
BRDA:260,15,1,0
BRDA:260,16,0,0
BRDA:260,16,1,0
BRDA:268,17,0,0
BRDA:268,17,1,0
BRDA:275,18,0,0
BRDA:275,18,1,0
BRDA:275,19,0,0
BRDA:275,19,1,0
BRDA:291,20,0,0
BRDA:291,20,1,0
BRDA:361,21,0,0
BRDA:361,21,1,0
BRDA:383,22,0,0
BRDA:383,22,1,0
BRDA:399,23,0,0
BRDA:399,23,1,0
BRDA:431,24,0,0
BRDA:431,24,1,0
BRDA:447,25,0,0
BRDA:447,25,1,0
BRDA:465,26,0,0
BRDA:465,26,1,0
BRDA:465,26,2,0
BRDA:465,26,3,0
BRDA:467,27,0,0
BRDA:467,27,1,0
BRDA:468,28,0,0
BRDA:468,28,1,0
BRF:59
BRH:0
end_of_record
TN:
SF:src/scripts/utils/print-helper.js
FN:12,initPrintHelper
FN:28,(anonymous_1)
FN:36,(anonymous_2)
FN:40,(anonymous_3)
FN:44,(anonymous_4)
FN:48,(anonymous_5)
FN:55,(anonymous_6)
FN:69,showPrintDialog
FN:172,(anonymous_8)
FN:194,(anonymous_9)
FN:205,(anonymous_10)
FN:212,(anonymous_11)
FN:228,handlePrint
FN:241,(anonymous_13)
FN:243,(anonymous_14)
FN:256,(anonymous_15)
FN:275,(anonymous_16)
FN:288,(anonymous_17)
FN:325,(anonymous_18)
FN:345,isElementVisible
FNF:20
FNH:0
FNDA:0,initPrintHelper
FNDA:0,(anonymous_1)
FNDA:0,(anonymous_2)
FNDA:0,(anonymous_3)
FNDA:0,(anonymous_4)
FNDA:0,(anonymous_5)
FNDA:0,(anonymous_6)
FNDA:0,showPrintDialog
FNDA:0,(anonymous_8)
FNDA:0,(anonymous_9)
FNDA:0,(anonymous_10)
FNDA:0,(anonymous_11)
FNDA:0,handlePrint
FNDA:0,(anonymous_13)
FNDA:0,(anonymous_14)
FNDA:0,(anonymous_15)
FNDA:0,(anonymous_16)
FNDA:0,(anonymous_17)
FNDA:0,(anonymous_18)
FNDA:0,isElementVisible
DA:13,0
DA:20,0
DA:23,0
DA:24,0
DA:25,0
DA:26,0
DA:27,0
DA:28,0
DA:30,0
DA:31,0
DA:32,0
DA:36,0
DA:37,0
DA:40,0
DA:41,0
DA:44,0
DA:45,0
DA:48,0
DA:49,0
DA:54,0
DA:55,0
DA:57,0
DA:58,0
DA:59,0
DA:71,0
DA:74,0
DA:77,0
DA:78,0
DA:79,0
DA:80,0
DA:82,0
DA:85,0
DA:86,0
DA:87,0
DA:88,0
DA:89,0
DA:90,0
DA:91,0
DA:92,0
DA:95,0
DA:96,0
DA:97,0
DA:98,0
DA:99,0
DA:100,0
DA:101,0
DA:102,0
DA:105,0
DA:106,0
DA:107,0
DA:108,0
DA:109,0
DA:110,0
DA:111,0
DA:112,0
DA:114,0
DA:115,0
DA:118,0
DA:119,0
DA:120,0
DA:121,0
DA:123,0
DA:126,0
DA:127,0
DA:128,0
DA:129,0
DA:130,0
DA:131,0
DA:132,0
DA:133,0
DA:136,0
DA:137,0
DA:138,0
DA:139,0
DA:140,0
DA:141,0
DA:142,0
DA:143,0
DA:146,0
DA:147,0
DA:148,0
DA:149,0
DA:150,0
DA:151,0
DA:152,0
DA:153,0
DA:155,0
DA:156,0
DA:158,0
DA:161,0
DA:173,0
DA:182,0
DA:183,0
DA:190,0
DA:191,0
DA:192,0
DA:194,0
DA:195,0
DA:196,0
DA:197,0
DA:199,0
DA:200,0
DA:201,0
DA:205,0
DA:206,0
DA:207,0
DA:208,0
DA:212,0
DA:213,0
DA:214,0
DA:215,0
DA:220,0
DA:230,0
DA:233,0
DA:235,0
DA:236,0
DA:237,0
DA:241,0
DA:242,0
DA:243,0
DA:244,0
DA:248,0
DA:253,0
DA:254,0
DA:256,0
DA:258,0
DA:261,0
DA:262,0
DA:266,0
DA:272,0
DA:273,0
DA:275,0
DA:276,0
DA:280,0
DA:285,0
DA:286,0
DA:288,0
DA:289,0
DA:293,0
DA:298,0
DA:300,0
DA:302,0
DA:303,0
DA:313,0
DA:317,0
DA:318,0
DA:322,0
DA:325,0
DA:326,0
DA:330,0
DA:331,0
DA:335,0
DA:336,0
DA:346,0
LF:154
LH:0
BRDA:12,0,0,0
BRDA:23,1,0,0
BRDA:23,1,1,0
BRDA:30,2,0,0
BRDA:30,2,1,0
BRDA:31,3,0,0
BRDA:31,3,1,0
BRDA:54,4,0,0
BRDA:54,4,1,0
BRDA:57,5,0,0
BRDA:57,5,1,0
BRDA:57,6,0,0
BRDA:57,6,1,0
BRDA:57,6,2,0
BRDA:199,7,0,0
BRDA:199,7,1,0
BRDA:206,8,0,0
BRDA:206,8,1,0
BRDA:213,9,0,0
BRDA:213,9,1,0
BRDA:235,10,0,0
BRDA:235,10,1,0
BRDA:253,11,0,0
BRDA:253,11,1,0
BRDA:258,12,0,0
BRDA:258,12,1,0
BRDA:258,12,2,0
BRDA:258,12,3,0
BRDA:261,13,0,0
BRDA:261,13,1,0
BRDA:272,14,0,0
BRDA:272,14,1,0
BRDA:285,15,0,0
BRDA:285,15,1,0
BRDA:300,16,0,0
BRDA:300,16,1,0
BRDA:317,17,0,0
BRDA:317,17,1,0
BRDA:330,18,0,0
BRDA:330,18,1,0
BRDA:335,19,0,0
BRDA:335,19,1,0
BRDA:347,20,0,0
BRDA:347,20,1,0
BRDA:347,20,2,0
BRF:45
BRH:0
end_of_record
TN:
SF:src/scripts/utils/search.js
FN:17,(anonymous_0)
FN:86,(anonymous_1)
FN:102,(anonymous_2)
FN:179,(anonymous_3)
FN:183,(anonymous_4)
FN:198,(anonymous_5)
FN:220,(anonymous_6)
FN:222,(anonymous_7)
FN:227,(anonymous_8)
FN:232,(anonymous_9)
FN:237,(anonymous_10)
FN:253,(anonymous_11)
FN:272,(anonymous_12)
FN:283,(anonymous_13)
FN:293,(anonymous_14)
FN:306,(anonymous_15)
FN:319,(anonymous_16)
FN:324,(anonymous_17)
FN:343,(anonymous_18)
FN:360,(anonymous_19)
FN:367,(anonymous_20)
FN:443,(anonymous_21)
FN:457,(anonymous_22)
FN:466,(anonymous_23)
FN:483,(anonymous_24)
FN:513,(anonymous_25)
FN:531,(anonymous_26)
FN:551,(anonymous_27)
FN:569,(anonymous_28)
FN:571,(anonymous_29)
FN:579,(anonymous_30)
FN:598,(anonymous_31)
FN:611,(anonymous_32)
FNF:33
FNH:0
FNDA:0,(anonymous_0)
FNDA:0,(anonymous_1)
FNDA:0,(anonymous_2)
FNDA:0,(anonymous_3)
FNDA:0,(anonymous_4)
FNDA:0,(anonymous_5)
FNDA:0,(anonymous_6)
FNDA:0,(anonymous_7)
FNDA:0,(anonymous_8)
FNDA:0,(anonymous_9)
FNDA:0,(anonymous_10)
FNDA:0,(anonymous_11)
FNDA:0,(anonymous_12)
FNDA:0,(anonymous_13)
FNDA:0,(anonymous_14)
FNDA:0,(anonymous_15)
FNDA:0,(anonymous_16)
FNDA:0,(anonymous_17)
FNDA:0,(anonymous_18)
FNDA:0,(anonymous_19)
FNDA:0,(anonymous_20)
FNDA:0,(anonymous_21)
FNDA:0,(anonymous_22)
FNDA:0,(anonymous_23)
FNDA:0,(anonymous_24)
FNDA:0,(anonymous_25)
FNDA:0,(anonymous_26)
FNDA:0,(anonymous_27)
FNDA:0,(anonymous_28)
FNDA:0,(anonymous_29)
FNDA:0,(anonymous_30)
FNDA:0,(anonymous_31)
FNDA:0,(anonymous_32)
DA:23,0
DA:30,0
DA:37,0
DA:44,0
DA:51,0
DA:58,0
DA:65,0
DA:72,0
DA:79,0
DA:87,0
DA:89,0
DA:90,0
DA:91,0
DA:93,0
DA:94,0
DA:104,0
DA:106,0
DA:107,0
DA:108,0
DA:109,0
DA:110,0
DA:111,0
DA:112,0
DA:115,0
DA:116,0
DA:118,0
DA:119,0
DA:120,0
DA:121,0
DA:123,0
DA:124,0
DA:125,0
DA:126,0
DA:127,0
DA:129,0
DA:132,0
DA:133,0
DA:135,0
DA:136,0
DA:137,0
DA:138,0
DA:141,0
DA:142,0
DA:143,0
DA:144,0
DA:145,0
DA:146,0
DA:147,0
DA:149,0
DA:152,0
DA:153,0
DA:154,0
DA:155,0
DA:158,0
DA:161,0
DA:162,0
DA:163,0
DA:164,0
DA:167,0
DA:168,0
DA:169,0
DA:170,0
DA:180,0
DA:183,0
DA:184,0
DA:185,0
DA:186,0
DA:188,0
DA:198,0
DA:199,0
DA:200,0
DA:201,0
DA:203,0
DA:212,0
DA:222,0
DA:223,0
DA:227,0
DA:228,0
DA:232,0
DA:233,0
DA:237,0
DA:238,0
DA:239,0
DA:240,0
DA:241,0
DA:242,0
DA:243,0
DA:244,0
DA:245,0
DA:246,0
DA:247,0
DA:248,0
DA:253,0
DA:254,0
DA:255,0
DA:256,0
DA:257,0
DA:258,0
DA:260,0
DA:261,0
DA:262,0
DA:263,0
DA:264,0
DA:267,0
DA:268,0
DA:271,0
DA:272,0
DA:273,0
DA:274,0
DA:283,0
DA:285,0
DA:287,0
DA:288,0
DA:293,0
DA:294,0
DA:295,0
DA:296,0
DA:307,0
DA:308,0
DA:310,0
DA:311,0
DA:312,0
DA:313,0
DA:314,0
DA:318,0
DA:320,0
DA:321,0
DA:322,0
DA:326,0
DA:327,0
DA:330,0
DA:331,0
DA:332,0
DA:334,0
DA:335,0
DA:338,0
DA:343,0
DA:345,0
DA:346,0
DA:348,0
DA:352,0
DA:361,0
DA:363,0
DA:364,0
DA:365,0
DA:367,0
DA:368,0
DA:369,0
DA:370,0
DA:371,0
DA:374,0
DA:375,0
DA:376,0
DA:377,0
DA:378,0
DA:379,0
DA:386,0
DA:387,0
DA:388,0
DA:389,0
DA:392,0
DA:393,0
DA:394,0
DA:396,0
DA:397,0
DA:398,0
DA:399,0
DA:402,0
DA:403,0
DA:405,0
DA:406,0
DA:410,0
DA:411,0
DA:412,0
DA:413,0
DA:417,0
DA:418,0
DA:419,0
DA:420,0
DA:425,0
DA:428,0
DA:431,0
DA:432,0
DA:433,0
DA:434,0
DA:444,0
DA:446,0
DA:447,0
DA:448,0
DA:450,0
DA:459,0
DA:462,0
DA:463,0
DA:466,0
DA:467,0
DA:471,0
DA:474,0
DA:475,0
DA:485,0
DA:486,0
DA:489,0
DA:492,0
DA:495,0
DA:496,0
DA:497,0
DA:498,0
DA:501,0
DA:502,0
DA:503,0
DA:504,0
DA:514,0
DA:517,0
DA:520,0
DA:523,0
DA:532,0
DA:535,0
DA:538,0
DA:543,0
DA:552,0
DA:554,0
DA:558,0
DA:559,0
DA:560,0
DA:570,0
DA:571,0
DA:580,0
DA:582,0
DA:583,0
DA:584,0
DA:586,0
DA:587,0
DA:588,0
DA:589,0
DA:590,0
DA:593,0
DA:594,0
DA:597,0
DA:598,0
DA:599,0
DA:600,0
DA:612,0
DA:617,0
LF:242
LH:0
BRDA:87,0,0,0
BRDA:87,0,1,0
BRDA:104,1,0,0
BRDA:104,1,1,0
BRDA:185,2,0,0
BRDA:185,2,1,0
BRDA:238,3,0,0
BRDA:238,3,1,0
BRDA:240,4,0,0
BRDA:240,4,1,0
BRDA:243,5,0,0
BRDA:243,5,1,0
BRDA:246,6,0,0
BRDA:246,6,1,0
BRDA:255,7,0,0
BRDA:255,7,1,0
BRDA:257,8,0,0
BRDA:257,8,1,0
BRDA:260,9,0,0
BRDA:260,9,1,0
BRDA:261,10,0,0
BRDA:261,10,1,0
BRDA:263,11,0,0
BRDA:263,11,1,0
BRDA:285,12,0,0
BRDA:285,12,1,0
BRDA:285,13,0,0
BRDA:285,13,1,0
BRDA:285,13,2,0
BRDA:285,13,3,0
BRDA:285,13,4,0
BRDA:294,14,0,0
BRDA:294,14,1,0
BRDA:294,15,0,0
BRDA:294,15,1,0
BRDA:310,16,0,0
BRDA:310,16,1,0
BRDA:322,17,0,0
BRDA:322,17,1,0
BRDA:331,18,0,0
BRDA:331,18,1,0
BRDA:334,19,0,0
BRDA:334,19,1,0
BRDA:345,20,0,0
BRDA:345,20,1,0
BRDA:375,21,0,0
BRDA:375,21,1,0
BRDA:378,22,0,0
BRDA:378,22,1,0
BRDA:392,23,0,0
BRDA:392,23,1,0
BRDA:392,24,0,0
BRDA:392,24,1,0
BRDA:396,25,0,0
BRDA:396,25,1,0
BRDA:402,26,0,0
BRDA:402,26,1,0
BRDA:405,27,0,0
BRDA:405,27,1,0
BRDA:412,28,0,0
BRDA:412,28,1,0
BRDA:474,29,0,0
BRDA:474,29,1,0
BRDA:502,30,0,0
BRDA:502,30,1,0
BRDA:514,31,0,0
BRDA:514,31,1,0
BRDA:532,32,0,0
BRDA:532,32,1,0
BRDA:538,33,0,0
BRDA:538,33,1,0
BRDA:552,34,0,0
BRDA:552,34,1,0
BRDA:558,35,0,0
BRDA:558,35,1,0
BRDA:580,36,0,0
BRDA:580,36,1,0
BRDA:580,37,0,0
BRDA:580,37,1,0
BRDA:583,38,0,0
BRDA:583,38,1,0
BRDA:583,39,0,0
BRDA:583,39,1,0
BRDA:586,40,0,0
BRDA:586,40,1,0
BRDA:587,41,0,0
BRDA:587,41,1,0
BRDA:589,42,0,0
BRDA:589,42,1,0
BRF:89
BRH:0
end_of_record
TN:
SF:src/styles/index.js
FNF:0
FNH:0
LF:0
LH:0
BRF:0
BRH:0
end_of_record
TN:
SF:src/styles/content/index.js
FNF:0
FNH:0
LF:0
LH:0
BRF:0
BRH:0
end_of_record
